
The default interactive shell is now zsh.
To update your account to use zsh, please run `chsh -s /bin/zsh`.
For more details, please visit https://support.apple.com/kb/HT208050.
BLR1MRSDSP0002:android_plugin_account_center a803506$ cd ../
BLR1MRSDSP0002:AndroidStudioProjects a803506$ ci/all.sh
bash: ci/all.sh: No such file or directory
BLR1MRSDSP0002:AndroidStudioProjects a803506$ ls
AndroidxMigrate                 MergeNotes                      Stud                            android_uat_container_app
App Center                      MyApplication                   TestApp                         bash_profile_bkup
Backups                         Omni-Notes                      android_plugin_account_center   zshrc_bkup
BLR1MRSDSP0002:AndroidStudioProjects a803506$ cd android_plugin_account_center
BLR1MRSDSP0002:android_plugin_account_center a803506$ cd android_plugin_account_center
bash: cd: android_plugin_account_center: No such file or directory
BLR1MRSDSP0002:android_plugin_account_center a803506$ ci/all.sh
Using rake 13.0.3
Following files may not be writable, so sudo is needed:
  /Library/Ruby/Gems/2.6.0
  /Library/Ruby/Gems/2.6.0/build_info
  /Library/Ruby/Gems/2.6.0/cache
  /Library/Ruby/Gems/2.6.0/doc
  /Library/Ruby/Gems/2.6.0/extensions
  /Library/Ruby/Gems/2.6.0/gems
  /Library/Ruby/Gems/2.6.0/specifications
Using CFPropertyList 3.0.3
Using public_suffix 4.0.6
Using addressable 2.7.0
Using artifactory 3.0.15
Using atomos 0.1.3
Using aws-eventstream 1.1.1
Using aws-partitions 1.446.0
Using aws-sigv4 1.2.3
Using jmespath 1.4.0
Using aws-sdk-core 3.114.0
Using aws-sdk-kms 1.43.0
Using aws-sdk-s3 1.93.1
Using babosa 1.0.4
Using bundler 2.2.16
Using claide 1.0.3
Using colored 1.2
Using colored2 3.1.2
Using highline 1.7.10
Using commander-fastlane 4.4.6
Using declarative 0.0.20
Using digest-crc 0.6.3
Using unf_ext 0.0.7.7
Using unf 0.1.4
Using domain_name 0.5.20190701
Using dotenv 2.7.6
Using emoji_regex 3.2.2
Using excon 0.80.1
Using faraday-excon 1.1.0
Using faraday-net_http 1.0.1
Using faraday-net_http_persistent 1.1.0
Using multipart-post 2.0.0
Using ruby2_keywords 0.0.4
Using faraday 1.4.1
Using http-cookie 1.0.3
Using faraday-cookie_jar 0.0.7
Using faraday_middleware 1.0.0
Using fastimage 2.2.3
Using gh_inspector 1.1.3
Using jwt 2.2.3
Using memoist 0.16.2
Using multi_json 1.15.0
Using os 1.1.1
Using signet 0.15.0
Using googleauth 0.16.1
Using httpclient 2.8.3
Using mini_mime 1.1.0
Using trailblazer-option 0.1.1
Using uber 0.1.0
Using representable 3.1.1
Using retriable 3.1.2
Using google-api-client 0.38.0
Using rexml 3.2.5
Using webrick 1.7.0
Using google-apis-core 0.3.0
Using google-apis-iamcredentials_v1 0.3.0
Using google-apis-storage_v1 0.3.0
Using google-cloud-env 1.5.0
Using google-cloud-errors 1.1.0
Using google-cloud-core 1.6.0
Using google-cloud-storage 1.31.0
Using json 2.5.1
Using mini_magick 4.11.0
Using naturally 2.2.1
Using plist 3.6.0
Using rubyzip 2.3.0
Using security 0.1.3
Using simctl 1.6.8
Using slack-notifier 2.3.2
Using terminal-notifier 2.0.0
Using unicode-display_width 1.7.0
Using terminal-table 1.8.0
Using tty-screen 0.8.1
Using tty-cursor 0.7.1
Using tty-spinner 0.9.3
Using word_wrap 1.0.0
Using nanaimo 0.3.0
Using xcodeproj 1.19.0
Using rouge 2.0.7
Using xcpretty 0.3.0
Using xcpretty-travis-formatter 1.0.1
Using fastlane 2.181.0
Using fastlane-plugin-appcenter 1.8.1
Bundle complete! 2 Gemfile dependencies, 83 gems now installed.
Use `bundle info [gemname]` to see where a bundled gem is installed.
[âœ”] ðŸš€ 
+---------------------------+---------+---------------------------------------------------------+
|                                         Used plugins                                          |
+---------------------------+---------+---------------------------------------------------------+
| Plugin                    | Version | Action                                                  |
+---------------------------+---------+---------------------------------------------------------+
| fastlane-plugin-appcenter | 1.8.1   | appcenter_fetch_version_number appcenter_fetch_devices  |
|                           |         | appcenter_upload                                        |
+---------------------------+---------+---------------------------------------------------------+

[20:20:48]: ------------------------------
[20:20:48]: --- Step: default_platform ---
[20:20:48]: ------------------------------
[20:20:48]: Driving the lane 'android all' ðŸš€
[20:20:48]: -----------------------------------------------------
[20:20:48]: --- Step: Switch to android sethockeyversion lane ---
[20:20:48]: -----------------------------------------------------
[20:20:48]: Cruising over to lane 'android sethockeyversion' ðŸš–
[20:20:48]: Cruising back to lane 'android all' ðŸš˜
[20:20:48]: ---------------------------------------------
[20:20:48]: --- Step: Switch to android buildall lane ---
[20:20:48]: ---------------------------------------------
[20:20:48]: Cruising over to lane 'android buildall' ðŸš–
[20:20:48]: Cleaning accountcenter-sample
[20:20:48]: -------------------
[20:20:48]: --- Step: clean ---
[20:20:48]: -------------------
[20:20:48]: $ /Users/a803506/AndroidStudioProjects/android_plugin_account_center/accountcenter-sample/gradlew clean -p accountcenter-sample
[20:20:49]: â–¸ Starting a Gradle Daemon, 1 incompatible Daemon could not be reused, use --status for details
[20:20:55]: â–¸ > Configure project :accountcenter
[20:20:55]: â–¸ **** JOHN AccountCenter uploadArchives ****
[20:20:55]: â–¸ ---Starting NAC uploadArchives---
[20:20:55]: â–¸ **** JOHN AccountCenter UPLOAD TO DEV ****
[20:20:55]: â–¸ :::  NAC Uploading to snapshots.. for the task: [clean]
[20:20:55]: â–¸ **** JOHN AccountCenter USERNAME: admin ****
[20:20:55]: â–¸ **** JOHN AccountCenter TOKEN: wkmpr32ogwcxdvre3wtxbm4zgmf6cds27o35mhvxvp7743s7kj3a ****
[20:20:55]: â–¸ ==================== Attach lint task to compileDebugSources
[20:20:57]: â–¸ > Configure project :app
[20:20:57]: â–¸ registerResGeneratingTask is deprecated, use registerGeneratedResFolders(FileCollection)
[20:20:57]: â–¸ registerResGeneratingTask is deprecated, use registerGeneratedResFolders(FileCollection)
[20:20:57]: â–¸ > Configure project :dualcard
[20:20:57]: â–¸ ---Starting dualCard uploadArchives---
[20:20:57]: â–¸ **** JOHN DUALCARD UPLOAD TO DEV ****
[20:20:57]: â–¸ :::  DualCard Uploading to snapshots with task: [clean]
[20:20:57]: â–¸ ====================Dual card Attach lint task to compileDebugSources
[20:21:01]: â–¸ > Task :accountcenter:clean
[20:21:17]: â–¸ > Task :app:clean
[20:21:18]: â–¸ > Task :dualcard:clean
[20:21:18]: â–¸ Warning: Failed to parse host acolbcpsg01
[20:21:18]: â–¸ Warning: Failed to parse host acolbcpsg01
[20:21:18]: â–¸ Warning: Failed to parse host acolbcpsg01
[20:21:18]: â–¸ Warning: Failed to parse host acolbcpsg01
[20:21:18]: â–¸ Warning: Failed to parse host acolbcpsg01
[20:21:18]: â–¸ Warning: Failed to parse host acolbcpsg01
[20:21:18]: â–¸ Deprecated Gradle features were used in this build, making it incompatible with Gradle 6.0.
[20:21:18]: â–¸ Use '--warning-mode all' to show the individual deprecation warnings.
[20:21:18]: â–¸ See https://docs.gradle.org/5.4.1/userguide/command_line_interface.html#sec:command_line_warnings
[20:21:18]: â–¸ BUILD SUCCESSFUL in 29s
[20:21:18]: â–¸ 3 actionable tasks: 3 executed
[20:21:19]: assembleDebug accountcenter-sample
[20:21:19]: ---------------------------
[20:21:19]: --- Step: assembleDebug ---
[20:21:19]: ---------------------------
[20:21:19]: $ /Users/a803506/AndroidStudioProjects/android_plugin_account_center/accountcenter-sample/gradlew assembleDebug -p accountcenter-sample
[20:21:19]: â–¸ > Configure project :accountcenter
[20:21:19]: â–¸ **** JOHN AccountCenter uploadArchives ****
[20:21:19]: â–¸ ---Starting NAC uploadArchives---
[20:21:19]: â–¸ **** JOHN AccountCenter UPLOAD TO DEV ****
[20:21:19]: â–¸ :::  NAC Uploading to snapshots.. for the task: [assembleDebug]
[20:21:19]: â–¸ **** JOHN AccountCenter USERNAME: admin ****
[20:21:19]: â–¸ **** JOHN AccountCenter TOKEN: wkmpr32ogwcxdvre3wtxbm4zgmf6cds27o35mhvxvp7743s7kj3a ****
[20:21:19]: â–¸ ==================== Attach lint task to compileDebugSources
[20:21:20]: â–¸ > Configure project :app
[20:21:20]: â–¸ registerResGeneratingTask is deprecated, use registerGeneratedResFolders(FileCollection)
[20:21:20]: â–¸ registerResGeneratingTask is deprecated, use registerGeneratedResFolders(FileCollection)
[20:21:20]: â–¸ > Configure project :dualcard
[20:21:20]: â–¸ ---Starting dualCard uploadArchives---
[20:21:20]: â–¸ **** JOHN DUALCARD UPLOAD TO DEV ****
[20:21:20]: â–¸ :::  DualCard Uploading to snapshots with task: [assembleDebug]
[20:21:20]: â–¸ ====================Dual card Attach lint task to compileDebugSources
[20:21:21]: â–¸ > Task :accountcenter:preBuild UP-TO-DATE
[20:21:21]: â–¸ > Task :accountcenter:preDebugBuild UP-TO-DATE
[20:21:21]: â–¸ > Task :accountcenter:compileDebugAidl NO-SOURCE
[20:21:21]: â–¸ > Task :accountcenter:checkDebugManifest
[20:21:21]: â–¸ > Task :accountcenter:compileDebugRenderscript NO-SOURCE
[20:21:21]: â–¸ > Task :accountcenter:generateDebugBuildConfig
[20:21:21]: â–¸ > Task :accountcenter:generateDebugResValues
[20:21:21]: â–¸ > Task :accountcenter:generateDebugResources
[20:21:22]: â–¸ > Task :accountcenter:packageDebugResources
[20:21:22]: â–¸ > Task :accountcenter:mergeDebugShaders
[20:21:22]: â–¸ > Task :accountcenter:compileDebugShaders
[20:21:22]: â–¸ > Task :accountcenter:generateDebugAssets
[20:21:22]: â–¸ > Task :accountcenter:packageDebugAssets
[20:21:22]: â–¸ > Task :accountcenter:packageDebugRenderscript NO-SOURCE
[20:21:22]: â–¸ > Task :accountcenter:prepareLintJarForPublish UP-TO-DATE
[20:21:22]: â–¸ > Task :accountcenter:processDebugJavaRes NO-SOURCE
[20:21:22]: â–¸ > Task :accountcenter:mergeDebugJniLibFolders
[20:21:22]: â–¸ > Task :accountcenter:processDebugManifest
[20:21:22]: â–¸ > Task :accountcenter:javaPreCompileDebug
[20:21:22]: â–¸ > Task :accountcenter:preReleaseBuild UP-TO-DATE
[20:21:22]: â–¸ > Task :accountcenter:compileReleaseAidl NO-SOURCE
[20:21:22]: â–¸ > Task :accountcenter:compileReleaseRenderscript NO-SOURCE
[20:21:22]: â–¸ > Task :accountcenter:checkReleaseManifest
[20:21:22]: â–¸ > Task :accountcenter:generateReleaseBuildConfig
[20:21:22]: â–¸ > Task :accountcenter:generateReleaseResValues
[20:21:22]: â–¸ > Task :accountcenter:generateReleaseResources
[20:21:22]: â–¸ > Task :accountcenter:packageReleaseResources
[20:21:22]: â–¸ > Task :accountcenter:parseDebugLibraryResources
[20:21:22]: â–¸ > Task :accountcenter:prepareLintJar UP-TO-DATE
[20:21:22]: â–¸ > Task :accountcenter:processReleaseManifest
[20:21:22]: â–¸ > Task :accountcenter:mergeDebugNativeLibs
[20:21:22]: â–¸ > Task :accountcenter:stripDebugDebugSymbols
[20:21:22]: â–¸ > Task :accountcenter:transformNativeLibsWithSyncJniLibsForDebug
[20:21:22]: â–¸ > Task :accountcenter:javaPreCompileRelease
[20:21:24]: â–¸ > Task :accountcenter:mergeDebugResources
[20:21:24]: â–¸ > Task :accountcenter:parseReleaseLibraryResources
[20:21:24]: â–¸ > Task :accountcenter:generateDebugRFile
[20:21:26]: â–¸ > Task :accountcenter:compileDebugJavaWithJavac
[20:21:26]: â–¸ Gradle may disable incremental compilation as the following annotation processors are not incremental: dagger-compiler-1.2.2-jar-with-dependencies.jar (dagger-compiler-1.2.2-jar-with-dependencies.jar).
[20:21:26]: â–¸ Consider setting the experimental feature flag android.enableSeparateAnnotationProcessing=true in the gradle.properties file to run annotation processing in a separate task and make compilation incremental.
[20:21:33]: â–¸ Note: Some input files use or override a deprecated API.
[20:21:33]: â–¸ Note: Recompile with -Xlint:deprecation for details.
[20:21:33]: â–¸ Note: Some input files use unchecked or unsafe operations.
[20:21:33]: â–¸ Note: Recompile with -Xlint:unchecked for details.
[20:21:41]: â–¸ > Task :accountcenter:extractDebugAnnotations
[20:21:41]: â–¸ > Task :accountcenter:mergeDebugGeneratedProguardFiles UP-TO-DATE
[20:21:41]: â–¸ > Task :accountcenter:mergeDebugConsumerProguardFiles
[20:21:41]: â–¸ > Task :accountcenter:generateReleaseRFile
[20:21:43]: â–¸ > Task :accountcenter:compileReleaseJavaWithJavac
[20:21:43]: â–¸ Gradle may disable incremental compilation as the following annotation processors are not incremental: dagger-compiler-1.2.2-jar-with-dependencies.jar (dagger-compiler-1.2.2-jar-with-dependencies.jar).
[20:21:43]: â–¸ Consider setting the experimental feature flag android.enableSeparateAnnotationProcessing=true in the gradle.properties file to run annotation processing in a separate task and make compilation incremental.
[20:21:47]: â–¸ Note: Some input files use or override a deprecated API.
[20:21:47]: â–¸ Note: Recompile with -Xlint:deprecation for details.
[20:21:47]: â–¸ Note: Some input files use unchecked or unsafe operations.
[20:21:47]: â–¸ Note: Recompile with -Xlint:unchecked for details.
[20:22:11]: â–¸ > Task :accountcenter:jacocoDebug
[20:22:11]: â–¸ > Task :accountcenter:mergeDebugJavaResource
[20:22:18]: â–¸ > Task :accountcenter:lint
[20:22:29]: â–¸ Ran lint on variant debug: 0 issues found
[20:22:29]: â–¸ Ran lint on variant release: 0 issues found
[20:22:29]: â–¸ > Task :accountcenter:compileDebugSources
[20:22:31]: â–¸ > Task :accountcenter:transformClassesAndResourcesWithSyncLibJarsForDebug
[20:22:31]: â–¸ > Task :accountcenter:bundleDebugAar
[20:22:31]: â–¸ > Task :accountcenter:assembleDebug
[20:22:32]: â–¸ > Task :app:preBuild UP-TO-DATE
[20:22:32]: â–¸ > Task :app:preDebugBuild UP-TO-DATE
[20:22:32]: â–¸ > Task :dualcard:preBuild UP-TO-DATE
[20:22:32]: â–¸ > Task :dualcard:preDebugBuild UP-TO-DATE
[20:22:32]: â–¸ > Task :dualcard:compileDebugAidl NO-SOURCE
[20:22:32]: â–¸ > Task :dualcard:packageDebugRenderscript NO-SOURCE
[20:22:32]: â–¸ > Task :app:checkDebugManifest
[20:22:32]: â–¸ > Task :app:generateDebugBuildConfig
[20:22:32]: â–¸ > Task :dualcard:checkDebugManifest
[20:22:32]: â–¸ > Task :dualcard:compileDebugRenderscript NO-SOURCE
[20:22:32]: â–¸ > Task :app:compileDebugAidl NO-SOURCE
[20:22:32]: â–¸ > Task :app:compileDebugRenderscript NO-SOURCE
[20:22:32]: â–¸ > Task :dualcard:generateDebugBuildConfig
[20:22:32]: â–¸ > Task :dualcard:generateDebugResValues
[20:22:32]: â–¸ > Task :dualcard:generateDebugResources
[20:22:32]: â–¸ > Task :dualcard:packageDebugResources
[20:22:32]: â–¸ > Task :dualcard:parseDebugLibraryResources
[20:22:32]: â–¸ > Task :dualcard:processDebugManifest
[20:22:32]: â–¸ > Task :app:mainApkListPersistenceDebug
[20:22:32]: â–¸ > Task :app:mergeDebugShaders
[20:22:32]: â–¸ > Task :app:compileDebugShaders
[20:22:32]: â–¸ > Task :app:generateDebugAssets
[20:22:32]: â–¸ > Task :dualcard:mergeDebugShaders
[20:22:32]: â–¸ > Task :dualcard:compileDebugShaders
[20:22:32]: â–¸ > Task :dualcard:generateDebugAssets
[20:22:32]: â–¸ > Task :dualcard:packageDebugAssets
[20:22:32]: â–¸ > Task :app:mergeDebugAssets
[20:22:32]: â–¸ > Task :app:writeDebugApplicationId
[20:22:32]: â–¸ > Task :app:processDebugGoogleServices
[20:22:32]: â–¸ Parsing json file: /Users/a803506/AndroidStudioProjects/android_plugin_account_center/accountcenter-sample/app/google-services.json
[20:22:32]: â–¸ > Task :app:createDebugCompatibleScreenManifests
[20:22:32]: â–¸ > Task :app:processDebugManifest
[20:22:32]: â–¸ > Task :app:fabricGenerateResourcesDebug
[20:22:32]: â–¸ > Task :app:generateDebugResValues
[20:22:32]: â–¸ > Task :app:generateDebugResources
[20:22:33]: â–¸ > Task :dualcard:generateDebugRFile
[20:22:33]: â–¸ > Task :accountcenter:bundleLibCompileDebug
[20:22:33]: â–¸ > Task :dualcard:javaPreCompileDebug
[20:22:34]: â–¸ > Task :dualcard:compileDebugJavaWithJavac
[20:22:34]: â–¸ Note: /Users/a803506/AndroidStudioProjects/android_plugin_account_center/accountcenter-sample/dualcard/src/main/java/com/ads/dualcard/utility/Utility.java uses or overrides a deprecated API.
[20:22:34]: â–¸ Note: Recompile with -Xlint:deprecation for details.
[20:22:34]: â–¸ Note: /Users/a803506/AndroidStudioProjects/android_plugin_account_center/accountcenter-sample/dualcard/src/main/java/com/ads/dualcard/ServiceProvider.java uses unchecked or unsafe operations.
[20:22:34]: â–¸ Note: Recompile with -Xlint:unchecked for details.
[20:22:34]: â–¸ > Task :app:mergeDebugResources
[20:22:36]: â–¸ > Task :app:processDebugResources
[20:22:36]: â–¸ > Task :dualcard:bundleLibCompileDebug
[20:22:36]: â–¸ > Task :app:processDebugJavaRes NO-SOURCE
[20:22:36]: â–¸ > Task :dualcard:processDebugJavaRes NO-SOURCE
[20:22:36]: â–¸ > Task :app:javaPreCompileDebug
[20:22:37]: â–¸ > Task :app:compileDebugJavaWithJavac
[20:22:37]: â–¸ Note: Some input files use or override a deprecated API.
[20:22:37]: â–¸ Note: Recompile with -Xlint:deprecation for details.
[20:22:37]: â–¸ > Task :app:compileDebugSources
[20:22:37]: â–¸ > Task :accountcenter:bundleLibResDebug
[20:22:37]: â–¸ > Task :dualcard:bundleLibResDebug
[20:22:37]: â–¸ > Task :app:checkDebugDuplicateClasses
[20:22:37]: â–¸ > Task :app:validateSigningDebug
[20:22:37]: â–¸ > Task :app:signingConfigWriterDebug
[20:22:37]: â–¸ > Task :dualcard:bundleLibRuntimeDebug
[20:22:37]: â–¸ > Task :accountcenter:transformNativeLibsWithIntermediateJniLibsForDebug
[20:22:37]: â–¸ > Task :app:mergeDebugJniLibFolders
[20:22:37]: â–¸ > Task :dualcard:mergeDebugJniLibFolders
[20:22:37]: â–¸ > Task :dualcard:extractDebugAnnotations
[20:22:37]: â–¸ > Task :dualcard:mergeDebugGeneratedProguardFiles UP-TO-DATE
[20:22:37]: â–¸ > Task :dualcard:mergeDebugConsumerProguardFiles UP-TO-DATE
[20:22:37]: â–¸ > Task :dualcard:prepareLintJarForPublish UP-TO-DATE
[20:22:37]: â–¸ > Task :dualcard:mergeDebugNativeLibs
[20:22:37]: â–¸ > Task :dualcard:stripDebugDebugSymbols
[20:22:37]: â–¸ > Task :dualcard:transformNativeLibsWithIntermediateJniLibsForDebug
[20:22:37]: â–¸ > Task :dualcard:transformNativeLibsWithSyncJniLibsForDebug
[20:22:37]: â–¸ > Task :dualcard:mergeDebugJavaResource
[20:22:37]: â–¸ > Task :dualcard:transformClassesAndResourcesWithSyncLibJarsForDebug
[20:22:37]: â–¸ > Task :dualcard:bundleDebugAar
[20:22:37]: â–¸ > Task :dualcard:preReleaseBuild UP-TO-DATE
[20:22:37]: â–¸ > Task :dualcard:compileReleaseAidl NO-SOURCE
[20:22:37]: â–¸ > Task :accountcenter:packageReleaseRenderscript NO-SOURCE
[20:22:37]: â–¸ > Task :dualcard:compileReleaseRenderscript NO-SOURCE
[20:22:37]: â–¸ > Task :dualcard:checkReleaseManifest
[20:22:37]: â–¸ > Task :dualcard:generateReleaseBuildConfig
[20:22:37]: â–¸ > Task :dualcard:generateReleaseResValues
[20:22:37]: â–¸ > Task :dualcard:generateReleaseResources
[20:22:37]: â–¸ > Task :dualcard:packageReleaseResources
[20:22:37]: â–¸ > Task :dualcard:parseReleaseLibraryResources
[20:22:37]: â–¸ > Task :dualcard:prepareLintJar UP-TO-DATE
[20:22:39]: â–¸ > Task :dualcard:mergeDebugResources
[20:22:39]: â–¸ > Task :app:mergeDebugJavaResource
[20:22:39]: â–¸ > Task :app:jacocoDebug
[20:22:39]: â–¸ > Task :app:mergeDebugNativeLibs
[20:22:39]: â–¸ > Task :app:stripDebugDebugSymbols
[20:22:39]: â–¸ > Task :accountcenter:bundleLibRuntimeDebug
[20:22:47]: â–¸ > Task :app:transformClassesWithFirebasePerformancePluginForDebug
[20:22:47]: â–¸ java.lang.ClassNotFoundException: android.graphics.fonts.Font
[20:22:47]: â–¸ java.lang.ClassNotFoundException: android.graphics.fonts.Font
[20:22:47]: â–¸ java.lang.ClassNotFoundException: android.graphics.fonts.Font
[20:22:47]: â–¸ java.lang.ClassNotFoundException: android.graphics.fonts.Font
[20:23:07]: â–¸ > Task :accountcenter:bundleLibCompileRelease
[20:23:07]: â–¸ > Task :dualcard:processReleaseManifest
[20:23:30]: â–¸ > Task :app:multiDexListDebug
[20:23:31]: â–¸ > Task :app:transformClassesWithDexBuilderForDebug
[20:23:32]: â–¸ > Task :dualcard:javaPreCompileRelease
[20:23:33]: â–¸ > Task :dualcard:generateReleaseRFile
[20:23:33]: â–¸ > Task :dualcard:compileReleaseJavaWithJavac
[20:23:33]: â–¸ Note: /Users/a803506/AndroidStudioProjects/android_plugin_account_center/accountcenter-sample/dualcard/src/main/java/com/ads/dualcard/utility/Utility.java uses or overrides a deprecated API.
[20:23:33]: â–¸ Note: Recompile with -Xlint:deprecation for details.
[20:23:33]: â–¸ Note: /Users/a803506/AndroidStudioProjects/android_plugin_account_center/accountcenter-sample/dualcard/src/main/java/com/ads/dualcard/ServiceProvider.java uses unchecked or unsafe operations.
[20:23:33]: â–¸ Note: Recompile with -Xlint:unchecked for details.
[20:23:38]: â–¸ > Task :dualcard:lint
[20:23:38]: â–¸ Ran lint on variant release: 0 issues found
[20:23:38]: â–¸ Ran lint on variant debug: 0 issues found
[20:23:38]: â–¸ > Task :dualcard:compileDebugSources
[20:23:38]: â–¸ > Task :dualcard:assembleDebug
[20:23:40]: â–¸ > Task :app:mergeDexDebug
[20:23:41]: â–¸ > Task :app:packageDebug
[20:23:41]: â–¸ > Task :app:assembleDebug
[20:23:41]: â–¸ Warning: Failed to parse host acolbcpsg01
[20:23:41]: â–¸ Warning: Failed to parse host acolbcpsg01
[20:23:41]: â–¸ Warning: Failed to parse host acolbcpsg01
[20:23:41]: â–¸ Warning: Failed to parse host acolbcpsg01
[20:23:41]: â–¸ Warning: Failed to parse host acolbcpsg01
[20:23:41]: â–¸ Warning: Failed to parse host acolbcpsg01
[20:23:41]: â–¸ Deprecated Gradle features were used in this build, making it incompatible with Gradle 6.0.
[20:23:41]: â–¸ Use '--warning-mode all' to show the individual deprecation warnings.
[20:23:41]: â–¸ See https://docs.gradle.org/5.4.1/userguide/command_line_interface.html#sec:command_line_warnings
[20:23:41]: â–¸ BUILD SUCCESSFUL in 2m 22s
[20:23:41]: â–¸ 109 actionable tasks: 102 executed, 7 up-to-date
[20:23:43]: assembleRelease accountcenter-sample
[20:23:43]: -----------------------------
[20:23:43]: --- Step: assembleRelease ---
[20:23:43]: -----------------------------
[20:23:43]: $ /Users/a803506/AndroidStudioProjects/android_plugin_account_center/accountcenter-sample/gradlew assembleRelease -p accountcenter-sample
[20:23:44]: â–¸ > Configure project :accountcenter
[20:23:44]: â–¸ **** JOHN AccountCenter uploadArchives ****
[20:23:44]: â–¸ ---Starting NAC uploadArchives---
[20:23:44]: â–¸ **** JOHN AccountCenter UPLOAD TO DEV ****
[20:23:44]: â–¸ :::  NAC Uploading to snapshots.. for the task: [assembleRelease]
[20:23:44]: â–¸ **** JOHN AccountCenter USERNAME: admin ****
[20:23:44]: â–¸ **** JOHN AccountCenter TOKEN: wkmpr32ogwcxdvre3wtxbm4zgmf6cds27o35mhvxvp7743s7kj3a ****
[20:23:44]: â–¸ ==================== Attach lint task to compileDebugSources
[20:23:44]: â–¸ > Configure project :app
[20:23:44]: â–¸ registerResGeneratingTask is deprecated, use registerGeneratedResFolders(FileCollection)
[20:23:44]: â–¸ registerResGeneratingTask is deprecated, use registerGeneratedResFolders(FileCollection)
[20:23:44]: â–¸ > Configure project :dualcard
[20:23:44]: â–¸ ---Starting dualCard uploadArchives---
[20:23:44]: â–¸ **** JOHN DUALCARD UPLOAD TO DEV ****
[20:23:44]: â–¸ :::  DualCard Uploading to snapshots with task: [assembleRelease]
[20:23:44]: â–¸ ====================Dual card Attach lint task to compileDebugSources
[20:23:45]: â–¸ > Task :accountcenter:preBuild UP-TO-DATE
[20:23:45]: â–¸ > Task :accountcenter:preReleaseBuild UP-TO-DATE
[20:23:45]: â–¸ > Task :accountcenter:checkReleaseManifest UP-TO-DATE
[20:23:45]: â–¸ > Task :accountcenter:generateReleaseBuildConfig UP-TO-DATE
[20:23:45]: â–¸ > Task :accountcenter:generateReleaseResValues UP-TO-DATE
[20:23:45]: â–¸ > Task :accountcenter:processReleaseManifest UP-TO-DATE
[20:23:45]: â–¸ > Task :accountcenter:javaPreCompileRelease UP-TO-DATE
[20:23:45]: â–¸ > Task :accountcenter:compileReleaseAidl NO-SOURCE
[20:23:45]: â–¸ > Task :accountcenter:compileReleaseRenderscript NO-SOURCE
[20:23:45]: â–¸ > Task :accountcenter:generateReleaseResources UP-TO-DATE
[20:23:45]: â–¸ > Task :accountcenter:packageReleaseResources UP-TO-DATE
[20:23:45]: â–¸ > Task :accountcenter:parseReleaseLibraryResources UP-TO-DATE
[20:23:45]: â–¸ > Task :accountcenter:generateReleaseRFile UP-TO-DATE
[20:23:45]: â–¸ > Task :accountcenter:compileReleaseJavaWithJavac UP-TO-DATE
[20:23:47]: â–¸ > Task :accountcenter:extractReleaseAnnotations
[20:23:47]: â–¸ > Task :accountcenter:mergeReleaseGeneratedProguardFiles UP-TO-DATE
[20:23:47]: â–¸ > Task :accountcenter:mergeReleaseConsumerProguardFiles
[20:23:47]: â–¸ > Task :accountcenter:mergeReleaseShaders
[20:23:47]: â–¸ > Task :accountcenter:compileReleaseShaders
[20:23:47]: â–¸ > Task :accountcenter:generateReleaseAssets
[20:23:47]: â–¸ > Task :accountcenter:packageReleaseAssets
[20:23:47]: â–¸ > Task :accountcenter:packageReleaseRenderscript NO-SOURCE
[20:23:47]: â–¸ > Task :accountcenter:prepareLintJarForPublish UP-TO-DATE
[20:23:47]: â–¸ > Task :accountcenter:processReleaseJavaRes NO-SOURCE
[20:23:47]: â–¸ > Task :accountcenter:mergeReleaseJniLibFolders
[20:23:47]: â–¸ > Task :accountcenter:mergeReleaseNativeLibs
[20:23:47]: â–¸ > Task :accountcenter:stripReleaseDebugSymbols
[20:23:47]: â–¸ > Task :accountcenter:transformNativeLibsWithSyncJniLibsForRelease
[20:23:48]: â–¸ > Task :accountcenter:mergeReleaseResources
[20:23:48]: â–¸ > Task :accountcenter:compileReleaseSources
[20:23:50]: â–¸ > Task :accountcenter:mergeReleaseJavaResource
[20:23:51]: â–¸ > Task :accountcenter:transformClassesAndResourcesWithSyncLibJarsForRelease
[20:23:52]: â–¸ > Task :accountcenter:bundleReleaseAar
[20:23:52]: â–¸ > Task :accountcenter:verifyReleaseResources
[20:23:52]: â–¸ > Task :accountcenter:assembleRelease
[20:23:52]: â–¸ > Task :accountcenter:bundleLibCompileRelease UP-TO-DATE
[20:23:52]: â–¸ > Task :app:preBuild UP-TO-DATE
[20:23:52]: â–¸ > Task :app:extractProguardFiles
[20:23:52]: â–¸ > Task :app:preReleaseBuild
[20:23:52]: â–¸ > Task :dualcard:preBuild UP-TO-DATE
[20:23:52]: â–¸ > Task :dualcard:preReleaseBuild UP-TO-DATE
[20:23:52]: â–¸ > Task :dualcard:compileReleaseAidl NO-SOURCE
[20:23:52]: â–¸ > Task :app:compileReleaseAidl NO-SOURCE
[20:23:52]: â–¸ > Task :dualcard:packageReleaseRenderscript NO-SOURCE
[20:23:52]: â–¸ > Task :app:compileReleaseRenderscript NO-SOURCE
[20:23:52]: â–¸ > Task :app:checkReleaseManifest
[20:23:52]: â–¸ > Task :app:generateReleaseBuildConfig
[20:23:52]: â–¸ > Task :dualcard:checkReleaseManifest UP-TO-DATE
[20:23:52]: â–¸ > Task :dualcard:compileReleaseRenderscript NO-SOURCE
[20:23:52]: â–¸ > Task :dualcard:generateReleaseBuildConfig UP-TO-DATE
[20:23:52]: â–¸ > Task :dualcard:generateReleaseResValues UP-TO-DATE
[20:23:52]: â–¸ > Task :dualcard:generateReleaseResources UP-TO-DATE
[20:23:52]: â–¸ > Task :dualcard:packageReleaseResources UP-TO-DATE
[20:23:52]: â–¸ > Task :dualcard:parseReleaseLibraryResources UP-TO-DATE
[20:23:52]: â–¸ > Task :dualcard:processReleaseManifest UP-TO-DATE
[20:23:52]: â–¸ > Task :dualcard:generateReleaseRFile UP-TO-DATE
[20:23:52]: â–¸ > Task :dualcard:javaPreCompileRelease UP-TO-DATE
[20:23:52]: â–¸ > Task :dualcard:compileReleaseJavaWithJavac UP-TO-DATE
[20:23:52]: â–¸ > Task :app:mainApkListPersistenceRelease
[20:23:52]: â–¸ > Task :app:mergeReleaseShaders
[20:23:52]: â–¸ > Task :app:compileReleaseShaders
[20:23:52]: â–¸ > Task :app:generateReleaseAssets
[20:23:52]: â–¸ > Task :dualcard:mergeReleaseShaders
[20:23:52]: â–¸ > Task :dualcard:compileReleaseShaders
[20:23:52]: â–¸ > Task :dualcard:generateReleaseAssets
[20:23:52]: â–¸ > Task :dualcard:packageReleaseAssets
[20:23:52]: â–¸ > Task :app:mergeReleaseAssets
[20:23:52]: â–¸ > Task :app:writeReleaseApplicationId
[20:23:52]: â–¸ > Task :app:processReleaseGoogleServices
[20:23:52]: â–¸ Parsing json file: /Users/a803506/AndroidStudioProjects/android_plugin_account_center/accountcenter-sample/app/google-services.json
[20:23:52]: â–¸ > Task :dualcard:bundleLibCompileRelease
[20:23:52]: â–¸ > Task :app:createReleaseCompatibleScreenManifests
[20:23:52]: â–¸ > Task :app:processReleaseManifest
[20:23:52]: â–¸ > Task :app:fabricGenerateResourcesRelease
[20:23:52]: â–¸ > Task :app:generateReleaseResValues
[20:23:52]: â–¸ > Task :app:generateReleaseResources
[20:23:53]: â–¸ > Task :app:validateSigningRelease
[20:23:53]: â–¸ > Task :app:signingConfigWriterRelease
[20:23:53]: â–¸ > Task :app:javaPreCompileRelease
[20:23:54]: â–¸ > Task :accountcenter:transformNativeLibsWithIntermediateJniLibsForRelease
[20:23:54]: â–¸ > Task :app:mergeReleaseJniLibFolders
[20:23:54]: â–¸ > Task :dualcard:processReleaseJavaRes NO-SOURCE
[20:23:54]: â–¸ > Task :dualcard:mergeReleaseJniLibFolders
[20:23:54]: â–¸ > Task :dualcard:mergeReleaseNativeLibs
[20:23:54]: â–¸ > Task :dualcard:stripReleaseDebugSymbols
[20:23:54]: â–¸ > Task :dualcard:transformNativeLibsWithIntermediateJniLibsForRelease
[20:23:54]: â–¸ > Task :dualcard:bundleLibResRelease
[20:23:54]: â–¸ > Task :app:processReleaseJavaRes NO-SOURCE
[20:23:54]: â–¸ > Task :accountcenter:bundleLibResRelease
[20:23:54]: â–¸ > Task :dualcard:mergeReleaseGeneratedProguardFiles UP-TO-DATE
[20:23:54]: â–¸ > Task :dualcard:mergeReleaseConsumerProguardFiles UP-TO-DATE
[20:23:54]: â–¸ > Task :dualcard:bundleLibRuntimeRelease
[20:23:54]: â–¸ > Task :app:prepareLintJar UP-TO-DATE
[20:23:54]: â–¸ > Task :dualcard:prepareLintJarForPublish UP-TO-DATE
[20:23:54]: â–¸ > Task :dualcard:extractReleaseAnnotations
[20:23:54]: â–¸ > Task :dualcard:transformNativeLibsWithSyncJniLibsForRelease
[20:23:55]: â–¸ > Task :dualcard:mergeReleaseResources
[20:23:55]: â–¸ > Task :dualcard:compileReleaseSources
[20:23:56]: â–¸ > Task :accountcenter:bundleLibRuntimeRelease
[20:23:56]: â–¸ > Task :dualcard:mergeReleaseJavaResource
[20:23:56]: â–¸ > Task :dualcard:transformClassesAndResourcesWithSyncLibJarsForRelease
[20:23:56]: â–¸ > Task :dualcard:bundleReleaseAar
[20:23:56]: â–¸ > Task :app:mergeReleaseNativeLibs
[20:23:56]: â–¸ > Task :app:stripReleaseDebugSymbols
[20:23:57]: â–¸ > Task :app:mergeReleaseResources
[20:23:58]: â–¸ > Task :app:processReleaseResources
[20:23:58]: â–¸ > Task :app:compileReleaseJavaWithJavac
[20:23:58]: â–¸ Note: Some input files use or override a deprecated API.
[20:23:58]: â–¸ Note: Recompile with -Xlint:deprecation for details.
[20:23:58]: â–¸ > Task :app:compileReleaseSources
[20:23:58]: â–¸ > Task :app:mergeReleaseGeneratedProguardFiles UP-TO-DATE
[20:24:05]: â–¸ > Task :app:transformClassesWithFirebasePerformancePluginForRelease
[20:24:05]: â–¸ java.lang.ClassNotFoundException: android.graphics.fonts.Font
[20:24:05]: â–¸ java.lang.ClassNotFoundException: android.graphics.fonts.Font
[20:24:05]: â–¸ java.lang.ClassNotFoundException: android.graphics.fonts.Font
[20:24:05]: â–¸ java.lang.ClassNotFoundException: android.graphics.fonts.Font
[20:24:12]: â–¸ > Task :app:lintVitalRelease
[20:24:13]: â–¸ > Task :dualcard:verifyReleaseResources
[20:24:13]: â–¸ > Task :dualcard:assembleRelease
[20:24:13]: â–¸ > Task :app:mergeReleaseJavaResource
[20:24:38]: â–¸ > Task :app:transformClassesAndResourcesWithR8ForRelease
[20:24:41]: â–¸ > Task :app:transformClassesAndDexWithShrinkResForRelease
[20:24:41]: â–¸ Removed unused resources: Binary resource data reduced from 1548KB to 1522KB: Removed 1%
[20:24:43]: â–¸ > Task :app:packageRelease
[20:24:43]: â–¸ > Task :app:crashlyticsStoreDeobsRelease
[20:24:43]: â–¸ > Task :app:crashlyticsUploadDeobsRelease
[20:24:43]: â–¸ WARN - Crashlytics had a problem uploading the deobs file. Please check network connectivity and try again.
[20:24:43]: â–¸ java.net.UnknownHostException: acolbcpsg01: nodename nor servname provided, or not known
[20:24:43]: â–¸ at java.net.Inet6AddressImpl.lookupAllHostAddr(Native Method)
[20:24:43]: â–¸ at java.net.InetAddress$2.lookupAllHostAddr(InetAddress.java:929)
[20:24:43]: â–¸ at java.net.InetAddress.getAddressesFromNameService(InetAddress.java:1324)
[20:24:43]: â–¸ at java.net.InetAddress.getAllByName0(InetAddress.java:1277)
[20:24:43]: â–¸ at java.net.InetAddress.getAllByName(InetAddress.java:1193)
[20:24:43]: â–¸ at java.net.InetAddress.getAllByName(InetAddress.java:1127)
[20:24:43]: â–¸ at com.crashlytics.reloc.org.apache.http.impl.conn.SystemDefaultDnsResolver.resolve(SystemDefaultDnsResolver.java:45)
[20:24:43]: â–¸ at com.crashlytics.reloc.org.apache.http.impl.conn.DefaultHttpClientConnectionOperator.connect(DefaultHttpClientConnectionOperator.java:112)
[20:24:43]: â–¸ at com.crashlytics.reloc.org.apache.http.impl.conn.PoolingHttpClientConnectionManager.connect(PoolingHttpClientConnectionManager.java:373)
[20:24:43]: â–¸ at com.crashlytics.reloc.org.apache.http.impl.execchain.MainClientExec.establishRoute(MainClientExec.java:402)
[20:24:43]: â–¸ at com.crashlytics.reloc.org.apache.http.impl.execchain.MainClientExec.execute(MainClientExec.java:237)
[20:24:43]: â–¸ at com.crashlytics.reloc.org.apache.http.impl.execchain.ProtocolExec.execute(ProtocolExec.java:185)
[20:24:43]: â–¸ at com.crashlytics.reloc.org.apache.http.impl.execchain.RetryExec.execute(RetryExec.java:89)
[20:24:43]: â–¸ at com.crashlytics.reloc.org.apache.http.impl.execchain.RedirectExec.execute(RedirectExec.java:110)
[20:24:43]: â–¸ at com.crashlytics.reloc.org.apache.http.impl.client.InternalHttpClient.doExecute(InternalHttpClient.java:185)
[20:24:43]: â–¸ at com.crashlytics.reloc.org.apache.http.impl.client.CloseableHttpClient.execute(CloseableHttpClient.java:83)
[20:24:43]: â–¸ at com.crashlytics.reloc.org.apache.http.impl.client.CloseableHttpClient.execute(CloseableHttpClient.java:108)
[20:24:43]: â–¸ at com.crashlytics.reloc.org.apache.http.impl.client.CloseableHttpClient.execute(CloseableHttpClient.java:56)
[20:24:43]: â–¸ at com.crashlytics.api.RestfulWebApi.sendFile(RestfulWebApi.java:704)
[20:24:43]: â–¸ at com.crashlytics.tools.android.project.DeobsUploader.uploadDeobsFile(DeobsUploader.java:60)
[20:24:43]: â–¸ at com.crashlytics.tools.android.project.DeobsUploader.uploadDeobfuscationFiles(DeobsUploader.java:37)
[20:24:43]: â–¸ at com.crashlytics.tools.android.DeveloperTools.processProperties(DeveloperTools.java:629)
[20:24:43]: â–¸ at com.crashlytics.tools.android.DeveloperTools.processArgsInternal(DeveloperTools.java:348)
[20:24:43]: â–¸ at com.crashlytics.tools.android.DeveloperTools.gradleMain(DeveloperTools.java:292)
[20:24:43]: â–¸ at sun.reflect.NativeMethodAccessorImpl.invoke0(Native Method)
[20:24:43]: â–¸ at sun.reflect.NativeMethodAccessorImpl.invoke(NativeMethodAccessorImpl.java:62)
[20:24:43]: â–¸ at sun.reflect.DelegatingMethodAccessorImpl.invoke(DelegatingMethodAccessorImpl.java:43)
[20:24:43]: â–¸ at java.lang.reflect.Method.invoke(Method.java:498)
[20:24:43]: â–¸ at org.codehaus.groovy.reflection.CachedMethod.invoke(CachedMethod.java:104)
[20:24:43]: â–¸ at groovy.lang.MetaMethod.doMethodInvoke(MetaMethod.java:326)
[20:24:43]: â–¸ at org.codehaus.groovy.runtime.callsite.StaticMetaMethodSite.invoke(StaticMetaMethodSite.java:46)
[20:24:43]: â–¸ at org.codehaus.groovy.runtime.callsite.StaticMetaMethodSite.call(StaticMetaMethodSite.java:91)
[20:24:43]: â–¸ at org.codehaus.groovy.runtime.callsite.AbstractCallSite.call(AbstractCallSite.java:127)
[20:24:43]: â–¸ at com.crashlytics.tools.gradle.tasks.FabricTaskBuilder.callDevtoolsWrappingRuntimeExceptions(FabricTaskBuilder.groovy:367)
[20:24:43]: â–¸ at com.crashlytics.tools.gradle.tasks.FabricTaskBuilder.this$2$callDevtoolsWrappingRuntimeExceptions(FabricTaskBuilder.groovy)
[20:24:43]: â–¸ at sun.reflect.NativeMethodAccessorImpl.invoke0(Native Method)
[20:24:43]: â–¸ at sun.reflect.NativeMethodAccessorImpl.invoke(NativeMethodAccessorImpl.java:62)
[20:24:43]: â–¸ at sun.reflect.DelegatingMethodAccessorImpl.invoke(DelegatingMethodAccessorImpl.java:43)
[20:24:43]: â–¸ at java.lang.reflect.Method.invoke(Method.java:498)
[20:24:43]: â–¸ at org.codehaus.groovy.reflection.CachedMethod.invoke(CachedMethod.java:104)
[20:24:43]: â–¸ at groovy.lang.MetaMethod.doMethodInvoke(MetaMethod.java:326)
[20:24:43]: â–¸ at org.codehaus.groovy.runtime.metaclass.ClosureMetaClass.invokeMethod(ClosureMetaClass.java:352)
[20:24:43]: â–¸ at org.codehaus.groovy.runtime.callsite.PogoMetaClassSite.callCurrent(PogoMetaClassSite.java:68)
[20:24:43]: â–¸ at org.codehaus.groovy.runtime.callsite.CallSiteArray.defaultCallCurrent(CallSiteArray.java:51)
[20:24:43]: â–¸ at org.codehaus.groovy.runtime.callsite.AbstractCallSite.callCurrent(AbstractCallSite.java:156)
[20:24:43]: â–¸ at org.codehaus.groovy.runtime.callsite.AbstractCallSite.callCurrent(AbstractCallSite.java:168)
[20:24:43]: â–¸ at com.crashlytics.tools.gradle.tasks.FabricTaskBuilder$_crashlyticsUploadDeobs_closure6.doCall(FabricTaskBuilder.groovy:180)
[20:24:43]: â–¸ at sun.reflect.NativeMethodAccessorImpl.invoke0(Native Method)
[20:24:43]: â–¸ at sun.reflect.NativeMethodAccessorImpl.invoke(NativeMethodAccessorImpl.java:62)
[20:24:43]: â–¸ at sun.reflect.DelegatingMethodAccessorImpl.invoke(DelegatingMethodAccessorImpl.java:43)
[20:24:43]: â–¸ at java.lang.reflect.Method.invoke(Method.java:498)
[20:24:43]: â–¸ at org.codehaus.groovy.reflection.CachedMethod.invoke(CachedMethod.java:104)
[20:24:43]: â–¸ at groovy.lang.MetaMethod.doMethodInvoke(MetaMethod.java:326)
[20:24:43]: â–¸ at org.codehaus.groovy.runtime.metaclass.ClosureMetaClass.invokeMethod(ClosureMetaClass.java:264)
[20:24:43]: â–¸ at groovy.lang.MetaClassImpl.invokeMethod(MetaClassImpl.java:1041)
[20:24:43]: â–¸ at groovy.lang.Closure.call(Closure.java:411)
[20:24:43]: â–¸ at groovy.lang.Closure.call(Closure.java:427)
[20:24:43]: â–¸ at org.gradle.api.internal.AbstractTask$ClosureTaskAction.execute(AbstractTask.java:645)
[20:24:43]: â–¸ at org.gradle.api.internal.AbstractTask$ClosureTaskAction.execute(AbstractTask.java:618)
[20:24:43]: â–¸ at org.gradle.api.internal.tasks.execution.ExecuteActionsTaskExecuter$5.run(ExecuteActionsTaskExecuter.java:404)
[20:24:43]: â–¸ at org.gradle.internal.operations.DefaultBuildOperationExecutor$RunnableBuildOperationWorker.execute(DefaultBuildOperationExecutor.java:402)
[20:24:43]: â–¸ at org.gradle.internal.operations.DefaultBuildOperationExecutor$RunnableBuildOperationWorker.execute(DefaultBuildOperationExecutor.java:394)
[20:24:43]: â–¸ at org.gradle.internal.operations.DefaultBuildOperationExecutor$1.execute(DefaultBuildOperationExecutor.java:165)
[20:24:43]: â–¸ at org.gradle.internal.operations.DefaultBuildOperationExecutor.execute(DefaultBuildOperationExecutor.java:250)
[20:24:43]: â–¸ at org.gradle.internal.operations.DefaultBuildOperationExecutor.execute(DefaultBuildOperationExecutor.java:158)
[20:24:43]: â–¸ at org.gradle.internal.operations.DefaultBuildOperationExecutor.run(DefaultBuildOperationExecutor.java:92)
[20:24:43]: â–¸ at org.gradle.internal.operations.DelegatingBuildOperationExecutor.run(DelegatingBuildOperationExecutor.java:31)
[20:24:43]: â–¸ at org.gradle.api.internal.tasks.execution.ExecuteActionsTaskExecuter.executeAction(ExecuteActionsTaskExecuter.java:393)
[20:24:43]: â–¸ at org.gradle.api.internal.tasks.execution.ExecuteActionsTaskExecuter.executeActions(ExecuteActionsTaskExecuter.java:376)
[20:24:43]: â–¸ at org.gradle.api.internal.tasks.execution.ExecuteActionsTaskExecuter.access$200(ExecuteActionsTaskExecuter.java:80)
[20:24:43]: â–¸ at org.gradle.api.internal.tasks.execution.ExecuteActionsTaskExecuter$TaskExecution.execute(ExecuteActionsTaskExecuter.java:213)
[20:24:43]: â–¸ at org.gradle.internal.execution.steps.ExecuteStep.lambda$execute$1(ExecuteStep.java:33)
[20:24:43]: â–¸ at java.util.Optional.orElseGet(Optional.java:267)
[20:24:43]: â–¸ at org.gradle.internal.execution.steps.ExecuteStep.execute(ExecuteStep.java:33)
[20:24:43]: â–¸ at org.gradle.internal.execution.steps.ExecuteStep.execute(ExecuteStep.java:26)
[20:24:43]: â–¸ at org.gradle.internal.execution.steps.CleanupOutputsStep.execute(CleanupOutputsStep.java:58)
[20:24:43]: â–¸ at org.gradle.internal.execution.steps.CleanupOutputsStep.execute(CleanupOutputsStep.java:35)
[20:24:43]: â–¸ at org.gradle.internal.execution.steps.ResolveInputChangesStep.execute(ResolveInputChangesStep.java:48)
[20:24:43]: â–¸ at org.gradle.internal.execution.steps.ResolveInputChangesStep.execute(ResolveInputChangesStep.java:33)
[20:24:43]: â–¸ at org.gradle.internal.execution.steps.CancelExecutionStep.execute(CancelExecutionStep.java:39)
[20:24:43]: â–¸ at org.gradle.internal.execution.steps.TimeoutStep.executeWithoutTimeout(TimeoutStep.java:73)
[20:24:43]: â–¸ at org.gradle.internal.execution.steps.TimeoutStep.execute(TimeoutStep.java:54)
[20:24:43]: â–¸ at org.gradle.internal.execution.steps.CatchExceptionStep.execute(CatchExceptionStep.java:35)
[20:24:43]: â–¸ at org.gradle.internal.execution.steps.CreateOutputsStep.execute(CreateOutputsStep.java:51)
[20:24:43]: â–¸ at org.gradle.internal.execution.steps.SnapshotOutputsStep.execute(SnapshotOutputsStep.java:45)
[20:24:43]: â–¸ at org.gradle.internal.execution.steps.SnapshotOutputsStep.execute(SnapshotOutputsStep.java:31)
[20:24:43]: â–¸ at org.gradle.internal.execution.steps.CacheStep.executeWithoutCache(CacheStep.java:201)
[20:24:43]: â–¸ at org.gradle.internal.execution.steps.CacheStep.execute(CacheStep.java:70)
[20:24:43]: â–¸ at org.gradle.internal.execution.steps.CacheStep.execute(CacheStep.java:45)
[20:24:43]: â–¸ at org.gradle.internal.execution.steps.BroadcastChangingOutputsStep.execute(BroadcastChangingOutputsStep.java:49)
[20:24:43]: â–¸ at org.gradle.internal.execution.steps.StoreSnapshotsStep.execute(StoreSnapshotsStep.java:43)
[20:24:43]: â–¸ at org.gradle.internal.execution.steps.StoreSnapshotsStep.execute(StoreSnapshotsStep.java:32)
[20:24:43]: â–¸ at org.gradle.internal.execution.steps.RecordOutputsStep.execute(RecordOutputsStep.java:38)
[20:24:43]: â–¸ at org.gradle.internal.execution.steps.RecordOutputsStep.execute(RecordOutputsStep.java:24)
[20:24:43]: â–¸ at org.gradle.internal.execution.steps.SkipUpToDateStep.executeBecause(SkipUpToDateStep.java:96)
[20:24:43]: â–¸ at org.gradle.internal.execution.steps.SkipUpToDateStep.lambda$execute$0(SkipUpToDateStep.java:89)
[20:24:43]: â–¸ at java.util.Optional.map(Optional.java:215)
[20:24:43]: â–¸ at org.gradle.internal.execution.steps.SkipUpToDateStep.execute(SkipUpToDateStep.java:54)
[20:24:43]: â–¸ at org.gradle.internal.execution.steps.SkipUpToDateStep.execute(SkipUpToDateStep.java:38)
[20:24:43]: â–¸ at org.gradle.internal.execution.steps.ResolveChangesStep.execute(ResolveChangesStep.java:77)
[20:24:43]: â–¸ at org.gradle.internal.execution.steps.ResolveChangesStep.execute(ResolveChangesStep.java:37)
[20:24:43]: â–¸ at org.gradle.internal.execution.steps.legacy.MarkSnapshottingInputsFinishedStep.execute(MarkSnapshottingInputsFinishedStep.java:36)
[20:24:43]: â–¸ at org.gradle.internal.execution.steps.legacy.MarkSnapshottingInputsFinishedStep.execute(MarkSnapshottingInputsFinishedStep.java:26)
[20:24:43]: â–¸ at org.gradle.internal.execution.steps.ResolveCachingStateStep.execute(ResolveCachingStateStep.java:90)
[20:24:43]: â–¸ at org.gradle.internal.execution.steps.ResolveCachingStateStep.execute(ResolveCachingStateStep.java:48)
[20:24:43]: â–¸ at org.gradle.internal.execution.impl.DefaultWorkExecutor.execute(DefaultWorkExecutor.java:33)
[20:24:43]: â–¸ at org.gradle.api.internal.tasks.execution.ExecuteActionsTaskExecuter.execute(ExecuteActionsTaskExecuter.java:120)
[20:24:43]: â–¸ at org.gradle.api.internal.tasks.execution.ResolveBeforeExecutionStateTaskExecuter.execute(ResolveBeforeExecutionStateTaskExecuter.java:75)
[20:24:43]: â–¸ at org.gradle.api.internal.tasks.execution.ValidatingTaskExecuter.execute(ValidatingTaskExecuter.java:62)
[20:24:43]: â–¸ at org.gradle.api.internal.tasks.execution.SkipEmptySourceFilesTaskExecuter.execute(SkipEmptySourceFilesTaskExecuter.java:108)
[20:24:43]: â–¸ at org.gradle.api.internal.tasks.execution.ResolveBeforeExecutionOutputsTaskExecuter.execute(ResolveBeforeExecutionOutputsTaskExecuter.java:67)
[20:24:43]: â–¸ at org.gradle.api.internal.tasks.execution.ResolveAfterPreviousExecutionStateTaskExecuter.execute(ResolveAfterPreviousExecutionStateTaskExecuter.java:46)
[20:24:43]: â–¸ at org.gradle.api.internal.tasks.execution.CleanupStaleOutputsExecuter.execute(CleanupStaleOutputsExecuter.java:94)
[20:24:43]: â–¸ at org.gradle.api.internal.tasks.execution.FinalizePropertiesTaskExecuter.execute(FinalizePropertiesTaskExecuter.java:46)
[20:24:43]: â–¸ at org.gradle.api.internal.tasks.execution.ResolveTaskExecutionModeExecuter.execute(ResolveTaskExecutionModeExecuter.java:95)
[20:24:43]: â–¸ at org.gradle.api.internal.tasks.execution.SkipTaskWithNoActionsExecuter.execute(SkipTaskWithNoActionsExecuter.java:57)
[20:24:43]: â–¸ at org.gradle.api.internal.tasks.execution.SkipOnlyIfTaskExecuter.execute(SkipOnlyIfTaskExecuter.java:56)
[20:24:43]: â–¸ at org.gradle.api.internal.tasks.execution.CatchExceptionTaskExecuter.execute(CatchExceptionTaskExecuter.java:36)
[20:24:43]: â–¸ at org.gradle.api.internal.tasks.execution.EventFiringTaskExecuter$1.executeTask(EventFiringTaskExecuter.java:73)
[20:24:43]: â–¸ at org.gradle.api.internal.tasks.execution.EventFiringTaskExecuter$1.call(EventFiringTaskExecuter.java:52)
[20:24:43]: â–¸ at org.gradle.api.internal.tasks.execution.EventFiringTaskExecuter$1.call(EventFiringTaskExecuter.java:49)
[20:24:43]: â–¸ at org.gradle.internal.operations.DefaultBuildOperationExecutor$CallableBuildOperationWorker.execute(DefaultBuildOperationExecutor.java:416)
[20:24:43]: â–¸ at org.gradle.internal.operations.DefaultBuildOperationExecutor$CallableBuildOperationWorker.execute(DefaultBuildOperationExecutor.java:406)
[20:24:43]: â–¸ at org.gradle.internal.operations.DefaultBuildOperationExecutor$1.execute(DefaultBuildOperationExecutor.java:165)
[20:24:43]: â–¸ at org.gradle.internal.operations.DefaultBuildOperationExecutor.execute(DefaultBuildOperationExecutor.java:250)
[20:24:43]: â–¸ at org.gradle.internal.operations.DefaultBuildOperationExecutor.execute(DefaultBuildOperationExecutor.java:158)
[20:24:43]: â–¸ at org.gradle.internal.operations.DefaultBuildOperationExecutor.call(DefaultBuildOperationExecutor.java:102)
[20:24:43]: â–¸ at org.gradle.internal.operations.DelegatingBuildOperationExecutor.call(DelegatingBuildOperationExecutor.java:36)
[20:24:43]: â–¸ at org.gradle.api.internal.tasks.execution.EventFiringTaskExecuter.execute(EventFiringTaskExecuter.java:49)
[20:24:43]: â–¸ at org.gradle.execution.plan.LocalTaskNodeExecutor.execute(LocalTaskNodeExecutor.java:43)
[20:24:43]: â–¸ at org.gradle.execution.taskgraph.DefaultTaskExecutionGraph$InvokeNodeExecutorsAction.execute(DefaultTaskExecutionGraph.java:355)
[20:24:43]: â–¸ at org.gradle.execution.taskgraph.DefaultTaskExecutionGraph$InvokeNodeExecutorsAction.execute(DefaultTaskExecutionGraph.java:343)
[20:24:43]: â–¸ at org.gradle.execution.taskgraph.DefaultTaskExecutionGraph$BuildOperationAwareExecutionAction.execute(DefaultTaskExecutionGraph.java:336)
[20:24:43]: â–¸ at org.gradle.execution.taskgraph.DefaultTaskExecutionGraph$BuildOperationAwareExecutionAction.execute(DefaultTaskExecutionGraph.java:322)
[20:24:43]: â–¸ at org.gradle.execution.plan.DefaultPlanExecutor$ExecutorWorker$1.execute(DefaultPlanExecutor.java:134)
[20:24:43]: â–¸ at org.gradle.execution.plan.DefaultPlanExecutor$ExecutorWorker$1.execute(DefaultPlanExecutor.java:129)
[20:24:43]: â–¸ at org.gradle.execution.plan.DefaultPlanExecutor$ExecutorWorker.execute(DefaultPlanExecutor.java:202)
[20:24:43]: â–¸ at org.gradle.execution.plan.DefaultPlanExecutor$ExecutorWorker.executeNextNode(DefaultPlanExecutor.java:193)
[20:24:43]: â–¸ at org.gradle.execution.plan.DefaultPlanExecutor$ExecutorWorker.run(DefaultPlanExecutor.java:129)
[20:24:43]: â–¸ at org.gradle.internal.concurrent.ExecutorPolicy$CatchAndRecordFailures.onExecute(ExecutorPolicy.java:63)
[20:24:43]: â–¸ at org.gradle.internal.concurrent.ManagedExecutorImpl$1.run(ManagedExecutorImpl.java:46)
[20:24:43]: â–¸ at java.util.concurrent.ThreadPoolExecutor.runWorker(ThreadPoolExecutor.java:1149)
[20:24:43]: â–¸ at java.util.concurrent.ThreadPoolExecutor$Worker.run(ThreadPoolExecutor.java:624)
[20:24:43]: â–¸ at org.gradle.internal.concurrent.ThreadFactoryImpl$ManagedThreadRunnable.run(ThreadFactoryImpl.java:55)
[20:24:43]: â–¸ at java.lang.Thread.run(Thread.java:748)
[20:24:43]: â–¸ > Task :app:assembleRelease
[20:24:43]: â–¸ Warning: Failed to parse host acolbcpsg01
[20:24:43]: â–¸ Warning: Failed to parse host acolbcpsg01
[20:24:43]: â–¸ Warning: Failed to parse host acolbcpsg01
[20:24:43]: â–¸ Warning: Failed to parse host acolbcpsg01
[20:24:43]: â–¸ Warning: Failed to parse host acolbcpsg01
[20:24:43]: â–¸ Warning: Failed to parse host acolbcpsg01
[20:24:43]: â–¸ Deprecated Gradle features were used in this build, making it incompatible with Gradle 6.0.
[20:24:43]: â–¸ Use '--warning-mode all' to show the individual deprecation warnings.
[20:24:43]: â–¸ See https://docs.gradle.org/5.4.1/userguide/command_line_interface.html#sec:command_line_warnings
[20:24:43]: â–¸ BUILD SUCCESSFUL in 1m 0s
[20:24:43]: â–¸ 90 actionable tasks: 64 executed, 26 up-to-date
[20:24:46]: Cruising back to lane 'android all' ðŸš˜
[20:24:46]: ------------------------------------------
[20:24:46]: --- Step: Switch to android tests lane ---
[20:24:46]: ------------------------------------------
[20:24:46]: Cruising over to lane 'android tests' ðŸš–
[20:24:46]: app:testDebug accountcenter-sample
[20:24:46]: ---------------------------
[20:24:46]: --- Step: app:testDebug ---
[20:24:46]: ---------------------------
[20:24:46]: $ /Users/a803506/AndroidStudioProjects/android_plugin_account_center/accountcenter-sample/gradlew app:testDebug -p accountcenter-sample
[20:24:47]: â–¸ > Configure project :accountcenter
[20:24:47]: â–¸ **** JOHN AccountCenter uploadArchives ****
[20:24:47]: â–¸ ---Starting NAC uploadArchives---
[20:24:47]: â–¸ **** JOHN AccountCenter UPLOAD TO DEV ****
[20:24:47]: â–¸ :::  NAC Uploading to snapshots.. for the task: [app:testDebug]
[20:24:47]: â–¸ **** JOHN AccountCenter USERNAME: admin ****
[20:24:47]: â–¸ **** JOHN AccountCenter TOKEN: wkmpr32ogwcxdvre3wtxbm4zgmf6cds27o35mhvxvp7743s7kj3a ****
[20:24:47]: â–¸ ==================== Attach lint task to compileDebugSources
[20:24:47]: â–¸ > Configure project :app
[20:24:47]: â–¸ registerResGeneratingTask is deprecated, use registerGeneratedResFolders(FileCollection)
[20:24:47]: â–¸ registerResGeneratingTask is deprecated, use registerGeneratedResFolders(FileCollection)
[20:24:47]: â–¸ > Configure project :dualcard
[20:24:47]: â–¸ ---Starting dualCard uploadArchives---
[20:24:47]: â–¸ **** JOHN DUALCARD UPLOAD TO DEV ****
[20:24:47]: â–¸ :::  DualCard Uploading to snapshots with task: [app:testDebug]
[20:24:47]: â–¸ ====================Dual card Attach lint task to compileDebugSources
[20:24:47]: â–¸ > Task :accountcenter:preBuild UP-TO-DATE
[20:24:47]: â–¸ > Task :accountcenter:preDebugBuild UP-TO-DATE
[20:24:47]: â–¸ > Task :accountcenter:checkDebugManifest UP-TO-DATE
[20:24:47]: â–¸ > Task :accountcenter:generateDebugBuildConfig UP-TO-DATE
[20:24:47]: â–¸ > Task :accountcenter:generateDebugResValues UP-TO-DATE
[20:24:47]: â–¸ > Task :accountcenter:processDebugManifest UP-TO-DATE
[20:24:47]: â–¸ > Task :accountcenter:javaPreCompileDebug UP-TO-DATE
[20:24:47]: â–¸ > Task :accountcenter:compileDebugAidl NO-SOURCE
[20:24:47]: â–¸ > Task :accountcenter:compileDebugRenderscript NO-SOURCE
[20:24:47]: â–¸ > Task :accountcenter:generateDebugResources UP-TO-DATE
[20:24:47]: â–¸ > Task :accountcenter:packageDebugResources UP-TO-DATE
[20:24:47]: â–¸ > Task :accountcenter:parseDebugLibraryResources UP-TO-DATE
[20:24:47]: â–¸ > Task :accountcenter:generateDebugRFile UP-TO-DATE
[20:24:47]: â–¸ > Task :accountcenter:compileDebugJavaWithJavac UP-TO-DATE
[20:24:47]: â–¸ > Task :accountcenter:processDebugJavaRes NO-SOURCE
[20:24:47]: â–¸ > Task :accountcenter:bundleLibResDebug UP-TO-DATE
[20:24:47]: â–¸ > Task :accountcenter:jacocoDebug UP-TO-DATE
[20:24:47]: â–¸ > Task :accountcenter:bundleLibRuntimeDebug UP-TO-DATE
[20:24:47]: â–¸ > Task :accountcenter:bundleLibCompileDebug UP-TO-DATE
[20:24:47]: â–¸ > Task :app:preBuild UP-TO-DATE
[20:24:47]: â–¸ > Task :app:preDebugBuild UP-TO-DATE
[20:24:47]: â–¸ > Task :dualcard:preBuild UP-TO-DATE
[20:24:47]: â–¸ > Task :dualcard:preDebugBuild UP-TO-DATE
[20:24:47]: â–¸ > Task :dualcard:compileDebugAidl NO-SOURCE
[20:24:47]: â–¸ > Task :app:compileDebugAidl NO-SOURCE
[20:24:47]: â–¸ > Task :accountcenter:packageDebugRenderscript NO-SOURCE
[20:24:47]: â–¸ > Task :dualcard:packageDebugRenderscript NO-SOURCE
[20:24:47]: â–¸ > Task :app:compileDebugRenderscript NO-SOURCE
[20:24:47]: â–¸ > Task :app:checkDebugManifest UP-TO-DATE
[20:24:47]: â–¸ > Task :app:generateDebugBuildConfig UP-TO-DATE
[20:24:47]: â–¸ > Task :dualcard:checkDebugManifest UP-TO-DATE
[20:24:47]: â–¸ > Task :dualcard:compileDebugRenderscript NO-SOURCE
[20:24:47]: â–¸ > Task :dualcard:generateDebugBuildConfig UP-TO-DATE
[20:24:47]: â–¸ > Task :dualcard:generateDebugResValues UP-TO-DATE
[20:24:47]: â–¸ > Task :dualcard:generateDebugResources UP-TO-DATE
[20:24:48]: â–¸ > Task :dualcard:packageDebugResources UP-TO-DATE
[20:24:48]: â–¸ > Task :dualcard:parseDebugLibraryResources UP-TO-DATE
[20:24:48]: â–¸ > Task :dualcard:processDebugManifest UP-TO-DATE
[20:24:48]: â–¸ > Task :dualcard:generateDebugRFile UP-TO-DATE
[20:24:48]: â–¸ > Task :dualcard:javaPreCompileDebug UP-TO-DATE
[20:24:48]: â–¸ > Task :dualcard:compileDebugJavaWithJavac UP-TO-DATE
[20:24:48]: â–¸ > Task :dualcard:bundleLibCompileDebug UP-TO-DATE
[20:24:48]: â–¸ > Task :app:javaPreCompileDebug UP-TO-DATE
[20:24:48]: â–¸ > Task :app:mainApkListPersistenceDebug UP-TO-DATE
[20:24:48]: â–¸ > Task :accountcenter:mergeDebugShaders UP-TO-DATE
[20:24:48]: â–¸ > Task :accountcenter:compileDebugShaders UP-TO-DATE
[20:24:48]: â–¸ > Task :accountcenter:generateDebugAssets UP-TO-DATE
[20:24:48]: â–¸ > Task :accountcenter:packageDebugAssets UP-TO-DATE
[20:24:48]: â–¸ > Task :app:mergeDebugShaders UP-TO-DATE
[20:24:48]: â–¸ > Task :app:compileDebugShaders UP-TO-DATE
[20:24:48]: â–¸ > Task :app:generateDebugAssets UP-TO-DATE
[20:24:48]: â–¸ > Task :dualcard:mergeDebugShaders UP-TO-DATE
[20:24:48]: â–¸ > Task :dualcard:compileDebugShaders UP-TO-DATE
[20:24:48]: â–¸ > Task :dualcard:generateDebugAssets UP-TO-DATE
[20:24:48]: â–¸ > Task :dualcard:packageDebugAssets UP-TO-DATE
[20:24:48]: â–¸ > Task :app:mergeDebugAssets UP-TO-DATE
[20:24:48]: â–¸ > Task :app:writeDebugApplicationId UP-TO-DATE
[20:24:48]: â–¸ > Task :app:processDebugGoogleServices
[20:24:48]: â–¸ Parsing json file: /Users/a803506/AndroidStudioProjects/android_plugin_account_center/accountcenter-sample/app/google-services.json
[20:24:48]: â–¸ > Task :app:createDebugCompatibleScreenManifests UP-TO-DATE
[20:24:48]: â–¸ > Task :app:generateDebugResValues UP-TO-DATE
[20:24:48]: â–¸ > Task :app:generateDebugResources UP-TO-DATE
[20:24:48]: â–¸ > Task :app:preDebugUnitTestBuild UP-TO-DATE
[20:24:48]: â–¸ > Task :app:processDebugManifest UP-TO-DATE
[20:24:48]: â–¸ > Task :app:fabricGenerateResourcesDebug
[20:24:48]: â–¸ > Task :app:processDebugJavaRes NO-SOURCE
[20:24:48]: â–¸ > Task :app:processDebugUnitTestJavaRes NO-SOURCE
[20:24:48]: â–¸ > Task :dualcard:processDebugJavaRes NO-SOURCE
[20:24:48]: â–¸ > Task :dualcard:bundleLibResDebug UP-TO-DATE
[20:24:48]: â–¸ > Task :dualcard:bundleLibRuntimeDebug UP-TO-DATE
[20:24:48]: â–¸ > Task :app:mergeDebugResources
[20:24:50]: â–¸ > Task :app:processDebugResources
[20:24:50]: â–¸ > Task :app:compileDebugJavaWithJavac
[20:24:50]: â–¸ Note: Some input files use or override a deprecated API.
[20:24:50]: â–¸ Note: Recompile with -Xlint:deprecation for details.
[20:24:50]: â–¸ > Task :app:packageDebugUnitTestForUnitTest
[20:24:50]: â–¸ > Task :app:javaPreCompileDebugUnitTest
[20:24:51]: â–¸ > Task :app:compileDebugUnitTestJavaWithJavac
[20:24:51]: â–¸ Note: Some input files use or override a deprecated API.
[20:24:51]: â–¸ Note: Recompile with -Xlint:deprecation for details.
[20:24:51]: â–¸ Note: Some input files use unchecked or unsafe operations.
[20:24:51]: â–¸ Note: Recompile with -Xlint:unchecked for details.
[20:24:51]: â–¸ > Task :app:generateDebugUnitTestConfig
[20:24:52]: â–¸ > Task :app:testDebugUnitTest FAILED
[20:24:52]: â–¸ Warning: Failed to parse host acolbcpsg01
[20:24:52]: â–¸ Warning: Failed to parse host acolbcpsg01
[20:24:52]: â–¸ Warning: Failed to parse host acolbcpsg01
[20:24:52]: â–¸ Warning: Failed to parse host acolbcpsg01
[20:24:52]: â–¸ Warning: Failed to parse host acolbcpsg01
[20:24:52]: â–¸ Warning: Failed to parse host acolbcpsg01
[20:24:52]: â–¸ FAILURE: Build failed with an exception.
[20:24:52]: â–¸ * What went wrong:
[20:24:52]: â–¸ Execution failed for task ':app:testDebugUnitTest'.
[20:24:52]: â–¸ > Could not resolve all files for configuration ':app:jacocoAgent'.
[20:24:52]: â–¸ > Could not download org.jacoco.agent.jar (org.jacoco:org.jacoco.agent:0.8.3)
[20:24:52]: â–¸ > Could not get resource 'https://jcenter.bintray.com/org/jacoco/org.jacoco.agent/0.8.3/org.jacoco.agent-0.8.3.jar'.
[20:24:52]: â–¸ > Could not GET 'https://jcenter.bintray.com/org/jacoco/org.jacoco.agent/0.8.3/org.jacoco.agent-0.8.3.jar'.
[20:24:52]: â–¸ > acolbcpsg01
[20:24:52]: â–¸ * Try:
[20:24:52]: â–¸ Run with --stacktrace option to get the stack trace. Run with --info or --debug option to get more log output. Run with --scan to get full insights.
[20:24:52]: â–¸ * Get more help at https://help.gradle.org
[20:24:52]: â–¸ Deprecated Gradle features were used in this build, making it incompatible with Gradle 6.0.
[20:24:52]: â–¸ Use '--warning-mode all' to show the individual deprecation warnings.
[20:24:52]: â–¸ See https://docs.gradle.org/5.4.1/userguide/command_line_interface.html#sec:command_line_warnings
[20:24:52]: â–¸ BUILD FAILED in 5s
[20:24:52]: â–¸ 52 actionable tasks: 10 executed, 42 up-to-date
+-------------------------------------+---------------------------------------------------------------------------------------+
|                                                        Lane Context                                                         |
+-------------------------------------+---------------------------------------------------------------------------------------+
| DEFAULT_PLATFORM                    | android                                                                               |
| PLATFORM_NAME                       | android                                                                               |
| LANE_NAME                           | android all                                                                           |
| GRADLE_ALL_APK_OUTPUT_PATHS         | ["/Users/a803506/AndroidStudioProjects/android_plugin_account_center/accountcenter-s  |
|                                     | ample/app/build/outputs/apk/release/app-release.apk",                                 |
|                                     | "/Users/a803506/AndroidStudioProjects/android_plugin_account_center/accountcenter-sa  |
|                                     | mple/app/build/outputs/apk/debug/app-debug.apk"]                                      |
| GRADLE_ALL_AAB_OUTPUT_PATHS         | []                                                                                    |
| GRADLE_ALL_OUTPUT_JSON_OUTPUT_PATHS | ["/Users/a803506/AndroidStudioProjects/android_plugin_account_center/accountcenter-s  |
|                                     | ample/app/build/outputs/apk/release/output.json",                                     |
|                                     | "/Users/a803506/AndroidStudioProjects/android_plugin_account_center/accountcenter-sa  |
|                                     | mple/app/build/outputs/apk/debug/output.json"]                                        |
| GRADLE_ALL_MAPPING_TXT_OUTPUT_PATHS | ["/Users/a803506/AndroidStudioProjects/android_plugin_account_center/accountcenter-s  |
|                                     | ample/app/build/outputs/mapping/release/mapping.txt"]                                 |
| GRADLE_APK_OUTPUT_PATH              | /Users/a803506/AndroidStudioProjects/android_plugin_account_center/accountcenter-sam  |
|                                     | ple/app/build/outputs/apk/release/app-release.apk                                     |
| GRADLE_OUTPUT_JSON_OUTPUT_PATH      | /Users/a803506/AndroidStudioProjects/android_plugin_account_center/accountcenter-sam  |
|                                     | ple/app/build/outputs/apk/release/output.json                                         |
| GRADLE_MAPPING_TXT_OUTPUT_PATH      | /Users/a803506/AndroidStudioProjects/android_plugin_account_center/accountcenter-sam  |
|                                     | ple/app/build/outputs/mapping/release/mapping.txt                                     |
+-------------------------------------+---------------------------------------------------------------------------------------+
[20:24:52]: Exit status of command '/Users/a803506/AndroidStudioProjects/android_plugin_account_center/accountcenter-sample/gradlew app:testDebug -p accountcenter-sample' was 1 instead of 0.

> Configure project :accountcenter
**** JOHN AccountCenter uploadArchives ****
---Starting NAC uploadArchives---
**** JOHN AccountCenter UPLOAD TO DEV ****
:::  NAC Uploading to snapshots.. for the task: [app:testDebug]
**** JOHN AccountCenter USERNAME: admin ****
**** JOHN AccountCenter TOKEN: wkmpr32ogwcxdvre3wtxbm4zgmf6cds27o35mhvxvp7743s7kj3a ****
==================== Attach lint task to compileDebugSources

> Configure project :app
registerResGeneratingTask is deprecated, use registerGeneratedResFolders(FileCollection)
registerResGeneratingTask is deprecated, use registerGeneratedResFolders(FileCollection)

> Configure project :dualcard
---Starting dualCard uploadArchives---
**** JOHN DUALCARD UPLOAD TO DEV ****
:::  DualCard Uploading to snapshots with task: [app:testDebug]
====================Dual card Attach lint task to compileDebugSources

> Task :accountcenter:preBuild UP-TO-DATE
> Task :accountcenter:preDebugBuild UP-TO-DATE
> Task :accountcenter:checkDebugManifest UP-TO-DATE
> Task :accountcenter:generateDebugBuildConfig UP-TO-DATE
> Task :accountcenter:generateDebugResValues UP-TO-DATE
> Task :accountcenter:processDebugManifest UP-TO-DATE
> Task :accountcenter:javaPreCompileDebug UP-TO-DATE
> Task :accountcenter:compileDebugAidl NO-SOURCE
> Task :accountcenter:compileDebugRenderscript NO-SOURCE
> Task :accountcenter:generateDebugResources UP-TO-DATE
> Task :accountcenter:packageDebugResources UP-TO-DATE
> Task :accountcenter:parseDebugLibraryResources UP-TO-DATE
> Task :accountcenter:generateDebugRFile UP-TO-DATE
> Task :accountcenter:compileDebugJavaWithJavac UP-TO-DATE
> Task :accountcenter:processDebugJavaRes NO-SOURCE
> Task :accountcenter:bundleLibResDebug UP-TO-DATE
> Task :accountcenter:jacocoDebug UP-TO-DATE
> Task :accountcenter:bundleLibRuntimeDebug UP-TO-DATE
> Task :accountcenter:bundleLibCompileDebug UP-TO-DATE
> Task :app:preBuild UP-TO-DATE
> Task :app:preDebugBuild UP-TO-DATE
> Task :dualcard:preBuild UP-TO-DATE
> Task :dualcard:preDebugBuild UP-TO-DATE
> Task :dualcard:compileDebugAidl NO-SOURCE
> Task :app:compileDebugAidl NO-SOURCE
> Task :accountcenter:packageDebugRenderscript NO-SOURCE
> Task :dualcard:packageDebugRenderscript NO-SOURCE
> Task :app:compileDebugRenderscript NO-SOURCE
> Task :app:checkDebugManifest UP-TO-DATE
> Task :app:generateDebugBuildConfig UP-TO-DATE
> Task :dualcard:checkDebugManifest UP-TO-DATE
> Task :dualcard:compileDebugRenderscript NO-SOURCE
> Task :dualcard:generateDebugBuildConfig UP-TO-DATE
> Task :dualcard:generateDebugResValues UP-TO-DATE
> Task :dualcard:generateDebugResources UP-TO-DATE
> Task :dualcard:packageDebugResources UP-TO-DATE
> Task :dualcard:parseDebugLibraryResources UP-TO-DATE
> Task :dualcard:processDebugManifest UP-TO-DATE
> Task :dualcard:generateDebugRFile UP-TO-DATE
> Task :dualcard:javaPreCompileDebug UP-TO-DATE
> Task :dualcard:compileDebugJavaWithJavac UP-TO-DATE
> Task :dualcard:bundleLibCompileDebug UP-TO-DATE
> Task :app:javaPreCompileDebug UP-TO-DATE
> Task :app:mainApkListPersistenceDebug UP-TO-DATE
> Task :accountcenter:mergeDebugShaders UP-TO-DATE
> Task :accountcenter:compileDebugShaders UP-TO-DATE
> Task :accountcenter:generateDebugAssets UP-TO-DATE
> Task :accountcenter:packageDebugAssets UP-TO-DATE
> Task :app:mergeDebugShaders UP-TO-DATE
> Task :app:compileDebugShaders UP-TO-DATE
> Task :app:generateDebugAssets UP-TO-DATE
> Task :dualcard:mergeDebugShaders UP-TO-DATE
> Task :dualcard:compileDebugShaders UP-TO-DATE
> Task :dualcard:generateDebugAssets UP-TO-DATE
> Task :dualcard:packageDebugAssets UP-TO-DATE
> Task :app:mergeDebugAssets UP-TO-DATE
> Task :app:writeDebugApplicationId UP-TO-DATE

> Task :app:processDebugGoogleServices
Parsing json file: /Users/a803506/AndroidStudioProjects/android_plugin_account_center/accountcenter-sample/app/google-services.json

> Task :app:createDebugCompatibleScreenManifests UP-TO-DATE
> Task :app:generateDebugResValues UP-TO-DATE
> Task :app:generateDebugResources UP-TO-DATE
> Task :app:preDebugUnitTestBuild UP-TO-DATE
> Task :app:processDebugManifest UP-TO-DATE
> Task :app:fabricGenerateResourcesDebug
> Task :app:processDebugJavaRes NO-SOURCE
> Task :app:processDebugUnitTestJavaRes NO-SOURCE
> Task :dualcard:processDebugJavaRes NO-SOURCE
> Task :dualcard:bundleLibResDebug UP-TO-DATE
> Task :dualcard:bundleLibRuntimeDebug UP-TO-DATE
> Task :app:mergeDebugResources
> Task :app:processDebugResources

> Task :app:compileDebugJavaWithJavac
Note: Some input files use or override a deprecated API.
Note: Recompile with -Xlint:deprecation for details.

> Task :app:packageDebugUnitTestForUnitTest
> Task :app:javaPreCompileDebugUnitTest

> Task :app:compileDebugUnitTestJavaWithJavac
Note: Some input files use or override a deprecated API.
Note: Recompile with -Xlint:deprecation for details.
Note: Some input files use unchecked or unsafe operations.
Note: Recompile with -Xlint:unchecked for details.

> Task :app:generateDebugUnitTestConfig
> Task :app:testDebugUnitTest FAILED
Warning: Failed to parse host acolbcpsg01
Warning: Failed to parse host acolbcpsg01
Warning: Failed to parse host acolbcpsg01
Warning: Failed to parse host acolbcpsg01
Warning: Failed to parse host acolbcpsg01
Warning: Failed to parse host acolbcpsg01

FAILURE: Build failed with an exception.

* What went wrong:
Execution failed for task ':app:testDebugUnitTest'.
> Could not resolve all files for configuration ':app:jacocoAgent'.
   > Could not download org.jacoco.agent.jar (org.jacoco:org.jacoco.agent:0.8.3)
      > Could not get resource 'https://jcenter.bintray.com/org/jacoco/org.jacoco.agent/0.8.3/org.jacoco.agent-0.8.3.jar'.
         > Could not GET 'https://jcenter.bintray.com/org/jacoco/org.jacoco.agent/0.8.3/org.jacoco.agent-0.8.3.jar'.
            > acolbcpsg01

* Try:
Run with --stacktrace option to get the stack trace. Run with --info or --debug option to get more log output. Run with --scan to get full insights.

* Get more help at https://help.gradle.org

Deprecated Gradle features were used in this build, making it incompatible with Gradle 6.0.
Use '--warning-mode all' to show the individual deprecation warnings.
See https://docs.gradle.org/5.4.1/userguide/command_line_interface.html#sec:command_line_warnings

BUILD FAILED in 5s
52 actionable tasks: 10 executed, 42 up-to-date


+------+-----------------------------------------+-------------+
|                       fastlane summary                       |
+------+-----------------------------------------+-------------+
| Step | Action                                  | Time (in s) |
+------+-----------------------------------------+-------------+
| 1    | default_platform                        | 0           |
| 2    | Switch to android sethockeyversion lane | 0           |
| 3    | Switch to android buildall lane         | 0           |
| 4    | clean                                   | 30          |
| 5    | assembleDebug                           | 144         |
| 6    | assembleRelease                         | 62          |
| 7    | Switch to android tests lane            | 0           |
| ðŸ’¥   | app:testDebug                           | 6           |
+------+-----------------------------------------+-------------+

+-----------+--------------+----------------+
|         Plugin updates available          |
+-----------+--------------+----------------+
| Plugin    | Your Version | Latest Version |
+-----------+--------------+----------------+
| appcenter | 1.8.1        | 1.11.0         |
+-----------+--------------+----------------+
[20:24:52]: To update all plugins, just run
[20:24:52]: $ bundle exec fastlane update_plugins

[20:24:52]: fastlane finished with errors

Looking for related GitHub issues on fastlane/fastlane...


#######################################################################
# fastlane 2.182.0 is available. You are on 2.181.0.
# You should use the latest version.
# Please update using `bundle update fastlane`.
#######################################################################

2.182.0 Improvements
* [snapshot] enable greater customization of the iOS status bar in snapshot screenshots (#18560) via Dave Wood
* [Fastlane.Swift] Swift's `ConfigItem` for conflicting values into Ruby's end. (#18544) via Jorge Revuelta
* [Fastlane.Swift] sanitize Swift document comments (#18635) via Jorge Revuelta
* [Ruby 3.0] wwitch back to the original commander gem and update dependencies (#18599) via Satoshi Namai
* [action] ensure backup_xcarchive preserves symbolic links (#18627) via Matej Bukovinski
* [action][git_submodule_update] documentation improvements (#18598) via Manish Rathi
* [Ruby 3.0] replace slack-notifier gem with internal library (#18537) via Satoshi Namai
* [fastlane_core] `xcode_at_least` method improvements (#18600) via Manish Rathi
* [pilot] clean-up - removed empty `tester_util` file (#18601) via Manish Rathi
* [action][upload_symbols_to_crashlytics]  add check for app_id before searching for gsp and api_token (#18607) via Cristian Lupu
* [spaceship] add `fetch_all_certificates` method (#18620) via Damian Rzeszot
* [Ruby 3.0] bump rubocop version (#18564) via Satoshi Namai
* [action] import_from_git - Add caching support for branch (#18568) via Hiroki Nagasawa

Please update using `bundle update fastlane`
Traceback (most recent call last):
        36: from /usr/local/bin/fastlane:23:in `<main>'
        35: from /usr/local/bin/fastlane:23:in `load'
        34: from /Library/Ruby/Gems/2.6.0/gems/fastlane-2.181.0/bin/fastlane:23:in `<top (required)>'
        33: from /Library/Ruby/Gems/2.6.0/gems/fastlane-2.181.0/fastlane/lib/fastlane/cli_tools_distributor.rb:122:in `take_off'
        32: from /Library/Ruby/Gems/2.6.0/gems/fastlane-2.181.0/fastlane/lib/fastlane/commands_generator.rb:41:in `start'
        31: from /Library/Ruby/Gems/2.6.0/gems/fastlane-2.181.0/fastlane/lib/fastlane/commands_generator.rb:352:in `run'
        30: from /Library/Ruby/Gems/2.6.0/gems/commander-fastlane-4.4.6/lib/commander/delegates.rb:15:in `run!'
        29: from /Library/Ruby/Gems/2.6.0/gems/fastlane-2.181.0/fastlane_core/lib/fastlane_core/ui/fastlane_runner.rb:76:in `run!'
        28: from /Library/Ruby/Gems/2.6.0/gems/commander-fastlane-4.4.6/lib/commander/runner.rb:476:in `run_active_command'
        27: from /Library/Ruby/Gems/2.6.0/gems/commander-fastlane-4.4.6/lib/commander/command.rb:153:in `run'
        26: from /Library/Ruby/Gems/2.6.0/gems/commander-fastlane-4.4.6/lib/commander/command.rb:178:in `call'
        25: from /Library/Ruby/Gems/2.6.0/gems/fastlane-2.181.0/fastlane/lib/fastlane/commands_generator.rb:108:in `block (2 levels) in run'
        24: from /Library/Ruby/Gems/2.6.0/gems/fastlane-2.181.0/fastlane/lib/fastlane/command_line_handler.rb:36:in `handle'
        23: from /Library/Ruby/Gems/2.6.0/gems/fastlane-2.181.0/fastlane/lib/fastlane/lane_manager.rb:47:in `cruise_lane'
        22: from /Library/Ruby/Gems/2.6.0/gems/fastlane-2.181.0/fastlane/lib/fastlane/runner.rb:45:in `execute'
        21: from /Library/Ruby/Gems/2.6.0/gems/fastlane-2.181.0/fastlane/lib/fastlane/runner.rb:45:in `chdir'
        20: from /Library/Ruby/Gems/2.6.0/gems/fastlane-2.181.0/fastlane/lib/fastlane/runner.rb:49:in `block in execute'
        19: from /Library/Ruby/Gems/2.6.0/gems/fastlane-2.181.0/fastlane/lib/fastlane/lane.rb:33:in `call'
        18: from Fastfile:91:in `block (2 levels) in parsing_binding'
        17: from /Library/Ruby/Gems/2.6.0/gems/fastlane-2.181.0/fastlane/lib/fastlane/fast_file.rb:159:in `method_missing'
        16: from /Library/Ruby/Gems/2.6.0/gems/fastlane-2.181.0/fastlane/lib/fastlane/runner.rb:146:in `trigger_action_by_name'
        15: from /Library/Ruby/Gems/2.6.0/gems/fastlane-2.181.0/fastlane/lib/fastlane/runner.rb:204:in `try_switch_to_lane'
        14: from /Library/Ruby/Gems/2.6.0/gems/fastlane-2.181.0/fastlane/lib/fastlane/lane.rb:33:in `call'
        13: from Fastfile:73:in `block (2 levels) in parsing_binding'
        12: from /Library/Ruby/Gems/2.6.0/gems/fastlane-2.181.0/fastlane/lib/fastlane/fast_file.rb:159:in `method_missing'
        11: from /Library/Ruby/Gems/2.6.0/gems/fastlane-2.181.0/fastlane/lib/fastlane/runner.rb:157:in `trigger_action_by_name'
        10: from /Library/Ruby/Gems/2.6.0/gems/fastlane-2.181.0/fastlane/lib/fastlane/runner.rb:229:in `execute_action'
         9: from /Library/Ruby/Gems/2.6.0/gems/fastlane-2.181.0/fastlane/lib/fastlane/runner.rb:229:in `chdir'
         8: from /Library/Ruby/Gems/2.6.0/gems/fastlane-2.181.0/fastlane/lib/fastlane/runner.rb:255:in `block in execute_action'
         7: from /Library/Ruby/Gems/2.6.0/gems/fastlane-2.181.0/fastlane/lib/fastlane/actions/actions_helper.rb:69:in `execute_action'
         6: from /Library/Ruby/Gems/2.6.0/gems/fastlane-2.181.0/fastlane/lib/fastlane/runner.rb:263:in `block (2 levels) in execute_action'
         5: from /Library/Ruby/Gems/2.6.0/gems/fastlane-2.181.0/fastlane/lib/fastlane/actions/gradle.rb:60:in `run'
         4: from /Library/Ruby/Gems/2.6.0/gems/fastlane-2.181.0/fastlane/lib/fastlane/helper/gradle_helper.rb:32:in `trigger'
         3: from /System/Library/Frameworks/Ruby.framework/Versions/2.6/usr/lib/ruby/2.6.0/forwardable.rb:230:in `sh'
         2: from /Library/Ruby/Gems/2.6.0/gems/fastlane-2.181.0/fastlane/lib/fastlane/helper/sh_helper.rb:80:in `sh_control_output'
         1: from /Library/Ruby/Gems/2.6.0/gems/fastlane-2.181.0/fastlane_core/lib/fastlane_core/ui/ui.rb:17:in `method_missing'
/Library/Ruby/Gems/2.6.0/gems/fastlane-2.181.0/fastlane_core/lib/fastlane_core/ui/interface.rb:153:in `shell_error!': [!] Exit status of command '/Users/a803506/AndroidStudioProjects/android_plugin_account_center/accountcenter-sample/gradlew app:testDebug -p accountcenter-sample' was 1 instead of 0. (FastlaneCore::Interface::FastlaneShellError)

> Configure project :accountcenter
**** JOHN AccountCenter uploadArchives ****
---Starting NAC uploadArchives---
**** JOHN AccountCenter UPLOAD TO DEV ****
:::  NAC Uploading to snapshots.. for the task: [app:testDebug]
**** JOHN AccountCenter USERNAME: admin ****
**** JOHN AccountCenter TOKEN: wkmpr32ogwcxdvre3wtxbm4zgmf6cds27o35mhvxvp7743s7kj3a ****
==================== Attach lint task to compileDebugSources

> Configure project :app
registerResGeneratingTask is deprecated, use registerGeneratedResFolders(FileCollection)
registerResGeneratingTask is deprecated, use registerGeneratedResFolders(FileCollection)

> Configure project :dualcard
---Starting dualCard uploadArchives---
**** JOHN DUALCARD UPLOAD TO DEV ****
:::  DualCard Uploading to snapshots with task: [app:testDebug]
====================Dual card Attach lint task to compileDebugSources

> Task :accountcenter:preBuild UP-TO-DATE
> Task :accountcenter:preDebugBuild UP-TO-DATE
> Task :accountcenter:checkDebugManifest UP-TO-DATE
> Task :accountcenter:generateDebugBuildConfig UP-TO-DATE
> Task :accountcenter:generateDebugResValues UP-TO-DATE
> Task :accountcenter:processDebugManifest UP-TO-DATE
> Task :accountcenter:javaPreCompileDebug UP-TO-DATE
> Task :accountcenter:compileDebugAidl NO-SOURCE
> Task :accountcenter:compileDebugRenderscript NO-SOURCE
> Task :accountcenter:generateDebugResources UP-TO-DATE
> Task :accountcenter:packageDebugResources UP-TO-DATE
> Task :accountcenter:parseDebugLibraryResources UP-TO-DATE
> Task :accountcenter:generateDebugRFile UP-TO-DATE
> Task :accountcenter:compileDebugJavaWithJavac UP-TO-DATE
> Task :accountcenter:processDebugJavaRes NO-SOURCE
> Task :accountcenter:bundleLibResDebug UP-TO-DATE
> Task :accountcenter:jacocoDebug UP-TO-DATE
> Task :accountcenter:bundleLibRuntimeDebug UP-TO-DATE
> Task :accountcenter:bundleLibCompileDebug UP-TO-DATE
> Task :app:preBuild UP-TO-DATE
> Task :app:preDebugBuild UP-TO-DATE
> Task :dualcard:preBuild UP-TO-DATE
> Task :dualcard:preDebugBuild UP-TO-DATE
> Task :dualcard:compileDebugAidl NO-SOURCE
> Task :app:compileDebugAidl NO-SOURCE
> Task :accountcenter:packageDebugRenderscript NO-SOURCE
> Task :dualcard:packageDebugRenderscript NO-SOURCE
> Task :app:compileDebugRenderscript NO-SOURCE
> Task :app:checkDebugManifest UP-TO-DATE
> Task :app:generateDebugBuildConfig UP-TO-DATE
> Task :dualcard:checkDebugManifest UP-TO-DATE
> Task :dualcard:compileDebugRenderscript NO-SOURCE
> Task :dualcard:generateDebugBuildConfig UP-TO-DATE
> Task :dualcard:generateDebugResValues UP-TO-DATE
> Task :dualcard:generateDebugResources UP-TO-DATE
> Task :dualcard:packageDebugResources UP-TO-DATE
> Task :dualcard:parseDebugLibraryResources UP-TO-DATE
> Task :dualcard:processDebugManifest UP-TO-DATE
> Task :dualcard:generateDebugRFile UP-TO-DATE
> Task :dualcard:javaPreCompileDebug UP-TO-DATE
> Task :dualcard:compileDebugJavaWithJavac UP-TO-DATE
> Task :dualcard:bundleLibCompileDebug UP-TO-DATE
> Task :app:javaPreCompileDebug UP-TO-DATE
> Task :app:mainApkListPersistenceDebug UP-TO-DATE
> Task :accountcenter:mergeDebugShaders UP-TO-DATE
> Task :accountcenter:compileDebugShaders UP-TO-DATE
> Task :accountcenter:generateDebugAssets UP-TO-DATE
> Task :accountcenter:packageDebugAssets UP-TO-DATE
> Task :app:mergeDebugShaders UP-TO-DATE
> Task :app:compileDebugShaders UP-TO-DATE
> Task :app:generateDebugAssets UP-TO-DATE
> Task :dualcard:mergeDebugShaders UP-TO-DATE
> Task :dualcard:compileDebugShaders UP-TO-DATE
> Task :dualcard:generateDebugAssets UP-TO-DATE
> Task :dualcard:packageDebugAssets UP-TO-DATE
> Task :app:mergeDebugAssets UP-TO-DATE
> Task :app:writeDebugApplicationId UP-TO-DATE

> Task :app:processDebugGoogleServices
Parsing json file: /Users/a803506/AndroidStudioProjects/android_plugin_account_center/accountcenter-sample/app/google-services.json

> Task :app:createDebugCompatibleScreenManifests UP-TO-DATE
> Task :app:generateDebugResValues UP-TO-DATE
> Task :app:generateDebugResources UP-TO-DATE
> Task :app:preDebugUnitTestBuild UP-TO-DATE
> Task :app:processDebugManifest UP-TO-DATE
> Task :app:fabricGenerateResourcesDebug
> Task :app:processDebugJavaRes NO-SOURCE
> Task :app:processDebugUnitTestJavaRes NO-SOURCE
> Task :dualcard:processDebugJavaRes NO-SOURCE
> Task :dualcard:bundleLibResDebug UP-TO-DATE
> Task :dualcard:bundleLibRuntimeDebug UP-TO-DATE
> Task :app:mergeDebugResources
> Task :app:processDebugResources

> Task :app:compileDebugJavaWithJavac
Note: Some input files use or override a deprecated API.
Note: Recompile with -Xlint:deprecation for details.

> Task :app:packageDebugUnitTestForUnitTest
> Task :app:javaPreCompileDebugUnitTest

> Task :app:compileDebugUnitTestJavaWithJavac
Note: Some input files use or override a deprecated API.
Note: Recompile with -Xlint:deprecation for details.
Note: Some input files use unchecked or unsafe operations.
Note: Recompile with -Xlint:unchecked for details.

> Task :app:generateDebugUnitTestConfig
> Task :app:testDebugUnitTest FAILED
Warning: Failed to parse host acolbcpsg01
Warning: Failed to parse host acolbcpsg01
Warning: Failed to parse host acolbcpsg01
Warning: Failed to parse host acolbcpsg01
Warning: Failed to parse host acolbcpsg01
Warning: Failed to parse host acolbcpsg01

FAILURE: Build failed with an exception.

* What went wrong:
Execution failed for task ':app:testDebugUnitTest'.
> Could not resolve all files for configuration ':app:jacocoAgent'.
   > Could not download org.jacoco.agent.jar (org.jacoco:org.jacoco.agent:0.8.3)
      > Could not get resource 'https://jcenter.bintray.com/org/jacoco/org.jacoco.agent/0.8.3/org.jacoco.agent-0.8.3.jar'.
         > Could not GET 'https://jcenter.bintray.com/org/jacoco/org.jacoco.agent/0.8.3/org.jacoco.agent-0.8.3.jar'.
            > acolbcpsg01

* Try:
Run with --stacktrace option to get the stack trace. Run with --info or --debug option to get more log output. Run with --scan to get full insights.

* Get more help at https://help.gradle.org

Deprecated Gradle features were used in this build, making it incompatible with Gradle 6.0.
Use '--warning-mode all' to show the individual deprecation warnings.
See https://docs.gradle.org/5.4.1/userguide/command_line_interface.html#sec:command_line_warnings

BUILD FAILED in 5s
52 actionable tasks: 10 executed, 42 up-to-date

BLR1MRSDSP0002:android_plugin_account_center a803506$ ci/all.sh
Using rake 13.0.3
Following files may not be writable, so sudo is needed:
  /Library/Ruby/Gems/2.6.0
  /Library/Ruby/Gems/2.6.0/build_info
  /Library/Ruby/Gems/2.6.0/cache
  /Library/Ruby/Gems/2.6.0/doc
  /Library/Ruby/Gems/2.6.0/extensions
  /Library/Ruby/Gems/2.6.0/gems
  /Library/Ruby/Gems/2.6.0/specifications
Using CFPropertyList 3.0.3
Using public_suffix 4.0.6
Using addressable 2.7.0
Using artifactory 3.0.15
Using atomos 0.1.3
Using aws-eventstream 1.1.1
Using aws-partitions 1.446.0
Using aws-sigv4 1.2.3
Using jmespath 1.4.0
Using aws-sdk-core 3.114.0
Using aws-sdk-kms 1.43.0
Using aws-sdk-s3 1.93.1
Using babosa 1.0.4
Using bundler 2.2.16
Using claide 1.0.3
Using colored 1.2
Using colored2 3.1.2
Using highline 1.7.10
Using commander-fastlane 4.4.6
Using declarative 0.0.20
Using digest-crc 0.6.3
Using unf_ext 0.0.7.7
Using unf 0.1.4
Using domain_name 0.5.20190701
Using dotenv 2.7.6
Using emoji_regex 3.2.2
Using excon 0.80.1
Using faraday-excon 1.1.0
Using faraday-net_http 1.0.1
Using faraday-net_http_persistent 1.1.0
Using multipart-post 2.0.0
Using ruby2_keywords 0.0.4
Using faraday 1.4.1
Using http-cookie 1.0.3
Using faraday-cookie_jar 0.0.7
Using faraday_middleware 1.0.0
Using fastimage 2.2.3
Using gh_inspector 1.1.3
Using jwt 2.2.3
Using memoist 0.16.2
Using multi_json 1.15.0
Using os 1.1.1
Using signet 0.15.0
Using googleauth 0.16.1
Using httpclient 2.8.3
Using mini_mime 1.1.0
Using trailblazer-option 0.1.1
Using uber 0.1.0
Using representable 3.1.1
Using retriable 3.1.2
Using google-api-client 0.38.0
Using rexml 3.2.5
Using webrick 1.7.0
Using google-apis-core 0.3.0
Using google-apis-iamcredentials_v1 0.3.0
Using google-apis-storage_v1 0.3.0
Using google-cloud-env 1.5.0
Using google-cloud-errors 1.1.0
Using google-cloud-core 1.6.0
Using google-cloud-storage 1.31.0
Using json 2.5.1
Using mini_magick 4.11.0
Using naturally 2.2.1
Using plist 3.6.0
Using rubyzip 2.3.0
Using security 0.1.3
Using simctl 1.6.8
Using slack-notifier 2.3.2
Using terminal-notifier 2.0.0
Using unicode-display_width 1.7.0
Using terminal-table 1.8.0
Using tty-screen 0.8.1
Using tty-cursor 0.7.1
Using tty-spinner 0.9.3
Using word_wrap 1.0.0
Using nanaimo 0.3.0
Using xcodeproj 1.19.0
Using rouge 2.0.7
Using xcpretty 0.3.0
Using xcpretty-travis-formatter 1.0.1
Using fastlane 2.181.0
Using fastlane-plugin-appcenter 1.8.1
Bundle complete! 2 Gemfile dependencies, 83 gems now installed.
Use `bundle info [gemname]` to see where a bundled gem is installed.
[âœ”] ðŸš€ 
+---------------------------+---------+---------------------------------------------------------+
|                                         Used plugins                                          |
+---------------------------+---------+---------------------------------------------------------+
| Plugin                    | Version | Action                                                  |
+---------------------------+---------+---------------------------------------------------------+
| fastlane-plugin-appcenter | 1.8.1   | appcenter_fetch_version_number appcenter_fetch_devices  |
|                           |         | appcenter_upload                                        |
+---------------------------+---------+---------------------------------------------------------+

[20:26:08]: ------------------------------
[20:26:08]: --- Step: default_platform ---
[20:26:08]: ------------------------------
[20:26:08]: Driving the lane 'android all' ðŸš€
[20:26:08]: -----------------------------------------------------
[20:26:08]: --- Step: Switch to android sethockeyversion lane ---
[20:26:08]: -----------------------------------------------------
[20:26:08]: Cruising over to lane 'android sethockeyversion' ðŸš–
[20:26:08]: Cruising back to lane 'android all' ðŸš˜
[20:26:08]: ---------------------------------------------
[20:26:08]: --- Step: Switch to android buildall lane ---
[20:26:08]: ---------------------------------------------
[20:26:08]: Cruising over to lane 'android buildall' ðŸš–
[20:26:08]: Cleaning accountcenter-sample
[20:26:08]: -------------------
[20:26:08]: --- Step: clean ---
[20:26:08]: -------------------
[20:26:08]: $ /Users/a803506/AndroidStudioProjects/android_plugin_account_center/accountcenter-sample/gradlew clean -p accountcenter-sample
[20:26:09]: â–¸ > Configure project :accountcenter
[20:26:09]: â–¸ **** JOHN AccountCenter uploadArchives ****
[20:26:09]: â–¸ ---Starting NAC uploadArchives---
[20:26:09]: â–¸ **** JOHN AccountCenter UPLOAD TO DEV ****
[20:26:09]: â–¸ :::  NAC Uploading to snapshots.. for the task: [clean]
[20:26:09]: â–¸ **** JOHN AccountCenter USERNAME: admin ****
[20:26:09]: â–¸ **** JOHN AccountCenter TOKEN: wkmpr32ogwcxdvre3wtxbm4zgmf6cds27o35mhvxvp7743s7kj3a ****
[20:26:09]: â–¸ ==================== Attach lint task to compileDebugSources
[20:26:09]: â–¸ > Configure project :app
[20:26:09]: â–¸ registerResGeneratingTask is deprecated, use registerGeneratedResFolders(FileCollection)
[20:26:09]: â–¸ registerResGeneratingTask is deprecated, use registerGeneratedResFolders(FileCollection)
[20:26:09]: â–¸ > Configure project :dualcard
[20:26:09]: â–¸ ---Starting dualCard uploadArchives---
[20:26:09]: â–¸ **** JOHN DUALCARD UPLOAD TO DEV ****
[20:26:09]: â–¸ :::  DualCard Uploading to snapshots with task: [clean]
[20:26:09]: â–¸ ====================Dual card Attach lint task to compileDebugSources
[20:26:14]: â–¸ > Task :accountcenter:clean
[20:26:37]: â–¸ > Task :app:clean
[20:26:38]: â–¸ > Task :dualcard:clean
[20:26:39]: â–¸ Deprecated Gradle features were used in this build, making it incompatible with Gradle 6.0.
[20:26:39]: â–¸ Use '--warning-mode all' to show the individual deprecation warnings.
[20:26:39]: â–¸ See https://docs.gradle.org/5.4.1/userguide/command_line_interface.html#sec:command_line_warnings
[20:26:39]: â–¸ BUILD SUCCESSFUL in 31s
[20:26:39]: â–¸ 3 actionable tasks: 3 executed
[20:26:40]: assembleDebug accountcenter-sample
[20:26:40]: ---------------------------
[20:26:40]: --- Step: assembleDebug ---
[20:26:40]: ---------------------------
[20:26:40]: $ /Users/a803506/AndroidStudioProjects/android_plugin_account_center/accountcenter-sample/gradlew assembleDebug -p accountcenter-sample
[20:26:41]: â–¸ > Configure project :accountcenter
[20:26:41]: â–¸ **** JOHN AccountCenter uploadArchives ****
[20:26:41]: â–¸ ---Starting NAC uploadArchives---
[20:26:41]: â–¸ **** JOHN AccountCenter UPLOAD TO DEV ****
[20:26:41]: â–¸ :::  NAC Uploading to snapshots.. for the task: [assembleDebug]
[20:26:41]: â–¸ **** JOHN AccountCenter USERNAME: admin ****
[20:26:41]: â–¸ **** JOHN AccountCenter TOKEN: wkmpr32ogwcxdvre3wtxbm4zgmf6cds27o35mhvxvp7743s7kj3a ****
[20:26:41]: â–¸ ==================== Attach lint task to compileDebugSources
[20:26:41]: â–¸ > Configure project :app
[20:26:41]: â–¸ registerResGeneratingTask is deprecated, use registerGeneratedResFolders(FileCollection)
[20:26:41]: â–¸ registerResGeneratingTask is deprecated, use registerGeneratedResFolders(FileCollection)
[20:26:41]: â–¸ > Configure project :dualcard
[20:26:41]: â–¸ ---Starting dualCard uploadArchives---
[20:26:41]: â–¸ **** JOHN DUALCARD UPLOAD TO DEV ****
[20:26:41]: â–¸ :::  DualCard Uploading to snapshots with task: [assembleDebug]
[20:26:41]: â–¸ ====================Dual card Attach lint task to compileDebugSources
[20:26:41]: â–¸ > Task :accountcenter:preBuild UP-TO-DATE
[20:26:41]: â–¸ > Task :accountcenter:preDebugBuild UP-TO-DATE
[20:26:41]: â–¸ > Task :accountcenter:compileDebugAidl NO-SOURCE
[20:26:41]: â–¸ > Task :accountcenter:checkDebugManifest
[20:26:41]: â–¸ > Task :accountcenter:compileDebugRenderscript NO-SOURCE
[20:26:41]: â–¸ > Task :accountcenter:generateDebugBuildConfig
[20:26:41]: â–¸ > Task :accountcenter:generateDebugResValues
[20:26:41]: â–¸ > Task :accountcenter:generateDebugResources
[20:26:41]: â–¸ > Task :accountcenter:packageDebugResources
[20:26:41]: â–¸ > Task :accountcenter:processDebugManifest
[20:26:41]: â–¸ > Task :accountcenter:mergeDebugShaders
[20:26:41]: â–¸ > Task :accountcenter:compileDebugShaders
[20:26:41]: â–¸ > Task :accountcenter:generateDebugAssets
[20:26:41]: â–¸ > Task :accountcenter:packageDebugAssets
[20:26:41]: â–¸ > Task :accountcenter:packageDebugRenderscript NO-SOURCE
[20:26:41]: â–¸ > Task :accountcenter:prepareLintJarForPublish UP-TO-DATE
[20:26:41]: â–¸ > Task :accountcenter:processDebugJavaRes NO-SOURCE
[20:26:41]: â–¸ > Task :accountcenter:mergeDebugJniLibFolders
[20:26:41]: â–¸ > Task :accountcenter:javaPreCompileDebug
[20:26:42]: â–¸ > Task :accountcenter:mergeDebugNativeLibs
[20:26:42]: â–¸ > Task :accountcenter:stripDebugDebugSymbols
[20:26:42]: â–¸ > Task :accountcenter:transformNativeLibsWithSyncJniLibsForDebug
[20:26:42]: â–¸ > Task :accountcenter:preReleaseBuild UP-TO-DATE
[20:26:42]: â–¸ > Task :accountcenter:compileReleaseAidl NO-SOURCE
[20:26:42]: â–¸ > Task :accountcenter:compileReleaseRenderscript NO-SOURCE
[20:26:42]: â–¸ > Task :accountcenter:checkReleaseManifest
[20:26:42]: â–¸ > Task :accountcenter:generateReleaseBuildConfig
[20:26:42]: â–¸ > Task :accountcenter:generateReleaseResValues
[20:26:42]: â–¸ > Task :accountcenter:generateReleaseResources
[20:26:42]: â–¸ > Task :accountcenter:packageReleaseResources
[20:26:42]: â–¸ > Task :accountcenter:prepareLintJar UP-TO-DATE
[20:26:42]: â–¸ > Task :accountcenter:processReleaseManifest
[20:26:42]: â–¸ > Task :accountcenter:parseDebugLibraryResources
[20:26:42]: â–¸ > Task :accountcenter:javaPreCompileRelease
[20:26:43]: â–¸ > Task :accountcenter:mergeDebugResources
[20:26:43]: â–¸ > Task :accountcenter:parseReleaseLibraryResources
[20:26:43]: â–¸ > Task :accountcenter:generateDebugRFile
[20:26:45]: â–¸ > Task :accountcenter:compileDebugJavaWithJavac
[20:26:45]: â–¸ Gradle may disable incremental compilation as the following annotation processors are not incremental: dagger-compiler-1.2.2-jar-with-dependencies.jar (dagger-compiler-1.2.2-jar-with-dependencies.jar).
[20:26:45]: â–¸ Consider setting the experimental feature flag android.enableSeparateAnnotationProcessing=true in the gradle.properties file to run annotation processing in a separate task and make compilation incremental.
[20:26:47]: â–¸ Note: Some input files use or override a deprecated API.
[20:26:47]: â–¸ Note: Recompile with -Xlint:deprecation for details.
[20:26:47]: â–¸ Note: Some input files use unchecked or unsafe operations.
[20:26:47]: â–¸ Note: Recompile with -Xlint:unchecked for details.
[20:26:49]: â–¸ > Task :accountcenter:extractDebugAnnotations
[20:26:49]: â–¸ > Task :accountcenter:mergeDebugGeneratedProguardFiles UP-TO-DATE
[20:26:49]: â–¸ > Task :accountcenter:mergeDebugConsumerProguardFiles
[20:26:49]: â–¸ > Task :accountcenter:generateReleaseRFile
[20:26:51]: â–¸ > Task :accountcenter:compileReleaseJavaWithJavac
[20:26:51]: â–¸ Gradle may disable incremental compilation as the following annotation processors are not incremental: dagger-compiler-1.2.2-jar-with-dependencies.jar (dagger-compiler-1.2.2-jar-with-dependencies.jar).
[20:26:51]: â–¸ Consider setting the experimental feature flag android.enableSeparateAnnotationProcessing=true in the gradle.properties file to run annotation processing in a separate task and make compilation incremental.
[20:26:53]: â–¸ Note: Some input files use or override a deprecated API.
[20:26:53]: â–¸ Note: Recompile with -Xlint:deprecation for details.
[20:26:53]: â–¸ Note: Some input files use unchecked or unsafe operations.
[20:26:53]: â–¸ Note: Recompile with -Xlint:unchecked for details.
[20:27:19]: â–¸ > Task :accountcenter:jacocoDebug
[20:27:19]: â–¸ > Task :accountcenter:mergeDebugJavaResource
[20:27:23]: â–¸ > Task :accountcenter:lint
[20:27:23]: â–¸ Ran lint on variant release: 0 issues found
[20:27:23]: â–¸ Ran lint on variant debug: 0 issues found
[20:27:23]: â–¸ > Task :accountcenter:compileDebugSources
[20:27:24]: â–¸ > Task :accountcenter:transformClassesAndResourcesWithSyncLibJarsForDebug
[20:27:24]: â–¸ > Task :accountcenter:bundleDebugAar
[20:27:24]: â–¸ > Task :accountcenter:assembleDebug
[20:27:25]: â–¸ > Task :app:preBuild UP-TO-DATE
[20:27:25]: â–¸ > Task :app:preDebugBuild UP-TO-DATE
[20:27:25]: â–¸ > Task :dualcard:preBuild UP-TO-DATE
[20:27:25]: â–¸ > Task :dualcard:preDebugBuild UP-TO-DATE
[20:27:25]: â–¸ > Task :dualcard:compileDebugAidl NO-SOURCE
[20:27:25]: â–¸ > Task :dualcard:packageDebugRenderscript NO-SOURCE
[20:27:25]: â–¸ > Task :app:checkDebugManifest
[20:27:25]: â–¸ > Task :app:generateDebugBuildConfig
[20:27:25]: â–¸ > Task :app:compileDebugAidl NO-SOURCE
[20:27:25]: â–¸ > Task :app:compileDebugRenderscript NO-SOURCE
[20:27:25]: â–¸ > Task :dualcard:checkDebugManifest
[20:27:25]: â–¸ > Task :dualcard:compileDebugRenderscript NO-SOURCE
[20:27:25]: â–¸ > Task :dualcard:generateDebugBuildConfig
[20:27:25]: â–¸ > Task :dualcard:generateDebugResValues
[20:27:25]: â–¸ > Task :dualcard:generateDebugResources
[20:27:25]: â–¸ > Task :dualcard:packageDebugResources
[20:27:25]: â–¸ > Task :dualcard:parseDebugLibraryResources
[20:27:25]: â–¸ > Task :app:mainApkListPersistenceDebug
[20:27:25]: â–¸ > Task :dualcard:processDebugManifest
[20:27:25]: â–¸ > Task :app:mergeDebugShaders
[20:27:25]: â–¸ > Task :app:compileDebugShaders
[20:27:25]: â–¸ > Task :app:generateDebugAssets
[20:27:25]: â–¸ > Task :dualcard:mergeDebugShaders
[20:27:25]: â–¸ > Task :dualcard:compileDebugShaders
[20:27:25]: â–¸ > Task :dualcard:generateDebugAssets
[20:27:25]: â–¸ > Task :dualcard:packageDebugAssets
[20:27:25]: â–¸ > Task :app:mergeDebugAssets
[20:27:25]: â–¸ > Task :app:writeDebugApplicationId
[20:27:25]: â–¸ > Task :app:processDebugGoogleServices
[20:27:25]: â–¸ Parsing json file: /Users/a803506/AndroidStudioProjects/android_plugin_account_center/accountcenter-sample/app/google-services.json
[20:27:25]: â–¸ > Task :app:createDebugCompatibleScreenManifests
[20:27:25]: â–¸ > Task :app:processDebugManifest
[20:27:25]: â–¸ > Task :app:fabricGenerateResourcesDebug
[20:27:25]: â–¸ > Task :app:generateDebugResValues
[20:27:25]: â–¸ > Task :app:generateDebugResources
[20:27:25]: â–¸ > Task :dualcard:generateDebugRFile
[20:27:25]: â–¸ > Task :app:processDebugJavaRes NO-SOURCE
[20:27:25]: â–¸ > Task :dualcard:processDebugJavaRes NO-SOURCE
[20:27:26]: â–¸ > Task :accountcenter:bundleLibResDebug
[20:27:26]: â–¸ > Task :accountcenter:bundleLibCompileDebug
[20:27:26]: â–¸ > Task :app:checkDebugDuplicateClasses
[20:27:26]: â–¸ > Task :app:validateSigningDebug
[20:27:26]: â–¸ > Task :app:signingConfigWriterDebug
[20:27:26]: â–¸ > Task :dualcard:javaPreCompileDebug
[20:27:26]: â–¸ > Task :dualcard:compileDebugJavaWithJavac
[20:27:26]: â–¸ Note: /Users/a803506/AndroidStudioProjects/android_plugin_account_center/accountcenter-sample/dualcard/src/main/java/com/ads/dualcard/utility/Utility.java uses or overrides a deprecated API.
[20:27:26]: â–¸ Note: Recompile with -Xlint:deprecation for details.
[20:27:26]: â–¸ Note: /Users/a803506/AndroidStudioProjects/android_plugin_account_center/accountcenter-sample/dualcard/src/main/java/com/ads/dualcard/ServiceProvider.java uses unchecked or unsafe operations.
[20:27:26]: â–¸ Note: Recompile with -Xlint:unchecked for details.
[20:27:26]: â–¸ > Task :app:mergeDebugResources
[20:27:27]: â–¸ > Task :app:processDebugResources
[20:27:27]: â–¸ > Task :dualcard:bundleLibCompileDebug
[20:27:27]: â–¸ > Task :dualcard:bundleLibRuntimeDebug
[20:27:27]: â–¸ > Task :accountcenter:bundleLibRuntimeDebug
[20:27:27]: â–¸ > Task :dualcard:bundleLibResDebug
[20:27:27]: â–¸ > Task :accountcenter:transformNativeLibsWithIntermediateJniLibsForDebug
[20:27:27]: â–¸ > Task :app:mergeDebugJniLibFolders
[20:27:27]: â–¸ > Task :dualcard:mergeDebugJniLibFolders
[20:27:27]: â–¸ > Task :dualcard:extractDebugAnnotations
[20:27:27]: â–¸ > Task :dualcard:mergeDebugGeneratedProguardFiles UP-TO-DATE
[20:27:27]: â–¸ > Task :dualcard:mergeDebugConsumerProguardFiles UP-TO-DATE
[20:27:27]: â–¸ > Task :dualcard:prepareLintJarForPublish UP-TO-DATE
[20:27:27]: â–¸ > Task :dualcard:mergeDebugNativeLibs
[20:27:27]: â–¸ > Task :dualcard:stripDebugDebugSymbols
[20:27:27]: â–¸ > Task :dualcard:transformNativeLibsWithIntermediateJniLibsForDebug
[20:27:28]: â–¸ > Task :dualcard:transformNativeLibsWithSyncJniLibsForDebug
[20:27:28]: â–¸ > Task :dualcard:preReleaseBuild UP-TO-DATE
[20:27:28]: â–¸ > Task :dualcard:compileReleaseAidl NO-SOURCE
[20:27:28]: â–¸ > Task :accountcenter:packageReleaseRenderscript NO-SOURCE
[20:27:28]: â–¸ > Task :dualcard:compileReleaseRenderscript NO-SOURCE
[20:27:28]: â–¸ > Task :dualcard:checkReleaseManifest
[20:27:28]: â–¸ > Task :dualcard:generateReleaseBuildConfig
[20:27:28]: â–¸ > Task :dualcard:generateReleaseResValues
[20:27:28]: â–¸ > Task :dualcard:generateReleaseResources
[20:27:28]: â–¸ > Task :dualcard:packageReleaseResources
[20:27:28]: â–¸ > Task :app:javaPreCompileDebug
[20:27:28]: â–¸ > Task :app:compileDebugJavaWithJavac
[20:27:28]: â–¸ Note: Some input files use or override a deprecated API.
[20:27:28]: â–¸ Note: Recompile with -Xlint:deprecation for details.
[20:27:28]: â–¸ > Task :app:compileDebugSources
[20:27:28]: â–¸ > Task :accountcenter:bundleLibCompileRelease
[20:27:28]: â–¸ > Task :dualcard:prepareLintJar UP-TO-DATE
[20:27:30]: â–¸ > Task :dualcard:mergeDebugResources
[20:27:30]: â–¸ > Task :app:mergeDebugNativeLibs
[20:27:30]: â–¸ > Task :app:stripDebugDebugSymbols
[20:27:30]: â–¸ > Task :dualcard:parseReleaseLibraryResources
[20:27:30]: â–¸ > Task :app:mergeDebugJavaResource
[20:27:30]: â–¸ > Task :dualcard:javaPreCompileRelease
[20:27:30]: â–¸ > Task :dualcard:processReleaseManifest
[20:27:30]: â–¸ > Task :dualcard:mergeDebugJavaResource
[20:27:30]: â–¸ > Task :dualcard:transformClassesAndResourcesWithSyncLibJarsForDebug
[20:27:30]: â–¸ > Task :dualcard:bundleDebugAar
[20:27:30]: â–¸ > Task :app:jacocoDebug
[20:27:36]: â–¸ > Task :app:transformClassesWithFirebasePerformancePluginForDebug
[20:27:36]: â–¸ java.lang.ClassNotFoundException: android.graphics.fonts.Font
[20:27:36]: â–¸ java.lang.ClassNotFoundException: android.graphics.fonts.Font
[20:27:36]: â–¸ java.lang.ClassNotFoundException: android.graphics.fonts.Font
[20:27:36]: â–¸ java.lang.ClassNotFoundException: android.graphics.fonts.Font
[20:28:00]: â–¸ > Task :dualcard:generateReleaseRFile
[20:28:08]: â–¸ > Task :app:transformClassesWithDexBuilderForDebug
[20:28:08]: â–¸ > Task :dualcard:compileReleaseJavaWithJavac
[20:28:08]: â–¸ Note: /Users/a803506/AndroidStudioProjects/android_plugin_account_center/accountcenter-sample/dualcard/src/main/java/com/ads/dualcard/utility/Utility.java uses or overrides a deprecated API.
[20:28:08]: â–¸ Note: Recompile with -Xlint:deprecation for details.
[20:28:08]: â–¸ Note: /Users/a803506/AndroidStudioProjects/android_plugin_account_center/accountcenter-sample/dualcard/src/main/java/com/ads/dualcard/ServiceProvider.java uses unchecked or unsafe operations.
[20:28:08]: â–¸ Note: Recompile with -Xlint:unchecked for details.
[20:28:11]: â–¸ > Task :dualcard:lint
[20:28:11]: â–¸ Ran lint on variant debug: 0 issues found
[20:28:11]: â–¸ Ran lint on variant release: 0 issues found
[20:28:11]: â–¸ > Task :dualcard:compileDebugSources
[20:28:11]: â–¸ > Task :dualcard:assembleDebug
[20:28:11]: â–¸ > Task :app:multiDexListDebug
[20:28:17]: â–¸ > Task :app:mergeDexDebug
[20:28:18]: â–¸ > Task :app:packageDebug
[20:28:18]: â–¸ > Task :app:assembleDebug
[20:28:18]: â–¸ Deprecated Gradle features were used in this build, making it incompatible with Gradle 6.0.
[20:28:18]: â–¸ Use '--warning-mode all' to show the individual deprecation warnings.
[20:28:18]: â–¸ See https://docs.gradle.org/5.4.1/userguide/command_line_interface.html#sec:command_line_warnings
[20:28:18]: â–¸ BUILD SUCCESSFUL in 1m 38s
[20:28:18]: â–¸ 109 actionable tasks: 102 executed, 7 up-to-date
[20:28:20]: assembleRelease accountcenter-sample
[20:28:20]: -----------------------------
[20:28:20]: --- Step: assembleRelease ---
[20:28:20]: -----------------------------
[20:28:20]: $ /Users/a803506/AndroidStudioProjects/android_plugin_account_center/accountcenter-sample/gradlew assembleRelease -p accountcenter-sample
[20:28:21]: â–¸ > Configure project :accountcenter
[20:28:21]: â–¸ **** JOHN AccountCenter uploadArchives ****
[20:28:21]: â–¸ ---Starting NAC uploadArchives---
[20:28:21]: â–¸ **** JOHN AccountCenter UPLOAD TO DEV ****
[20:28:21]: â–¸ :::  NAC Uploading to snapshots.. for the task: [assembleRelease]
[20:28:21]: â–¸ **** JOHN AccountCenter USERNAME: admin ****
[20:28:21]: â–¸ **** JOHN AccountCenter TOKEN: wkmpr32ogwcxdvre3wtxbm4zgmf6cds27o35mhvxvp7743s7kj3a ****
[20:28:21]: â–¸ ==================== Attach lint task to compileDebugSources
[20:28:21]: â–¸ > Configure project :app
[20:28:21]: â–¸ registerResGeneratingTask is deprecated, use registerGeneratedResFolders(FileCollection)
[20:28:21]: â–¸ registerResGeneratingTask is deprecated, use registerGeneratedResFolders(FileCollection)
[20:28:21]: â–¸ > Configure project :dualcard
[20:28:21]: â–¸ ---Starting dualCard uploadArchives---
[20:28:21]: â–¸ **** JOHN DUALCARD UPLOAD TO DEV ****
[20:28:21]: â–¸ :::  DualCard Uploading to snapshots with task: [assembleRelease]
[20:28:21]: â–¸ ====================Dual card Attach lint task to compileDebugSources
[20:28:21]: â–¸ > Task :accountcenter:preBuild UP-TO-DATE
[20:28:21]: â–¸ > Task :accountcenter:preReleaseBuild UP-TO-DATE
[20:28:21]: â–¸ > Task :accountcenter:checkReleaseManifest UP-TO-DATE
[20:28:21]: â–¸ > Task :accountcenter:generateReleaseBuildConfig UP-TO-DATE
[20:28:21]: â–¸ > Task :accountcenter:generateReleaseResValues UP-TO-DATE
[20:28:21]: â–¸ > Task :accountcenter:processReleaseManifest UP-TO-DATE
[20:28:21]: â–¸ > Task :accountcenter:javaPreCompileRelease UP-TO-DATE
[20:28:21]: â–¸ > Task :accountcenter:compileReleaseAidl NO-SOURCE
[20:28:21]: â–¸ > Task :accountcenter:compileReleaseRenderscript NO-SOURCE
[20:28:21]: â–¸ > Task :accountcenter:generateReleaseResources UP-TO-DATE
[20:28:21]: â–¸ > Task :accountcenter:packageReleaseResources UP-TO-DATE
[20:28:21]: â–¸ > Task :accountcenter:parseReleaseLibraryResources UP-TO-DATE
[20:28:21]: â–¸ > Task :accountcenter:generateReleaseRFile UP-TO-DATE
[20:28:21]: â–¸ > Task :accountcenter:compileReleaseJavaWithJavac UP-TO-DATE
[20:28:23]: â–¸ > Task :accountcenter:extractReleaseAnnotations
[20:28:23]: â–¸ > Task :accountcenter:mergeReleaseGeneratedProguardFiles UP-TO-DATE
[20:28:23]: â–¸ > Task :accountcenter:mergeReleaseConsumerProguardFiles
[20:28:23]: â–¸ > Task :accountcenter:mergeReleaseShaders
[20:28:23]: â–¸ > Task :accountcenter:compileReleaseShaders
[20:28:23]: â–¸ > Task :accountcenter:generateReleaseAssets
[20:28:23]: â–¸ > Task :accountcenter:packageReleaseAssets
[20:28:23]: â–¸ > Task :accountcenter:packageReleaseRenderscript NO-SOURCE
[20:28:23]: â–¸ > Task :accountcenter:prepareLintJarForPublish UP-TO-DATE
[20:28:23]: â–¸ > Task :accountcenter:processReleaseJavaRes NO-SOURCE
[20:28:23]: â–¸ > Task :accountcenter:mergeReleaseJniLibFolders
[20:28:23]: â–¸ > Task :accountcenter:mergeReleaseNativeLibs
[20:28:23]: â–¸ > Task :accountcenter:stripReleaseDebugSymbols
[20:28:23]: â–¸ > Task :accountcenter:transformNativeLibsWithSyncJniLibsForRelease
[20:28:24]: â–¸ > Task :accountcenter:mergeReleaseResources
[20:28:24]: â–¸ > Task :accountcenter:compileReleaseSources
[20:28:25]: â–¸ > Task :accountcenter:mergeReleaseJavaResource
[20:28:26]: â–¸ > Task :accountcenter:transformClassesAndResourcesWithSyncLibJarsForRelease
[20:28:27]: â–¸ > Task :accountcenter:bundleReleaseAar
[20:28:27]: â–¸ > Task :accountcenter:verifyReleaseResources
[20:28:27]: â–¸ > Task :accountcenter:assembleRelease
[20:28:27]: â–¸ > Task :accountcenter:bundleLibCompileRelease UP-TO-DATE
[20:28:27]: â–¸ > Task :app:preBuild UP-TO-DATE
[20:28:27]: â–¸ > Task :app:extractProguardFiles
[20:28:27]: â–¸ > Task :app:preReleaseBuild
[20:28:27]: â–¸ > Task :dualcard:preBuild UP-TO-DATE
[20:28:27]: â–¸ > Task :dualcard:preReleaseBuild UP-TO-DATE
[20:28:27]: â–¸ > Task :dualcard:compileReleaseAidl NO-SOURCE
[20:28:27]: â–¸ > Task :app:compileReleaseAidl NO-SOURCE
[20:28:27]: â–¸ > Task :dualcard:packageReleaseRenderscript NO-SOURCE
[20:28:27]: â–¸ > Task :app:checkReleaseManifest
[20:28:27]: â–¸ > Task :app:compileReleaseRenderscript NO-SOURCE
[20:28:27]: â–¸ > Task :app:generateReleaseBuildConfig
[20:28:27]: â–¸ > Task :dualcard:checkReleaseManifest UP-TO-DATE
[20:28:27]: â–¸ > Task :dualcard:compileReleaseRenderscript NO-SOURCE
[20:28:27]: â–¸ > Task :dualcard:generateReleaseBuildConfig UP-TO-DATE
[20:28:27]: â–¸ > Task :dualcard:generateReleaseResValues UP-TO-DATE
[20:28:27]: â–¸ > Task :dualcard:generateReleaseResources UP-TO-DATE
[20:28:27]: â–¸ > Task :dualcard:packageReleaseResources UP-TO-DATE
[20:28:27]: â–¸ > Task :dualcard:parseReleaseLibraryResources UP-TO-DATE
[20:28:27]: â–¸ > Task :dualcard:processReleaseManifest UP-TO-DATE
[20:28:27]: â–¸ > Task :dualcard:generateReleaseRFile UP-TO-DATE
[20:28:27]: â–¸ > Task :dualcard:javaPreCompileRelease UP-TO-DATE
[20:28:27]: â–¸ > Task :dualcard:compileReleaseJavaWithJavac UP-TO-DATE
[20:28:27]: â–¸ > Task :app:mainApkListPersistenceRelease
[20:28:27]: â–¸ > Task :app:mergeReleaseShaders
[20:28:27]: â–¸ > Task :app:compileReleaseShaders
[20:28:27]: â–¸ > Task :app:generateReleaseAssets
[20:28:27]: â–¸ > Task :dualcard:mergeReleaseShaders
[20:28:27]: â–¸ > Task :dualcard:compileReleaseShaders
[20:28:27]: â–¸ > Task :dualcard:generateReleaseAssets
[20:28:27]: â–¸ > Task :dualcard:packageReleaseAssets
[20:28:27]: â–¸ > Task :app:mergeReleaseAssets
[20:28:27]: â–¸ > Task :app:writeReleaseApplicationId
[20:28:27]: â–¸ > Task :app:processReleaseGoogleServices
[20:28:27]: â–¸ Parsing json file: /Users/a803506/AndroidStudioProjects/android_plugin_account_center/accountcenter-sample/app/google-services.json
[20:28:27]: â–¸ > Task :dualcard:bundleLibCompileRelease
[20:28:27]: â–¸ > Task :app:createReleaseCompatibleScreenManifests
[20:28:27]: â–¸ > Task :app:processReleaseManifest
[20:28:27]: â–¸ > Task :app:fabricGenerateResourcesRelease
[20:28:27]: â–¸ > Task :app:generateReleaseResValues
[20:28:27]: â–¸ > Task :app:generateReleaseResources
[20:28:28]: â–¸ > Task :app:javaPreCompileRelease
[20:28:28]: â–¸ > Task :app:validateSigningRelease
[20:28:28]: â–¸ > Task :app:signingConfigWriterRelease
[20:28:28]: â–¸ > Task :accountcenter:transformNativeLibsWithIntermediateJniLibsForRelease
[20:28:28]: â–¸ > Task :app:mergeReleaseJniLibFolders
[20:28:28]: â–¸ > Task :dualcard:processReleaseJavaRes NO-SOURCE
[20:28:28]: â–¸ > Task :dualcard:mergeReleaseJniLibFolders
[20:28:28]: â–¸ > Task :dualcard:bundleLibResRelease
[20:28:28]: â–¸ > Task :dualcard:mergeReleaseNativeLibs
[20:28:28]: â–¸ > Task :dualcard:stripReleaseDebugSymbols
[20:28:28]: â–¸ > Task :dualcard:transformNativeLibsWithIntermediateJniLibsForRelease
[20:28:28]: â–¸ > Task :app:processReleaseJavaRes NO-SOURCE
[20:28:29]: â–¸ > Task :accountcenter:bundleLibResRelease
[20:28:29]: â–¸ > Task :dualcard:mergeReleaseGeneratedProguardFiles UP-TO-DATE
[20:28:29]: â–¸ > Task :dualcard:mergeReleaseConsumerProguardFiles UP-TO-DATE
[20:28:29]: â–¸ > Task :dualcard:bundleLibRuntimeRelease
[20:28:29]: â–¸ > Task :app:prepareLintJar UP-TO-DATE
[20:28:29]: â–¸ > Task :dualcard:prepareLintJarForPublish UP-TO-DATE
[20:28:29]: â–¸ > Task :dualcard:extractReleaseAnnotations
[20:28:29]: â–¸ > Task :dualcard:transformNativeLibsWithSyncJniLibsForRelease
[20:28:30]: â–¸ > Task :dualcard:mergeReleaseResources
[20:28:30]: â–¸ > Task :dualcard:compileReleaseSources
[20:28:31]: â–¸ > Task :app:mergeReleaseResources
[20:28:32]: â–¸ > Task :app:processReleaseResources
[20:28:32]: â–¸ > Task :app:compileReleaseJavaWithJavac
[20:28:32]: â–¸ Note: Some input files use or override a deprecated API.
[20:28:32]: â–¸ Note: Recompile with -Xlint:deprecation for details.
[20:28:32]: â–¸ > Task :app:compileReleaseSources
[20:28:32]: â–¸ > Task :app:mergeReleaseGeneratedProguardFiles UP-TO-DATE
[20:28:33]: â–¸ > Task :app:lintVitalRelease
[20:28:33]: â–¸ > Task :dualcard:verifyReleaseResources
[20:28:33]: â–¸ > Task :app:mergeReleaseJavaResource
[20:28:33]: â–¸ > Task :app:mergeReleaseNativeLibs
[20:28:33]: â–¸ > Task :app:stripReleaseDebugSymbols
[20:28:33]: â–¸ > Task :accountcenter:bundleLibRuntimeRelease
[20:28:40]: â–¸ > Task :app:transformClassesWithFirebasePerformancePluginForRelease
[20:28:40]: â–¸ java.lang.ClassNotFoundException: android.graphics.fonts.Font
[20:28:40]: â–¸ java.lang.ClassNotFoundException: android.graphics.fonts.Font
[20:28:40]: â–¸ java.lang.ClassNotFoundException: android.graphics.fonts.Font
[20:28:40]: â–¸ java.lang.ClassNotFoundException: android.graphics.fonts.Font
[20:28:59]: â–¸ > Task :dualcard:mergeReleaseJavaResource
[20:29:00]: â–¸ > Task :app:transformClassesAndResourcesWithR8ForRelease
[20:29:02]: â–¸ > Task :app:transformClassesAndDexWithShrinkResForRelease
[20:29:02]: â–¸ Removed unused resources: Binary resource data reduced from 1548KB to 1522KB: Removed 1%
[20:29:04]: â–¸ > Task :app:packageRelease
[20:29:05]: â–¸ > Task :app:crashlyticsStoreDeobsRelease
[20:29:27]: â–¸ > Task :app:crashlyticsUploadDeobsRelease
[20:29:27]: â–¸ WARN - Crashlytics had a problem uploading the deobs file. Please check network connectivity and try again...
[20:29:27]: â–¸ > Task :app:assembleRelease
[20:29:27]: â–¸ > Task :dualcard:transformClassesAndResourcesWithSyncLibJarsForRelease
[20:29:27]: â–¸ > Task :dualcard:bundleReleaseAar
[20:29:27]: â–¸ > Task :dualcard:assembleRelease
[20:29:27]: â–¸ Deprecated Gradle features were used in this build, making it incompatible with Gradle 6.0.
[20:29:27]: â–¸ Use '--warning-mode all' to show the individual deprecation warnings.
[20:29:27]: â–¸ See https://docs.gradle.org/5.4.1/userguide/command_line_interface.html#sec:command_line_warnings
[20:29:27]: â–¸ BUILD SUCCESSFUL in 1m 6s
[20:29:27]: â–¸ 90 actionable tasks: 64 executed, 26 up-to-date
[20:29:29]: Cruising back to lane 'android all' ðŸš˜
[20:29:29]: ------------------------------------------
[20:29:29]: --- Step: Switch to android tests lane ---
[20:29:29]: ------------------------------------------
[20:29:29]: Cruising over to lane 'android tests' ðŸš–
[20:29:29]: app:testDebug accountcenter-sample
[20:29:29]: ---------------------------
[20:29:29]: --- Step: app:testDebug ---
[20:29:29]: ---------------------------
[20:29:29]: $ /Users/a803506/AndroidStudioProjects/android_plugin_account_center/accountcenter-sample/gradlew app:testDebug -p accountcenter-sample
[20:29:29]: â–¸ > Configure project :accountcenter
[20:29:29]: â–¸ **** JOHN AccountCenter uploadArchives ****
[20:29:29]: â–¸ ---Starting NAC uploadArchives---
[20:29:29]: â–¸ **** JOHN AccountCenter UPLOAD TO DEV ****
[20:29:29]: â–¸ :::  NAC Uploading to snapshots.. for the task: [app:testDebug]
[20:29:29]: â–¸ **** JOHN AccountCenter USERNAME: admin ****
[20:29:29]: â–¸ **** JOHN AccountCenter TOKEN: wkmpr32ogwcxdvre3wtxbm4zgmf6cds27o35mhvxvp7743s7kj3a ****
[20:29:29]: â–¸ ==================== Attach lint task to compileDebugSources
[20:29:29]: â–¸ > Configure project :app
[20:29:29]: â–¸ registerResGeneratingTask is deprecated, use registerGeneratedResFolders(FileCollection)
[20:29:29]: â–¸ registerResGeneratingTask is deprecated, use registerGeneratedResFolders(FileCollection)
[20:29:29]: â–¸ > Configure project :dualcard
[20:29:29]: â–¸ ---Starting dualCard uploadArchives---
[20:29:29]: â–¸ **** JOHN DUALCARD UPLOAD TO DEV ****
[20:29:29]: â–¸ :::  DualCard Uploading to snapshots with task: [app:testDebug]
[20:29:29]: â–¸ ====================Dual card Attach lint task to compileDebugSources
[20:29:30]: â–¸ > Task :accountcenter:preBuild UP-TO-DATE
[20:29:30]: â–¸ > Task :accountcenter:preDebugBuild UP-TO-DATE
[20:29:30]: â–¸ > Task :accountcenter:checkDebugManifest UP-TO-DATE
[20:29:30]: â–¸ > Task :accountcenter:generateDebugBuildConfig UP-TO-DATE
[20:29:30]: â–¸ > Task :accountcenter:generateDebugResValues UP-TO-DATE
[20:29:30]: â–¸ > Task :accountcenter:processDebugManifest UP-TO-DATE
[20:29:30]: â–¸ > Task :accountcenter:javaPreCompileDebug UP-TO-DATE
[20:29:30]: â–¸ > Task :accountcenter:compileDebugAidl NO-SOURCE
[20:29:30]: â–¸ > Task :accountcenter:compileDebugRenderscript NO-SOURCE
[20:29:30]: â–¸ > Task :accountcenter:generateDebugResources UP-TO-DATE
[20:29:30]: â–¸ > Task :accountcenter:packageDebugResources UP-TO-DATE
[20:29:30]: â–¸ > Task :accountcenter:parseDebugLibraryResources UP-TO-DATE
[20:29:30]: â–¸ > Task :accountcenter:generateDebugRFile UP-TO-DATE
[20:29:30]: â–¸ > Task :accountcenter:compileDebugJavaWithJavac UP-TO-DATE
[20:29:30]: â–¸ > Task :accountcenter:processDebugJavaRes NO-SOURCE
[20:29:30]: â–¸ > Task :accountcenter:bundleLibResDebug UP-TO-DATE
[20:29:30]: â–¸ > Task :accountcenter:jacocoDebug UP-TO-DATE
[20:29:30]: â–¸ > Task :accountcenter:bundleLibRuntimeDebug UP-TO-DATE
[20:29:30]: â–¸ > Task :accountcenter:bundleLibCompileDebug UP-TO-DATE
[20:29:30]: â–¸ > Task :app:preBuild UP-TO-DATE
[20:29:30]: â–¸ > Task :app:preDebugBuild UP-TO-DATE
[20:29:30]: â–¸ > Task :dualcard:preBuild UP-TO-DATE
[20:29:30]: â–¸ > Task :dualcard:preDebugBuild UP-TO-DATE
[20:29:30]: â–¸ > Task :dualcard:compileDebugAidl NO-SOURCE
[20:29:30]: â–¸ > Task :app:compileDebugAidl NO-SOURCE
[20:29:30]: â–¸ > Task :accountcenter:packageDebugRenderscript NO-SOURCE
[20:29:30]: â–¸ > Task :dualcard:packageDebugRenderscript NO-SOURCE
[20:29:30]: â–¸ > Task :app:compileDebugRenderscript NO-SOURCE
[20:29:30]: â–¸ > Task :app:checkDebugManifest UP-TO-DATE
[20:29:30]: â–¸ > Task :app:generateDebugBuildConfig UP-TO-DATE
[20:29:30]: â–¸ > Task :dualcard:checkDebugManifest UP-TO-DATE
[20:29:30]: â–¸ > Task :dualcard:compileDebugRenderscript NO-SOURCE
[20:29:30]: â–¸ > Task :dualcard:generateDebugBuildConfig UP-TO-DATE
[20:29:30]: â–¸ > Task :dualcard:generateDebugResValues UP-TO-DATE
[20:29:30]: â–¸ > Task :dualcard:generateDebugResources UP-TO-DATE
[20:29:30]: â–¸ > Task :dualcard:packageDebugResources UP-TO-DATE
[20:29:30]: â–¸ > Task :dualcard:parseDebugLibraryResources UP-TO-DATE
[20:29:30]: â–¸ > Task :dualcard:processDebugManifest UP-TO-DATE
[20:29:30]: â–¸ > Task :dualcard:generateDebugRFile UP-TO-DATE
[20:29:30]: â–¸ > Task :dualcard:javaPreCompileDebug UP-TO-DATE
[20:29:30]: â–¸ > Task :dualcard:compileDebugJavaWithJavac UP-TO-DATE
[20:29:30]: â–¸ > Task :dualcard:bundleLibCompileDebug UP-TO-DATE
[20:29:30]: â–¸ > Task :app:javaPreCompileDebug UP-TO-DATE
[20:29:30]: â–¸ > Task :app:mainApkListPersistenceDebug UP-TO-DATE
[20:29:30]: â–¸ > Task :accountcenter:mergeDebugShaders UP-TO-DATE
[20:29:30]: â–¸ > Task :accountcenter:compileDebugShaders UP-TO-DATE
[20:29:30]: â–¸ > Task :accountcenter:generateDebugAssets UP-TO-DATE
[20:29:30]: â–¸ > Task :accountcenter:packageDebugAssets UP-TO-DATE
[20:29:30]: â–¸ > Task :app:mergeDebugShaders UP-TO-DATE
[20:29:30]: â–¸ > Task :app:compileDebugShaders UP-TO-DATE
[20:29:30]: â–¸ > Task :app:generateDebugAssets UP-TO-DATE
[20:29:30]: â–¸ > Task :dualcard:mergeDebugShaders UP-TO-DATE
[20:29:30]: â–¸ > Task :dualcard:compileDebugShaders UP-TO-DATE
[20:29:30]: â–¸ > Task :dualcard:generateDebugAssets UP-TO-DATE
[20:29:30]: â–¸ > Task :dualcard:packageDebugAssets UP-TO-DATE
[20:29:30]: â–¸ > Task :app:mergeDebugAssets UP-TO-DATE
[20:29:30]: â–¸ > Task :app:writeDebugApplicationId UP-TO-DATE
[20:29:30]: â–¸ > Task :app:processDebugGoogleServices
[20:29:30]: â–¸ Parsing json file: /Users/a803506/AndroidStudioProjects/android_plugin_account_center/accountcenter-sample/app/google-services.json
[20:29:30]: â–¸ > Task :app:createDebugCompatibleScreenManifests UP-TO-DATE
[20:29:30]: â–¸ > Task :app:generateDebugResValues UP-TO-DATE
[20:29:30]: â–¸ > Task :app:processDebugManifest UP-TO-DATE
[20:29:30]: â–¸ > Task :app:fabricGenerateResourcesDebug
[20:29:30]: â–¸ > Task :app:generateDebugResources UP-TO-DATE
[20:29:30]: â–¸ > Task :app:preDebugUnitTestBuild UP-TO-DATE
[20:29:30]: â–¸ > Task :app:processDebugJavaRes NO-SOURCE
[20:29:30]: â–¸ > Task :app:processDebugUnitTestJavaRes NO-SOURCE
[20:29:30]: â–¸ > Task :dualcard:processDebugJavaRes NO-SOURCE
[20:29:30]: â–¸ > Task :dualcard:bundleLibResDebug UP-TO-DATE
[20:29:30]: â–¸ > Task :dualcard:bundleLibRuntimeDebug UP-TO-DATE
[20:29:30]: â–¸ > Task :app:mergeDebugResources
[20:29:31]: â–¸ > Task :app:processDebugResources
[20:29:32]: â–¸ > Task :app:compileDebugJavaWithJavac
[20:29:32]: â–¸ Note: Some input files use or override a deprecated API.
[20:29:32]: â–¸ Note: Recompile with -Xlint:deprecation for details.
[20:29:32]: â–¸ > Task :app:packageDebugUnitTestForUnitTest
[20:29:32]: â–¸ > Task :app:generateDebugUnitTestConfig
[20:29:32]: â–¸ > Task :app:javaPreCompileDebugUnitTest
[20:29:32]: â–¸ > Task :app:compileDebugUnitTestJavaWithJavac
[20:29:32]: â–¸ Note: Some input files use or override a deprecated API.
[20:29:32]: â–¸ Note: Recompile with -Xlint:deprecation for details.
[20:29:32]: â–¸ Note: Some input files use unchecked or unsafe operations.
[20:29:32]: â–¸ Note: Recompile with -Xlint:unchecked for details.
[20:29:41]: â–¸ > Task :app:testDebugUnitTest
[20:29:41]: â–¸ à² _à²  com.alliancedata.accountcentersample.SampleSsoHostIntegrationTest > getSamlAssertion_shouldReturnSuccessAndSetSaml  SKIPPED
[20:29:52]: â–¸ âœ“ com.alliancedata.accountcentersample.SampleSsoHostTest > getAccessKey_shouldCallOnFailureWhenUserStateIsTrustedButPasswordIsEmpty  SUCCESS
[20:29:52]: â–¸ âœ“ com.alliancedata.accountcentersample.SampleSsoHostTest > getSamlAssertion_shouldCallOneLoginUATAuthEndpointWithAuthHeadersByDefault  SUCCESS
[20:29:52]: â–¸ âœ“ com.alliancedata.accountcentersample.SampleSsoHostTest > getSamlAssertion_shouldCallOneLoginAuthEndpointWithAuthBody  SUCCESS
[20:29:52]: â–¸ âœ“ com.alliancedata.accountcentersample.SampleSsoHostTest > shouldBeAbleToSetUserState  SUCCESS
[20:29:52]: â–¸ âœ“ com.alliancedata.accountcentersample.SampleSsoHostTest > getAccessKey_shouldCallOnFailureWhenUserStateIsNotTrusted  SUCCESS
[20:29:52]: â–¸ âœ“ com.alliancedata.accountcentersample.SampleSsoHostTest > getSamlAssertion_shouldFailOnNonSuccessFromSamlRequest  SUCCESS
[20:29:52]: â–¸ âœ“ com.alliancedata.accountcentersample.SampleSsoHostTest > getAccessKey_shouldCallOnFailureWhenUserStateIsTrustedButPasswordIsNull  SUCCESS
[20:29:52]: â–¸ âœ“ com.alliancedata.accountcentersample.SampleSsoHostTest > getSamlAssertion_shouldFailOnNonSuccessFromAuthorizationRequest  SUCCESS
[20:29:53]: â–¸ âœ“ com.alliancedata.accountcentersample.SampleSsoHostTest > getSamlAssertion_shouldFailIfUserStateIsUntrusted  SUCCESS
[20:29:53]: â–¸ âœ“ com.alliancedata.accountcentersample.SampleSsoHostTest > getSamlAssertion_givenSamlJSONContainsAnAssertionShouldAlwaysCallbackWithSamlAssertionOnSuccess  SUCCESS
[20:29:53]: â–¸ âœ“ com.alliancedata.accountcentersample.SampleSsoHostTest > getSamlAssertion_givenSamlJSONWithoutAnAssertionShouldCallbackOnFailure  SUCCESS
[20:29:53]: â–¸ âœ“ com.alliancedata.accountcentersample.SampleSsoHostTest > getSamlAssertion_givenSamlJSONContainsAResponseShouldAlwaysCallbackWithExtractedSamlAssertionOnSuccess  SUCCESS
[20:29:53]: â–¸ âœ“ com.alliancedata.accountcentersample.SampleSsoHostTest > getAccessKey_shouldCallOnFailureWhenUserStateIsTrustedButUsernameIsEmpty  SUCCESS
[20:29:53]: â–¸ âœ“ com.alliancedata.accountcentersample.SampleSsoHostTest > getAccessKey_shouldCallOnSuccessWhenUserStateIsTrusted  SUCCESS
[20:29:53]: â–¸ âœ“ com.alliancedata.accountcentersample.SampleSsoHostTest > defaultUserStateShouldBeUntrusted  SUCCESS
[20:29:53]: â–¸ âŒ com.alliancedata.accountcentersample.MenuModeActivityTest > whenHomeIsSelectedThenShouldGoHome  FAILURE
[20:29:53]: â–¸ com.alliancedata.accountcentersample.MenuModeActivityTest > whenHomeIsSelectedThenShouldGoHome FAILED
[20:29:53]: â–¸ java.lang.ExceptionInInitializerError
[20:29:53]: â–¸ at com.alliancedata.accountcentersample.MenuModeActivityTest.setUp(MenuModeActivityTest.java:67)
[20:29:53]: â–¸ Caused by:
[20:29:53]: â–¸ java.lang.RuntimeException: java.lang.reflect.InvocationTargetException
[20:29:53]: â–¸ at org.robolectric.internal.bytecode.ShadowWrangler.classInitializing(ShadowWrangler.java:154)
[20:29:53]: â–¸ at org.robolectric.internal.bytecode.RobolectricInternals.classInitializing(RobolectricInternals.java:21)
[20:29:53]: â–¸ at androidx.fragment.app.testing.FragmentScenario.<clinit>(FragmentScenario.kt)
[20:29:53]: â–¸ ... 1 more
[20:29:53]: â–¸ Caused by:
[20:29:53]: â–¸ java.lang.reflect.InvocationTargetException
[20:29:53]: â–¸ at sun.reflect.NativeMethodAccessorImpl.invoke0(Native Method)
[20:29:53]: â–¸ at sun.reflect.NativeMethodAccessorImpl.invoke(NativeMethodAccessorImpl.java:62)
[20:29:53]: â–¸ at sun.reflect.DelegatingMethodAccessorImpl.invoke(DelegatingMethodAccessorImpl.java:43)
[20:29:53]: â–¸ at java.lang.reflect.Method.invoke(Method.java:498)
[20:29:53]: â–¸ at org.robolectric.internal.bytecode.RobolectricInternals.performStaticInitialization(RobolectricInternals.java:61)
[20:29:53]: â–¸ at org.robolectric.internal.bytecode.ShadowWrangler.classInitializing(ShadowWrangler.java:151)
[20:29:53]: â–¸ ... 3 more
[20:29:53]: â–¸ Caused by:
[20:29:53]: â–¸ java.lang.BootstrapMethodError: java.lang.IllegalAccessError: tried to access class kotlin.jvm.internal.DefaultConstructorMarker from class androidx.fragment.app.testing.FragmentScenario$Companion
[20:29:53]: â–¸ at androidx.fragment.app.testing.FragmentScenario$Companion.<init>(FragmentScenario.kt)
[20:29:53]: â–¸ at androidx.fragment.app.testing.FragmentScenario.__staticInitializer__(FragmentScenario.kt)
[20:29:53]: â–¸ ... 9 more
[20:29:53]: â–¸ Caused by:
[20:29:53]: â–¸ java.lang.IllegalAccessError: tried to access class kotlin.jvm.internal.DefaultConstructorMarker from class androidx.fragment.app.testing.FragmentScenario$Companion
[20:29:53]: â–¸ at androidx.fragment.app.testing.FragmentScenario$Companion.<init>(FragmentScenario.kt)
[20:29:53]: â–¸ ... 10 more
[20:29:53]: â–¸ âœ“ com.alliancedata.accountcentersample.SampleSsoHostTest > getSamlAssertion_shouldCallOneLoginAuthEndpoint  SUCCESS
[20:29:53]: â–¸ âŒ com.alliancedata.accountcentersample.MenuModeActivityTest > whenBecomeUntrustedIsSelectedThenTheSsoHostIsUpdatedToUntrusted  FAILURE
[20:29:53]: â–¸ com.alliancedata.accountcentersample.MenuModeActivityTest > whenBecomeUntrustedIsSelectedThenTheSsoHostIsUpdatedToUntrusted FAILED
[20:29:53]: â–¸ java.lang.NoClassDefFoundError: Could not initialize class androidx.fragment.app.testing.FragmentScenario
[20:29:53]: â–¸ at com.alliancedata.accountcentersample.MenuModeActivityTest.setUp(MenuModeActivityTest.java:67)
[20:29:53]: â–¸ âœ“ com.alliancedata.accountcentersample.SampleSsoHostTest > getAccessKey_shouldCallOnFailureWhenUserStateIsTrustedButUsernameIsNull  SUCCESS
[20:29:53]: â–¸ âŒ com.alliancedata.accountcentersample.MenuModeActivityTest > givenDevHomeNotVisibleWhenMyCardIsSelectedThenSsoHostIsNotUpdated  FAILURE
[20:29:53]: â–¸ com.alliancedata.accountcentersample.MenuModeActivityTest > givenDevHomeNotVisibleWhenMyCardIsSelectedThenSsoHostIsNotUpdated FAILED
[20:29:53]: â–¸ java.lang.NoClassDefFoundError: Could not initialize class androidx.fragment.app.testing.FragmentScenario
[20:29:53]: â–¸ at com.alliancedata.accountcentersample.MenuModeActivityTest.setUp(MenuModeActivityTest.java:67)
[20:29:53]: â–¸ âŒ com.alliancedata.accountcentersample.MenuModeActivityTest > whenMyCardIsSelectedThenShouldGoToMyCard  FAILURE
[20:29:53]: â–¸ com.alliancedata.accountcentersample.MenuModeActivityTest > whenMyCardIsSelectedThenShouldGoToMyCard FAILED
[20:29:53]: â–¸ java.lang.NoClassDefFoundError: Could not initialize class androidx.fragment.app.testing.FragmentScenario
[20:29:53]: â–¸ at com.alliancedata.accountcentersample.MenuModeActivityTest.setUp(MenuModeActivityTest.java:67)
[20:29:53]: â–¸ âœ“ com.alliancedata.accountcentersample.SampleSsoHostTest > linkStateChanged_shouldUpdateLinkState  SUCCESS
[20:29:53]: â–¸ âŒ com.alliancedata.accountcentersample.MenuModeActivityTest > activityContainsDrawer  FAILURE
[20:29:53]: â–¸ com.alliancedata.accountcentersample.MenuModeActivityTest > activityContainsDrawer FAILED
[20:29:53]: â–¸ java.lang.NoClassDefFoundError: Could not initialize class androidx.fragment.app.testing.FragmentScenario
[20:29:53]: â–¸ at com.alliancedata.accountcentersample.MenuModeActivityTest.setUp(MenuModeActivityTest.java:67)
[20:29:53]: â–¸ âœ“ com.alliancedata.accountcentersample.SampleSsoHostTest > getSamlAssertion_shouldFailIfUserStateIsRecognized  SUCCESS
[20:29:54]: â–¸ âŒ com.alliancedata.accountcentersample.MenuModeActivityTest > givenDevHomeIsVisibleWhenMyCardIsSelectedThenUpdatesDevHomeSsoHost  FAILURE
[20:29:54]: â–¸ com.alliancedata.accountcentersample.MenuModeActivityTest > givenDevHomeIsVisibleWhenMyCardIsSelectedThenUpdatesDevHomeSsoHost FAILED
[20:29:54]: â–¸ java.lang.NoClassDefFoundError: Could not initialize class androidx.fragment.app.testing.FragmentScenario
[20:29:54]: â–¸ at com.alliancedata.accountcentersample.MenuModeActivityTest.setUp(MenuModeActivityTest.java:67)
[20:29:54]: â–¸ âŒ com.alliancedata.accountcentersample.MenuModeActivityTest > whenBecomeUntrustedIsSelectedThenTheAccountCenterIsNotifiedOfUserStateChange  FAILURE
[20:29:54]: â–¸ com.alliancedata.accountcentersample.MenuModeActivityTest > whenBecomeUntrustedIsSelectedThenTheAccountCenterIsNotifiedOfUserStateChange FAILED
[20:29:54]: â–¸ java.lang.NoClassDefFoundError: Could not initialize class androidx.fragment.app.testing.FragmentScenario
[20:29:54]: â–¸ at com.alliancedata.accountcentersample.MenuModeActivityTest.setUp(MenuModeActivityTest.java:67)
[20:29:54]: â–¸ âœ“ com.alliancedata.accountcentersample.HttpUtilityTest > convertInputStreamToString_ShouldConvertInputStreamToString  SUCCESS
[20:29:54]: â–¸ âœ“ com.alliancedata.accountcentersample.HttpUtilityTest > convertInputStreamToStringShouldReturnJSONOBjectThatWeCanGetAValueWithAKey  SUCCESS
[20:29:54]: â–¸ âœ“ com.alliancedata.accountcentersample.client.ServiceBasedClientProviderTest > returnsDetailsForClientWhenFoundInNavigationItems  SUCCESS
[20:29:54]: â–¸ âŒ com.alliancedata.accountcentersample.TabbedModeFragmentTest > shouldHaveAViewPagerUponCreation  FAILURE
[20:29:54]: â–¸ com.alliancedata.accountcentersample.TabbedModeFragmentTest > shouldHaveAViewPagerUponCreation FAILED
[20:29:54]: â–¸ java.lang.ExceptionInInitializerError
[20:29:54]: â–¸ at com.alliancedata.accountcentersample.TabbedModeFragmentTest.setUp(TabbedModeFragmentTest.java:35)
[20:29:54]: â–¸ Caused by:
[20:29:54]: â–¸ java.lang.RuntimeException: java.lang.reflect.InvocationTargetException
[20:29:54]: â–¸ at org.robolectric.internal.bytecode.ShadowWrangler.classInitializing(ShadowWrangler.java:154)
[20:29:54]: â–¸ at org.robolectric.internal.bytecode.RobolectricInternals.classInitializing(RobolectricInternals.java:21)
[20:29:54]: â–¸ at androidx.fragment.app.testing.FragmentScenario.<clinit>(FragmentScenario.kt)
[20:29:54]: â–¸ ... 1 more
[20:29:54]: â–¸ Caused by:
[20:29:54]: â–¸ java.lang.reflect.InvocationTargetException
[20:29:54]: â–¸ at sun.reflect.NativeMethodAccessorImpl.invoke0(Native Method)
[20:29:54]: â–¸ at sun.reflect.NativeMethodAccessorImpl.invoke(NativeMethodAccessorImpl.java:62)
[20:29:54]: â–¸ at sun.reflect.DelegatingMethodAccessorImpl.invoke(DelegatingMethodAccessorImpl.java:43)
[20:29:54]: â–¸ at java.lang.reflect.Method.invoke(Method.java:498)
[20:29:54]: â–¸ at org.robolectric.internal.bytecode.RobolectricInternals.performStaticInitialization(RobolectricInternals.java:61)
[20:29:54]: â–¸ at org.robolectric.internal.bytecode.ShadowWrangler.classInitializing(ShadowWrangler.java:151)
[20:29:54]: â–¸ ... 3 more
[20:29:54]: â–¸ Caused by:
[20:29:54]: â–¸ java.lang.BootstrapMethodError: java.lang.IllegalAccessError: tried to access class kotlin.jvm.internal.DefaultConstructorMarker from class androidx.fragment.app.testing.FragmentScenario$Companion
[20:29:54]: â–¸ at androidx.fragment.app.testing.FragmentScenario$Companion.<init>(FragmentScenario.kt)
[20:29:54]: â–¸ at androidx.fragment.app.testing.FragmentScenario.__staticInitializer__(FragmentScenario.kt)
[20:29:54]: â–¸ ... 9 more
[20:29:54]: â–¸ Caused by:
[20:29:54]: â–¸ java.lang.IllegalAccessError: tried to access class kotlin.jvm.internal.DefaultConstructorMarker from class androidx.fragment.app.testing.FragmentScenario$Companion
[20:29:54]: â–¸ at androidx.fragment.app.testing.FragmentScenario$Companion.<init>(FragmentScenario.kt)
[20:29:54]: â–¸ ... 10 more
[20:29:54]: â–¸ âŒ com.alliancedata.accountcentersample.TabbedModeFragmentTest > thirdTabShouldBeTheNativeAccountCenterFragment  FAILURE
[20:29:54]: â–¸ com.alliancedata.accountcentersample.TabbedModeFragmentTest > thirdTabShouldBeTheNativeAccountCenterFragment FAILED
[20:29:54]: â–¸ java.lang.NoClassDefFoundError: Could not initialize class androidx.fragment.app.testing.FragmentScenario
[20:29:54]: â–¸ at com.alliancedata.accountcentersample.TabbedModeFragmentTest.setUp(TabbedModeFragmentTest.java:35)
[20:29:54]: â–¸ âŒ com.alliancedata.accountcentersample.TabbedModeFragmentTest > viewPagerAdapterShouldHaveThreeTabs  FAILURE
[20:29:54]: â–¸ com.alliancedata.accountcentersample.TabbedModeFragmentTest > viewPagerAdapterShouldHaveThreeTabs FAILED
[20:29:54]: â–¸ java.lang.NoClassDefFoundError: Could not initialize class androidx.fragment.app.testing.FragmentScenario
[20:29:54]: â–¸ at com.alliancedata.accountcentersample.TabbedModeFragmentTest.setUp(TabbedModeFragmentTest.java:35)
[20:29:54]: â–¸ âœ“ com.alliancedata.accountcentersample.client.ServiceBasedClientProviderTest > returnsListOfClientsBasedOnService  SUCCESS
[20:29:54]: â–¸ âœ“ com.alliancedata.accountcentersample.client.ServiceBasedClientProviderTest > returnsEmptyListWhenNullResultReturnedFromService  SUCCESS
[20:29:54]: â–¸ âœ“ com.alliancedata.accountcentersample.client.ServiceBasedClientProviderTest > returnsDefaultDetailsForClientWhenNotFoundInNavigationItems  SUCCESS
[20:29:54]: â–¸ âœ“ com.alliancedata.accountcentersample.client.ServiceBasedClientProviderTest > returnsEmptyListWhenNoClientsAreReturnedFromService  SUCCESS
[20:29:54]: â–¸ âŒ com.alliancedata.accountcentersample.tabbed_fragments.DualNACFragmentTest > ifNACFailsWeShouldShowAnException  FAILURE
[20:29:54]: â–¸ com.alliancedata.accountcentersample.tabbed_fragments.DualNACFragmentTest > ifNACFailsWeShouldShowAnException FAILED
[20:29:54]: â–¸ java.lang.NoClassDefFoundError: Could not initialize class androidx.fragment.app.testing.FragmentScenario
[20:29:54]: â–¸ at com.alliancedata.accountcentersample.tabbed_fragments.DualNACFragmentTest.ifNACFailsWeShouldShowAnException(DualNACFragmentTest.java:69)
[20:29:55]: â–¸ âŒ com.alliancedata.accountcentersample.tabbed_fragments.DualNACFragmentTest > checkThatAAlertMessageIsReturned  FAILURE
[20:29:55]: â–¸ com.alliancedata.accountcentersample.tabbed_fragments.DualNACFragmentTest > checkThatAAlertMessageIsReturned FAILED
[20:29:55]: â–¸ java.lang.NoClassDefFoundError: Could not initialize class androidx.fragment.app.testing.FragmentScenario
[20:29:55]: â–¸ at com.alliancedata.accountcentersample.tabbed_fragments.DualNACFragmentTest.checkThatAAlertMessageIsReturned(DualNACFragmentTest.java:82)
[20:29:55]: â–¸ âŒ com.alliancedata.accountcentersample.tabbed_fragments.DualNACFragmentTest > weShouldBeAbleToDoDeepLink  FAILURE
[20:29:55]: â–¸ com.alliancedata.accountcentersample.tabbed_fragments.DualNACFragmentTest > weShouldBeAbleToDoDeepLink FAILED
[20:29:55]: â–¸ java.lang.NoClassDefFoundError: Could not initialize class androidx.fragment.app.testing.FragmentScenario
[20:29:55]: â–¸ at com.alliancedata.accountcentersample.tabbed_fragments.DualNACFragmentTest.weShouldBeAbleToDoDeepLink(DualNACFragmentTest.java:52)
[20:29:55]: â–¸ âŒ com.alliancedata.accountcentersample.tabbed_fragments.DualNACFragmentTest > NACFragmentShouldCallADSDualCardShow  FAILURE
[20:29:55]: â–¸ com.alliancedata.accountcentersample.tabbed_fragments.DualNACFragmentTest > NACFragmentShouldCallADSDualCardShow FAILED
[20:29:55]: â–¸ java.lang.NoClassDefFoundError: Could not initialize class androidx.fragment.app.testing.FragmentScenario
[20:29:55]: â–¸ at com.alliancedata.accountcentersample.tabbed_fragments.DualNACFragmentTest.NACFragmentShouldCallADSDualCardShow(DualNACFragmentTest.java:40)
[20:29:58]: â–¸ âœ“ com.alliancedata.accountcentersample.LandingPageFragmentTest > whenNoClientsAreReturnedFromProviderThenAMessageIsDisplayed  SUCCESS
[20:29:59]: â–¸ âœ“ com.alliancedata.accountcentersample.LandingPageFragmentTest > givenAProductionEnvironmentWhenTheLaunchButtonIsClickedThenAConstantAPIKeyIsSetOnTheIntent  SUCCESS
[20:30:00]: â–¸ âœ“ com.alliancedata.accountcentersample.LandingPageFragmentTest > clearCache_shouldClearCachedConfiguration  SUCCESS
[20:30:01]: â–¸ âœ“ com.alliancedata.accountcentersample.LandingPageFragmentTest > whenTheFragmentIsStartedThenTheClientListIsPopulatedInAlphabeticalOrder  SUCCESS
[20:30:02]: â–¸ âœ“ com.alliancedata.accountcentersample.LandingPageFragmentTest > theEnvironmentTextFieldShouldBeReadOnly  SUCCESS
[20:30:02]: â–¸ âœ“ com.alliancedata.accountcentersample.BaseIntegrationModeActivityTest > givenUpdateUserStateToRecognizedThenUserStateIsSetToRecognizedOnSSOHost  SUCCESS
[20:30:02]: â–¸ âœ“ com.alliancedata.accountcentersample.LandingPageFragmentTest > whenAClientNameIsChosenFromTheListThenTheClientNameIsAddedToTheClientNameTextField  SUCCESS
[20:30:03]: â–¸ âœ“ com.alliancedata.accountcentersample.LandingPageFragmentTest > whenTheTabbedLaunchButtonIsPressedThenTheEmbeddedModeIsSetToTrueOnTheIntent  SUCCESS
[20:30:03]: â–¸ âœ“ com.alliancedata.accountcentersample.LandingPageFragmentTest > whenMenuModeLaunchClickThenIntentRequestIsMadeToStartMenuModeActivity  SUCCESS
[20:30:04]: â–¸ âœ“ com.alliancedata.accountcentersample.BaseIntegrationModeActivityTest > givenUpdateUserStateToUntrustedThenUserStateIsSetToUntrustedOnSSOHost  SUCCESS
[20:30:04]: â–¸ âœ“ com.alliancedata.accountcentersample.LandingPageFragmentTest > theEnvironmentSpinnerIsPopulatedWithTheEnvironments  SUCCESS
[20:30:04]: â–¸ âœ“ com.alliancedata.accountcentersample.MainActivityTest > whenOnPrepareOptionsMenuThenDoesNotThrowException  SUCCESS
[20:30:05]: â–¸ âœ“ com.alliancedata.accountcentersample.LandingPageFragmentTest > whenTheLaunchButtonIsPressedThenTheCurrentAPIKeyIsOnTheIntent  SUCCESS
[20:30:05]: â–¸ âœ“ com.alliancedata.accountcentersample.LandingPageFragmentTest > whenTheLaunchButtonIsPressedThenTheCurrentEnvironmentIsSetOnTheIntent  SUCCESS
[20:30:06]: â–¸ âœ“ com.alliancedata.accountcentersample.BaseIntegrationModeActivityTest > whenInNonEmbeddedModeLaunchingAccountCenterCallsShowInNonEmbeddedMode  SUCCESS
[20:30:06]: â–¸ âœ“ com.alliancedata.accountcentersample.LandingPageFragmentTest > whenTheMenuLaunchButtonIsPressedThenTheEmbeddedModeIsSetToFalseOnTheIntent  SUCCESS
[20:30:07]: â–¸ âœ“ com.alliancedata.accountcentersample.LandingPageFragmentTest > whenAClientNameIsChosenFromTheListThenTheSameClientIsSelectedByDefaultNextTime  SUCCESS
[20:30:07]: â–¸ âœ“ com.alliancedata.accountcentersample.BaseIntegrationModeActivityTest > shouldSaveSsoStateWhenLaunchingApp  SUCCESS
[20:30:07]: â–¸ âœ“ com.alliancedata.accountcentersample.LandingPageFragmentTest > victoriasSecretClientIsSetByDefault  SUCCESS
[20:30:08]: â–¸ âœ“ com.alliancedata.accountcentersample.LandingPageFragmentTest > givenJsonVerionOnWhenTheLaunchButtonIsPressedThenJSONVERSIOnSetToTHEPassedValue  SUCCESS
[20:30:08]: â–¸ âœ“ com.alliancedata.accountcentersample.LandingPageFragmentTest > whenTheLaunchButtonIsClickedThenTheCurrentRetailerIsSetOnTheIntent  SUCCESS
[20:30:09]: â–¸ âœ“ com.alliancedata.accountcentersample.BaseIntegrationModeActivityTest > whenInEmbeddedModeLaunchingAccountCenterCallsShowWithExpectedConfiguration  SUCCESS
[20:30:09]: â–¸ âœ“ com.alliancedata.accountcentersample.MainActivityTest > whenActivityIsCreateThenSsoHostIsSet  SUCCESS
[20:30:09]: â–¸ âœ“ com.alliancedata.accountcentersample.LandingPageFragmentTest > givenJsonVerionOnWhenTheLaunchButtonIsPressedThenJSONVERSIOnSetToTHEPassedValueWithTrimmedValue  SUCCESS
[20:30:10]: â–¸ âœ“ com.alliancedata.accountcentersample.LandingPageFragmentTest > givenANonProductionEnvironmentWhenTheLaunchButtonIsClickedThenAConstantAPIKeyIsSetOnTheIntent  SUCCESS
[20:30:11]: â–¸ âœ“ com.alliancedata.accountcentersample.LandingPageFragmentTest > whenTheEnvironmentIsChosenFromTheSpinnerThenClientListIsUpdatedFromTheSelectedEnvironment  SUCCESS
[20:30:11]: â–¸ âœ“ com.alliancedata.accountcentersample.BaseIntegrationModeActivityTest > shouldShowDualCardTabbed  SUCCESS
[20:30:13]: â–¸ âœ“ com.alliancedata.accountcentersample.BaseIntegrationModeActivityTest > shouldNotShowAlertWhenShouldDisplayLoginIsFalse  SUCCESS
[20:30:14]: â–¸ âœ“ com.alliancedata.accountcentersample.MainActivityTest > whenActivityIsCreatedThenMainViewIsLandingPage  SUCCESS
[20:30:14]: â–¸ âœ“ com.alliancedata.accountcentersample.client.ClientListServiceTest > responseBodyConverterTakesAResponseAndConvertsItToAListOfStrings  SUCCESS
[20:30:14]: â–¸ âœ“ com.alliancedata.accountcentersample.client.ClientListServiceTest > responseBodyConverterReturnsEmptyListWhenResponseBodyCannotBeParsed  SUCCESS
[20:30:14]: â–¸ âœ“ com.alliancedata.accountcentersample.tabbed_fragments.TabbedActivityDismissalHandlerTest > whenHandleDismissalShouldGoBack  SUCCESS
[20:30:15]: â–¸ âœ“ com.alliancedata.accountcentersample.BaseIntegrationModeActivityTest > shouldLoadValuesFromBundle  SUCCESS
[20:30:16]: â–¸ âœ“ com.alliancedata.accountcentersample.DevHomeFragmentTest > whenTheRecognizedStateIsSelectedThenAccountCenterIsNotifiedOfUserStateChange  SUCCESS
[20:30:17]: â–¸ âœ“ com.alliancedata.accountcentersample.BaseIntegrationModeActivityTest > whenActivityStartsShouldShowDevHomeFragment  SUCCESS
[20:30:18]: â–¸ âœ“ com.alliancedata.accountcentersample.DevHomeFragmentTest > givenTheDismissalHandlerIsToggledOffWhenTheUnlinkProcessIsStartedThenADismissalHandlerIsNotProvided  SUCCESS
[20:30:19]: â–¸ âœ“ com.alliancedata.accountcentersample.BaseIntegrationModeActivityTest > shouldShowAlertWhenShouldDisplayLoginIsTrue  SUCCESS
[20:30:19]: â–¸ âœ“ com.alliancedata.accountcentersample.client.ClientProviderRegistryTest > returnsServiceProviderWhenEnvironmentRequestedIsStage  SUCCESS
[20:30:19]: â–¸ âœ“ com.alliancedata.accountcentersample.client.ClientProviderRegistryTest > returnsServiceProviderWhenEnvironmentRequestedIsProd  SUCCESS
[20:30:19]: â–¸ âœ“ com.alliancedata.accountcentersample.client.ClientProviderRegistryTest > returnsServiceProviderWhenEnvironmentRequestedIsDev  SUCCESS
[20:30:19]: â–¸ âœ“ com.alliancedata.accountcentersample.client.ClientProviderRegistryTest > returnsServiceProviderWhenEnvironmentRequestedIsQA  SUCCESS
[20:30:20]: â–¸ âœ“ com.alliancedata.accountcentersample.DevHomeFragmentTest > givenUntrustedStateSelectedByDefaultAndTrustedStateAlreadySetOnSsoHostWhenAccountCenterIsLaunchedThenSampleSsoHostIsUpdated  SUCCESS
[20:30:21]: â–¸ âœ“ com.alliancedata.accountcentersample.DevHomeFragmentTest > togglingUserStateToTrustedUpdatesTheSampleSsoHost  SUCCESS
[20:30:23]: â–¸ âœ“ com.alliancedata.accountcentersample.DevHomeFragmentTest > givenSsoHostUserStateIsUntrustedWhenTheUserStateOptionsAreUpdatedThenTheUnTrustedRadioButtonShouldBeToggledOn  SUCCESS
[20:30:25]: â–¸ âœ“ com.alliancedata.accountcentersample.DevHomeFragmentTest > shouldEnableLinkButtonWhenLinkedButtonIsToggled  SUCCESS
[20:30:26]: â–¸ âœ“ com.alliancedata.accountcentersample.DevHomeFragmentTest > clickingUnlinkButtonLaunchesUnlinkWorkflow  SUCCESS
[20:30:28]: â–¸ âœ“ com.alliancedata.accountcentersample.DevHomeFragmentTest > givenSsoHostUserStateIsTrustedWhenTheUserStateOptionsAreUpdatedThenTheTrustedRadioButtonShouldBeToggledOn  SUCCESS
[20:30:29]: â–¸ âœ“ com.alliancedata.accountcentersample.DevHomeFragmentTest > whenLaunchingApp_ADSAccountCenterIsCreatedAndFragmentIsPresented  SUCCESS
[20:30:31]: â–¸ âœ“ com.alliancedata.accountcentersample.DevHomeFragmentTest > givenRecognizedStateSelectedWhenAccountCenterIsLaunchedThenSampleSsoHostIsUpdated  SUCCESS
[20:30:32]: â–¸ âœ“ com.alliancedata.accountcentersample.DevHomeFragmentTest > givenTheDismissalHandlerIsToggledOffWhenTheAccountCenterIsLaunchedThenADismissalHandlerIsNotProvided  SUCCESS
[20:30:33]: â–¸ âœ“ com.alliancedata.accountcentersample.DevHomeFragmentTest > givenTheDismissalHandlerIsToggledOffWhenTheLinkProcessIsStartedThenADismissalHandlerIsNotProvided  SUCCESS
[20:30:35]: â–¸ âœ“ com.alliancedata.accountcentersample.DevHomeFragmentTest > mainActivityContainsDeepLinkSpinner  SUCCESS
[20:30:36]: â–¸ âœ“ com.alliancedata.accountcentersample.DevHomeFragmentTest > givenUntrustedStateSelectedThenTheAccountCenterIsNotifiedOfUserStateChange  SUCCESS
[20:30:38]: â–¸ âœ“ com.alliancedata.accountcentersample.DevHomeFragmentTest > theJSONVersionNumberIsDisplayedWhenLaunched  SUCCESS
[20:30:39]: â–¸ âœ“ com.alliancedata.accountcentersample.DevHomeFragmentTest > testForExpectedExceptionWithAnnotationForCrashMeButtonClick  SUCCESS
[20:30:40]: â–¸ âœ“ com.alliancedata.accountcentersample.DevHomeFragmentTest > clickingLinkButtonLaunchesLinkWorkflow  SUCCESS
[20:30:41]: â–¸ âœ“ com.alliancedata.accountcentersample.DevHomeFragmentTest > givenSsoHostUserStateIsRecognizedWhenTheUserStateOptionsAreUpdatedThenTheRecognizedRadioButtonShouldBeToggledOn  SUCCESS
[20:30:42]: â–¸ âœ“ com.alliancedata.accountcentersample.DevHomeFragmentTest > onPauseShouldUpdateUserCredentialsToSharedPreferences  SUCCESS
[20:30:43]: â–¸ âœ“ com.alliancedata.accountcentersample.DevHomeFragmentTest > onPauseShouldUpdateCampaignIdInAccountCenter  SUCCESS
[20:30:45]: â–¸ âœ“ com.alliancedata.accountcentersample.DevHomeFragmentTest > shouldDisableLinkButtonIfLinkAccountsWorkflowCannotBeCalled  SUCCESS
[20:30:46]: â–¸ âœ“ com.alliancedata.accountcentersample.DevHomeFragmentTest > shouldDisableUnlinkButtonIfUnlinkAccountsWorkflowCantBeCalled  SUCCESS
[20:30:47]: â–¸ âœ“ com.alliancedata.accountcentersample.DevHomeFragmentTest > givenTrustedStateSelectedWhenAccountCenterIsLaunchedThenSampleSsoHostIsUpdated  SUCCESS
[20:30:48]: â–¸ âœ“ com.alliancedata.accountcentersample.DevHomeFragmentTest > shouldEnableLinkButtonIfLinkAccountsWorkflowCanBeCalled  SUCCESS
[20:30:49]: â–¸ âœ“ com.alliancedata.accountcentersample.DevHomeFragmentTest > shouldEnableUnlinkButtonIfUnlinkAccountsWorkflowCanBeCalled  SUCCESS
[20:30:50]: â–¸ âœ“ com.alliancedata.accountcentersample.DevHomeFragmentTest > givenRecognizedStateSelectedWhenAccountCenterIsLaunchedViaLinkButtonThenSampleSsoHostIsUpdated  SUCCESS
[20:30:51]: â–¸ âœ“ com.alliancedata.accountcentersample.DevHomeFragmentTest > deepLinkSpinnerSelectionIsUsedForADSAccountCenterCreation  SUCCESS
[20:30:52]: â–¸ âœ“ com.alliancedata.accountcentersample.DevHomeFragmentTest > onPauseShouldUpdateUserCredentialsInTheSsoHost  SUCCESS
[20:30:53]: â–¸ âœ“ com.alliancedata.accountcentersample.DevHomeFragmentTest > togglingUserStateToTrustedNotifiesAccountCenterOfUserStateChange  SUCCESS
[20:30:54]: â–¸ âœ“ com.alliancedata.accountcentersample.DevHomeFragmentTest > givenUntrustedStateSelectedWhenAccountCenterIsLaunchedThenSampleSsoHostIsUpdated  SUCCESS
[20:30:55]: â–¸ âœ“ com.alliancedata.accountcentersample.DevHomeFragmentTest > deepLinkSpinnerHasCorrectValues  SUCCESS
[20:30:56]: â–¸ âœ“ com.alliancedata.accountcentersample.DevHomeFragmentTest > onCreateViewShouldPopulateUserCredentialsFromSharedPreferences  SUCCESS
[20:30:56]: â–¸ âœ“ com.alliancedata.accountcentersample.client.ClientTest > whenNavigationItemDisplayNameIsNotPopulatedThenGetDisplayNameReturnsClientName  SUCCESS
[20:30:56]: â–¸ âœ“ com.alliancedata.accountcentersample.client.ClientTest > whenNavigationItemIsNullThenClientValuesAreNull  SUCCESS
[20:30:56]: â–¸ âœ“ com.alliancedata.accountcentersample.client.ClientTest > whenNavigationItemDisplayNameIsPopulatedThenGetDisplayNameReturnsDisplayName  SUCCESS
[20:30:56]: â–¸ âœ“ com.alliancedata.accountcentersample.client.ClientTest > whenNavigationItemIsNotPopulatedThenGetDisplayNameReturnsClientName  SUCCESS
[20:30:56]: â–¸ âœ“ com.alliancedata.accountcentersample.client.ClientTest > whenClientNameIsNotProvidedThenGetClientNameReturnsTheRetailerNameFromNavigationItem  SUCCESS
[20:30:56]: â–¸ âœ“ com.alliancedata.accountcentersample.client.ClientTest > toStringReturnsDisplayName  SUCCESS
[20:30:56]: â–¸ âœ“ com.alliancedata.accountcentersample.client.ClientTest > whenClientNameIsProvidedThenGetClientNameReturnsTheProvidedName  SUCCESS
[20:30:56]: â–¸ âœ“ com.alliancedata.accountcentersample.client.ClientTest > whenNavigationItemApiKeyIsPopulatedThenTheValueIsReturnedAsTheApiKey  SUCCESS
[20:30:56]: â–¸ âœ“ com.SampleApplicationTest > isUnitTestisFalse  SUCCESS
[20:30:57]: â–¸ -------------------------------------------------------------------------
[20:30:57]: â–¸ |  Results: FAILURE (121 tests, 106 successes, 14 failures, 1 skipped)  |
[20:30:57]: â–¸ -------------------------------------------------------------------------
[20:30:57]: â–¸ 121 tests completed, 14 failed, 1 skipped
[20:30:57]: â–¸ > Task :app:testDebugUnitTest FAILED
[20:30:57]: â–¸ FAILURE: Build failed with an exception.
[20:30:57]: â–¸ * What went wrong:
[20:30:57]: â–¸ Execution failed for task ':app:testDebugUnitTest'.
[20:30:57]: â–¸ > There were failing tests. See the report at: file:///Users/a803506/AndroidStudioProjects/android_plugin_account_center/accountcenter-sample/app/build/reports/tests/testDebugUnitTest/index.html
[20:30:57]: â–¸ * Try:
[20:30:57]: â–¸ Run with --stacktrace option to get the stack trace. Run with --info or --debug option to get more log output. Run with --scan to get full insights.
[20:30:57]: â–¸ * Get more help at https://help.gradle.org
[20:30:57]: â–¸ Deprecated Gradle features were used in this build, making it incompatible with Gradle 6.0.
[20:30:57]: â–¸ Use '--warning-mode all' to show the individual deprecation warnings.
[20:30:57]: â–¸ See https://docs.gradle.org/5.4.1/userguide/command_line_interface.html#sec:command_line_warnings
[20:30:57]: â–¸ BUILD FAILED in 1m 28s
[20:30:57]: â–¸ 52 actionable tasks: 10 executed, 42 up-to-date
+-------------------------------------+---------------------------------------------------------------------------------------+
|                                                        Lane Context                                                         |
+-------------------------------------+---------------------------------------------------------------------------------------+
| DEFAULT_PLATFORM                    | android                                                                               |
| PLATFORM_NAME                       | android                                                                               |
| LANE_NAME                           | android all                                                                           |
| GRADLE_ALL_APK_OUTPUT_PATHS         | ["/Users/a803506/AndroidStudioProjects/android_plugin_account_center/accountcenter-s  |
|                                     | ample/app/build/outputs/apk/release/app-release.apk",                                 |
|                                     | "/Users/a803506/AndroidStudioProjects/android_plugin_account_center/accountcenter-sa  |
|                                     | mple/app/build/outputs/apk/debug/app-debug.apk"]                                      |
| GRADLE_ALL_AAB_OUTPUT_PATHS         | []                                                                                    |
| GRADLE_ALL_OUTPUT_JSON_OUTPUT_PATHS | ["/Users/a803506/AndroidStudioProjects/android_plugin_account_center/accountcenter-s  |
|                                     | ample/app/build/outputs/apk/release/output.json",                                     |
|                                     | "/Users/a803506/AndroidStudioProjects/android_plugin_account_center/accountcenter-sa  |
|                                     | mple/app/build/outputs/apk/debug/output.json"]                                        |
| GRADLE_ALL_MAPPING_TXT_OUTPUT_PATHS | ["/Users/a803506/AndroidStudioProjects/android_plugin_account_center/accountcenter-s  |
|                                     | ample/app/build/outputs/mapping/release/mapping.txt"]                                 |
| GRADLE_APK_OUTPUT_PATH              | /Users/a803506/AndroidStudioProjects/android_plugin_account_center/accountcenter-sam  |
|                                     | ple/app/build/outputs/apk/release/app-release.apk                                     |
| GRADLE_OUTPUT_JSON_OUTPUT_PATH      | /Users/a803506/AndroidStudioProjects/android_plugin_account_center/accountcenter-sam  |
|                                     | ple/app/build/outputs/apk/release/output.json                                         |
| GRADLE_MAPPING_TXT_OUTPUT_PATH      | /Users/a803506/AndroidStudioProjects/android_plugin_account_center/accountcenter-sam  |
|                                     | ple/app/build/outputs/mapping/release/mapping.txt                                     |
+-------------------------------------+---------------------------------------------------------------------------------------+
[20:30:57]: Exit status of command '/Users/a803506/AndroidStudioProjects/android_plugin_account_center/accountcenter-sample/gradlew app:testDebug -p accountcenter-sample' was 1 instead of 0.

> Configure project :accountcenter
**** JOHN AccountCenter uploadArchives ****
---Starting NAC uploadArchives---
**** JOHN AccountCenter UPLOAD TO DEV ****
:::  NAC Uploading to snapshots.. for the task: [app:testDebug]
**** JOHN AccountCenter USERNAME: admin ****
**** JOHN AccountCenter TOKEN: wkmpr32ogwcxdvre3wtxbm4zgmf6cds27o35mhvxvp7743s7kj3a ****
==================== Attach lint task to compileDebugSources

> Configure project :app
registerResGeneratingTask is deprecated, use registerGeneratedResFolders(FileCollection)
registerResGeneratingTask is deprecated, use registerGeneratedResFolders(FileCollection)

> Configure project :dualcard
---Starting dualCard uploadArchives---
**** JOHN DUALCARD UPLOAD TO DEV ****
:::  DualCard Uploading to snapshots with task: [app:testDebug]
====================Dual card Attach lint task to compileDebugSources

> Task :accountcenter:preBuild UP-TO-DATE
> Task :accountcenter:preDebugBuild UP-TO-DATE
> Task :accountcenter:checkDebugManifest UP-TO-DATE
> Task :accountcenter:generateDebugBuildConfig UP-TO-DATE
> Task :accountcenter:generateDebugResValues UP-TO-DATE
> Task :accountcenter:processDebugManifest UP-TO-DATE
> Task :accountcenter:javaPreCompileDebug UP-TO-DATE
> Task :accountcenter:compileDebugAidl NO-SOURCE
> Task :accountcenter:compileDebugRenderscript NO-SOURCE
> Task :accountcenter:generateDebugResources UP-TO-DATE
> Task :accountcenter:packageDebugResources UP-TO-DATE
> Task :accountcenter:parseDebugLibraryResources UP-TO-DATE
> Task :accountcenter:generateDebugRFile UP-TO-DATE
> Task :accountcenter:compileDebugJavaWithJavac UP-TO-DATE
> Task :accountcenter:processDebugJavaRes NO-SOURCE
> Task :accountcenter:bundleLibResDebug UP-TO-DATE
> Task :accountcenter:jacocoDebug UP-TO-DATE
> Task :accountcenter:bundleLibRuntimeDebug UP-TO-DATE
> Task :accountcenter:bundleLibCompileDebug UP-TO-DATE
> Task :app:preBuild UP-TO-DATE
> Task :app:preDebugBuild UP-TO-DATE
> Task :dualcard:preBuild UP-TO-DATE
> Task :dualcard:preDebugBuild UP-TO-DATE
> Task :dualcard:compileDebugAidl NO-SOURCE
> Task :app:compileDebugAidl NO-SOURCE
> Task :accountcenter:packageDebugRenderscript NO-SOURCE
> Task :dualcard:packageDebugRenderscript NO-SOURCE
> Task :app:compileDebugRenderscript NO-SOURCE
> Task :app:checkDebugManifest UP-TO-DATE
> Task :app:generateDebugBuildConfig UP-TO-DATE
> Task :dualcard:checkDebugManifest UP-TO-DATE
> Task :dualcard:compileDebugRenderscript NO-SOURCE
> Task :dualcard:generateDebugBuildConfig UP-TO-DATE
> Task :dualcard:generateDebugResValues UP-TO-DATE
> Task :dualcard:generateDebugResources UP-TO-DATE
> Task :dualcard:packageDebugResources UP-TO-DATE
> Task :dualcard:parseDebugLibraryResources UP-TO-DATE
> Task :dualcard:processDebugManifest UP-TO-DATE
> Task :dualcard:generateDebugRFile UP-TO-DATE
> Task :dualcard:javaPreCompileDebug UP-TO-DATE
> Task :dualcard:compileDebugJavaWithJavac UP-TO-DATE
> Task :dualcard:bundleLibCompileDebug UP-TO-DATE
> Task :app:javaPreCompileDebug UP-TO-DATE
> Task :app:mainApkListPersistenceDebug UP-TO-DATE
> Task :accountcenter:mergeDebugShaders UP-TO-DATE
> Task :accountcenter:compileDebugShaders UP-TO-DATE
> Task :accountcenter:generateDebugAssets UP-TO-DATE
> Task :accountcenter:packageDebugAssets UP-TO-DATE
> Task :app:mergeDebugShaders UP-TO-DATE
> Task :app:compileDebugShaders UP-TO-DATE
> Task :app:generateDebugAssets UP-TO-DATE
> Task :dualcard:mergeDebugShaders UP-TO-DATE
> Task :dualcard:compileDebugShaders UP-TO-DATE
> Task :dualcard:generateDebugAssets UP-TO-DATE
> Task :dualcard:packageDebugAssets UP-TO-DATE
> Task :app:mergeDebugAssets UP-TO-DATE
> Task :app:writeDebugApplicationId UP-TO-DATE

> Task :app:processDebugGoogleServices
Parsing json file: /Users/a803506/AndroidStudioProjects/android_plugin_account_center/accountcenter-sample/app/google-services.json

> Task :app:createDebugCompatibleScreenManifests UP-TO-DATE
> Task :app:generateDebugResValues UP-TO-DATE
> Task :app:processDebugManifest UP-TO-DATE
> Task :app:fabricGenerateResourcesDebug
> Task :app:generateDebugResources UP-TO-DATE
> Task :app:preDebugUnitTestBuild UP-TO-DATE
> Task :app:processDebugJavaRes NO-SOURCE
> Task :app:processDebugUnitTestJavaRes NO-SOURCE
> Task :dualcard:processDebugJavaRes NO-SOURCE
> Task :dualcard:bundleLibResDebug UP-TO-DATE
> Task :dualcard:bundleLibRuntimeDebug UP-TO-DATE
> Task :app:mergeDebugResources
> Task :app:processDebugResources

> Task :app:compileDebugJavaWithJavac
Note: Some input files use or override a deprecated API.
Note: Recompile with -Xlint:deprecation for details.

> Task :app:packageDebugUnitTestForUnitTest
> Task :app:generateDebugUnitTestConfig
> Task :app:javaPreCompileDebugUnitTest

> Task :app:compileDebugUnitTestJavaWithJavac
Note: Some input files use or override a deprecated API.
Note: Recompile with -Xlint:deprecation for details.
Note: Some input files use unchecked or unsafe operations.
Note: Recompile with -Xlint:unchecked for details.

> Task :app:testDebugUnitTest
    à² _à²  com.alliancedata.accountcentersample.SampleSsoHostIntegrationTest > getSamlAssertion_shouldReturnSuccessAndSetSaml  SKIPPED
    âœ“ com.alliancedata.accountcentersample.SampleSsoHostTest > getAccessKey_shouldCallOnFailureWhenUserStateIsTrustedButPasswordIsEmpty  SUCCESS
    âœ“ com.alliancedata.accountcentersample.SampleSsoHostTest > getSamlAssertion_shouldCallOneLoginUATAuthEndpointWithAuthHeadersByDefault  SUCCESS
    âœ“ com.alliancedata.accountcentersample.SampleSsoHostTest > getSamlAssertion_shouldCallOneLoginAuthEndpointWithAuthBody  SUCCESS
    âœ“ com.alliancedata.accountcentersample.SampleSsoHostTest > shouldBeAbleToSetUserState  SUCCESS
    âœ“ com.alliancedata.accountcentersample.SampleSsoHostTest > getAccessKey_shouldCallOnFailureWhenUserStateIsNotTrusted  SUCCESS
    âœ“ com.alliancedata.accountcentersample.SampleSsoHostTest > getSamlAssertion_shouldFailOnNonSuccessFromSamlRequest  SUCCESS
    âœ“ com.alliancedata.accountcentersample.SampleSsoHostTest > getAccessKey_shouldCallOnFailureWhenUserStateIsTrustedButPasswordIsNull  SUCCESS
    âœ“ com.alliancedata.accountcentersample.SampleSsoHostTest > getSamlAssertion_shouldFailOnNonSuccessFromAuthorizationRequest  SUCCESS
    âœ“ com.alliancedata.accountcentersample.SampleSsoHostTest > getSamlAssertion_shouldFailIfUserStateIsUntrusted  SUCCESS
    âœ“ com.alliancedata.accountcentersample.SampleSsoHostTest > getSamlAssertion_givenSamlJSONContainsAnAssertionShouldAlwaysCallbackWithSamlAssertionOnSuccess  SUCCESS
    âœ“ com.alliancedata.accountcentersample.SampleSsoHostTest > getSamlAssertion_givenSamlJSONWithoutAnAssertionShouldCallbackOnFailure  SUCCESS
    âœ“ com.alliancedata.accountcentersample.SampleSsoHostTest > getSamlAssertion_givenSamlJSONContainsAResponseShouldAlwaysCallbackWithExtractedSamlAssertionOnSuccess  SUCCESS
    âœ“ com.alliancedata.accountcentersample.SampleSsoHostTest > getAccessKey_shouldCallOnFailureWhenUserStateIsTrustedButUsernameIsEmpty  SUCCESS
    âœ“ com.alliancedata.accountcentersample.SampleSsoHostTest > getAccessKey_shouldCallOnSuccessWhenUserStateIsTrusted  SUCCESS
    âœ“ com.alliancedata.accountcentersample.SampleSsoHostTest > defaultUserStateShouldBeUntrusted  SUCCESS
    âŒ com.alliancedata.accountcentersample.MenuModeActivityTest > whenHomeIsSelectedThenShouldGoHome  FAILURE

com.alliancedata.accountcentersample.MenuModeActivityTest > whenHomeIsSelectedThenShouldGoHome FAILED
    java.lang.ExceptionInInitializerError
        at com.alliancedata.accountcentersample.MenuModeActivityTest.setUp(MenuModeActivityTest.java:67)

        Caused by:
        java.lang.RuntimeException: java.lang.reflect.InvocationTargetException
            at org.robolectric.internal.bytecode.ShadowWrangler.classInitializing(ShadowWrangler.java:154)
            at org.robolectric.internal.bytecode.RobolectricInternals.classInitializing(RobolectricInternals.java:21)
            at androidx.fragment.app.testing.FragmentScenario.<clinit>(FragmentScenario.kt)
            ... 1 more

            Caused by:
            java.lang.reflect.InvocationTargetException
                at sun.reflect.NativeMethodAccessorImpl.invoke0(Native Method)
                at sun.reflect.NativeMethodAccessorImpl.invoke(NativeMethodAccessorImpl.java:62)
                at sun.reflect.DelegatingMethodAccessorImpl.invoke(DelegatingMethodAccessorImpl.java:43)
                at java.lang.reflect.Method.invoke(Method.java:498)
                at org.robolectric.internal.bytecode.RobolectricInternals.performStaticInitialization(RobolectricInternals.java:61)
                at org.robolectric.internal.bytecode.ShadowWrangler.classInitializing(ShadowWrangler.java:151)
                ... 3 more

                Caused by:
                java.lang.BootstrapMethodError: java.lang.IllegalAccessError: tried to access class kotlin.jvm.internal.DefaultConstructorMarker from class androidx.fragment.app.testing.FragmentScenario$Companion
                    at androidx.fragment.app.testing.FragmentScenario$Companion.<init>(FragmentScenario.kt)
                    at androidx.fragment.app.testing.FragmentScenario.__staticInitializer__(FragmentScenario.kt)
                    ... 9 more

                    Caused by:
                    java.lang.IllegalAccessError: tried to access class kotlin.jvm.internal.DefaultConstructorMarker from class androidx.fragment.app.testing.FragmentScenario$Companion
                        at androidx.fragment.app.testing.FragmentScenario$Companion.<init>(FragmentScenario.kt)
                        ... 10 more
    âœ“ com.alliancedata.accountcentersample.SampleSsoHostTest > getSamlAssertion_shouldCallOneLoginAuthEndpoint  SUCCESS
    âŒ com.alliancedata.accountcentersample.MenuModeActivityTest > whenBecomeUntrustedIsSelectedThenTheSsoHostIsUpdatedToUntrusted  FAILURE

com.alliancedata.accountcentersample.MenuModeActivityTest > whenBecomeUntrustedIsSelectedThenTheSsoHostIsUpdatedToUntrusted FAILED
    java.lang.NoClassDefFoundError: Could not initialize class androidx.fragment.app.testing.FragmentScenario
        at com.alliancedata.accountcentersample.MenuModeActivityTest.setUp(MenuModeActivityTest.java:67)
    âœ“ com.alliancedata.accountcentersample.SampleSsoHostTest > getAccessKey_shouldCallOnFailureWhenUserStateIsTrustedButUsernameIsNull  SUCCESS
    âŒ com.alliancedata.accountcentersample.MenuModeActivityTest > givenDevHomeNotVisibleWhenMyCardIsSelectedThenSsoHostIsNotUpdated  FAILURE

com.alliancedata.accountcentersample.MenuModeActivityTest > givenDevHomeNotVisibleWhenMyCardIsSelectedThenSsoHostIsNotUpdated FAILED
    java.lang.NoClassDefFoundError: Could not initialize class androidx.fragment.app.testing.FragmentScenario
        at com.alliancedata.accountcentersample.MenuModeActivityTest.setUp(MenuModeActivityTest.java:67)
    âŒ com.alliancedata.accountcentersample.MenuModeActivityTest > whenMyCardIsSelectedThenShouldGoToMyCard  FAILURE

com.alliancedata.accountcentersample.MenuModeActivityTest > whenMyCardIsSelectedThenShouldGoToMyCard FAILED
    java.lang.NoClassDefFoundError: Could not initialize class androidx.fragment.app.testing.FragmentScenario
        at com.alliancedata.accountcentersample.MenuModeActivityTest.setUp(MenuModeActivityTest.java:67)
    âœ“ com.alliancedata.accountcentersample.SampleSsoHostTest > linkStateChanged_shouldUpdateLinkState  SUCCESS
    âŒ com.alliancedata.accountcentersample.MenuModeActivityTest > activityContainsDrawer  FAILURE

com.alliancedata.accountcentersample.MenuModeActivityTest > activityContainsDrawer FAILED
    java.lang.NoClassDefFoundError: Could not initialize class androidx.fragment.app.testing.FragmentScenario
        at com.alliancedata.accountcentersample.MenuModeActivityTest.setUp(MenuModeActivityTest.java:67)
    âœ“ com.alliancedata.accountcentersample.SampleSsoHostTest > getSamlAssertion_shouldFailIfUserStateIsRecognized  SUCCESS
    âŒ com.alliancedata.accountcentersample.MenuModeActivityTest > givenDevHomeIsVisibleWhenMyCardIsSelectedThenUpdatesDevHomeSsoHost  FAILURE

com.alliancedata.accountcentersample.MenuModeActivityTest > givenDevHomeIsVisibleWhenMyCardIsSelectedThenUpdatesDevHomeSsoHost FAILED
    java.lang.NoClassDefFoundError: Could not initialize class androidx.fragment.app.testing.FragmentScenario
        at com.alliancedata.accountcentersample.MenuModeActivityTest.setUp(MenuModeActivityTest.java:67)
    âŒ com.alliancedata.accountcentersample.MenuModeActivityTest > whenBecomeUntrustedIsSelectedThenTheAccountCenterIsNotifiedOfUserStateChange  FAILURE

com.alliancedata.accountcentersample.MenuModeActivityTest > whenBecomeUntrustedIsSelectedThenTheAccountCenterIsNotifiedOfUserStateChange FAILED
    java.lang.NoClassDefFoundError: Could not initialize class androidx.fragment.app.testing.FragmentScenario
        at com.alliancedata.accountcentersample.MenuModeActivityTest.setUp(MenuModeActivityTest.java:67)
    âœ“ com.alliancedata.accountcentersample.HttpUtilityTest > convertInputStreamToString_ShouldConvertInputStreamToString  SUCCESS
    âœ“ com.alliancedata.accountcentersample.HttpUtilityTest > convertInputStreamToStringShouldReturnJSONOBjectThatWeCanGetAValueWithAKey  SUCCESS
    âœ“ com.alliancedata.accountcentersample.client.ServiceBasedClientProviderTest > returnsDetailsForClientWhenFoundInNavigationItems  SUCCESS
    âŒ com.alliancedata.accountcentersample.TabbedModeFragmentTest > shouldHaveAViewPagerUponCreation  FAILURE

com.alliancedata.accountcentersample.TabbedModeFragmentTest > shouldHaveAViewPagerUponCreation FAILED
    java.lang.ExceptionInInitializerError
        at com.alliancedata.accountcentersample.TabbedModeFragmentTest.setUp(TabbedModeFragmentTest.java:35)

        Caused by:
        java.lang.RuntimeException: java.lang.reflect.InvocationTargetException
            at org.robolectric.internal.bytecode.ShadowWrangler.classInitializing(ShadowWrangler.java:154)
            at org.robolectric.internal.bytecode.RobolectricInternals.classInitializing(RobolectricInternals.java:21)
            at androidx.fragment.app.testing.FragmentScenario.<clinit>(FragmentScenario.kt)
            ... 1 more

            Caused by:
            java.lang.reflect.InvocationTargetException
                at sun.reflect.NativeMethodAccessorImpl.invoke0(Native Method)
                at sun.reflect.NativeMethodAccessorImpl.invoke(NativeMethodAccessorImpl.java:62)
                at sun.reflect.DelegatingMethodAccessorImpl.invoke(DelegatingMethodAccessorImpl.java:43)
                at java.lang.reflect.Method.invoke(Method.java:498)
                at org.robolectric.internal.bytecode.RobolectricInternals.performStaticInitialization(RobolectricInternals.java:61)
                at org.robolectric.internal.bytecode.ShadowWrangler.classInitializing(ShadowWrangler.java:151)
                ... 3 more

                Caused by:
                java.lang.BootstrapMethodError: java.lang.IllegalAccessError: tried to access class kotlin.jvm.internal.DefaultConstructorMarker from class androidx.fragment.app.testing.FragmentScenario$Companion
                    at androidx.fragment.app.testing.FragmentScenario$Companion.<init>(FragmentScenario.kt)
                    at androidx.fragment.app.testing.FragmentScenario.__staticInitializer__(FragmentScenario.kt)
                    ... 9 more

                    Caused by:
                    java.lang.IllegalAccessError: tried to access class kotlin.jvm.internal.DefaultConstructorMarker from class androidx.fragment.app.testing.FragmentScenario$Companion
                        at androidx.fragment.app.testing.FragmentScenario$Companion.<init>(FragmentScenario.kt)
                        ... 10 more
    âŒ com.alliancedata.accountcentersample.TabbedModeFragmentTest > thirdTabShouldBeTheNativeAccountCenterFragment  FAILURE

com.alliancedata.accountcentersample.TabbedModeFragmentTest > thirdTabShouldBeTheNativeAccountCenterFragment FAILED
    java.lang.NoClassDefFoundError: Could not initialize class androidx.fragment.app.testing.FragmentScenario
        at com.alliancedata.accountcentersample.TabbedModeFragmentTest.setUp(TabbedModeFragmentTest.java:35)
    âŒ com.alliancedata.accountcentersample.TabbedModeFragmentTest > viewPagerAdapterShouldHaveThreeTabs  FAILURE

com.alliancedata.accountcentersample.TabbedModeFragmentTest > viewPagerAdapterShouldHaveThreeTabs FAILED
    java.lang.NoClassDefFoundError: Could not initialize class androidx.fragment.app.testing.FragmentScenario
        at com.alliancedata.accountcentersample.TabbedModeFragmentTest.setUp(TabbedModeFragmentTest.java:35)
    âœ“ com.alliancedata.accountcentersample.client.ServiceBasedClientProviderTest > returnsListOfClientsBasedOnService  SUCCESS
    âœ“ com.alliancedata.accountcentersample.client.ServiceBasedClientProviderTest > returnsEmptyListWhenNullResultReturnedFromService  SUCCESS
    âœ“ com.alliancedata.accountcentersample.client.ServiceBasedClientProviderTest > returnsDefaultDetailsForClientWhenNotFoundInNavigationItems  SUCCESS
    âœ“ com.alliancedata.accountcentersample.client.ServiceBasedClientProviderTest > returnsEmptyListWhenNoClientsAreReturnedFromService  SUCCESS
    âŒ com.alliancedata.accountcentersample.tabbed_fragments.DualNACFragmentTest > ifNACFailsWeShouldShowAnException  FAILURE

com.alliancedata.accountcentersample.tabbed_fragments.DualNACFragmentTest > ifNACFailsWeShouldShowAnException FAILED
    java.lang.NoClassDefFoundError: Could not initialize class androidx.fragment.app.testing.FragmentScenario
        at com.alliancedata.accountcentersample.tabbed_fragments.DualNACFragmentTest.ifNACFailsWeShouldShowAnException(DualNACFragmentTest.java:69)
    âŒ com.alliancedata.accountcentersample.tabbed_fragments.DualNACFragmentTest > checkThatAAlertMessageIsReturned  FAILURE

com.alliancedata.accountcentersample.tabbed_fragments.DualNACFragmentTest > checkThatAAlertMessageIsReturned FAILED
    java.lang.NoClassDefFoundError: Could not initialize class androidx.fragment.app.testing.FragmentScenario
        at com.alliancedata.accountcentersample.tabbed_fragments.DualNACFragmentTest.checkThatAAlertMessageIsReturned(DualNACFragmentTest.java:82)
    âŒ com.alliancedata.accountcentersample.tabbed_fragments.DualNACFragmentTest > weShouldBeAbleToDoDeepLink  FAILURE

com.alliancedata.accountcentersample.tabbed_fragments.DualNACFragmentTest > weShouldBeAbleToDoDeepLink FAILED
    java.lang.NoClassDefFoundError: Could not initialize class androidx.fragment.app.testing.FragmentScenario
        at com.alliancedata.accountcentersample.tabbed_fragments.DualNACFragmentTest.weShouldBeAbleToDoDeepLink(DualNACFragmentTest.java:52)
    âŒ com.alliancedata.accountcentersample.tabbed_fragments.DualNACFragmentTest > NACFragmentShouldCallADSDualCardShow  FAILURE

com.alliancedata.accountcentersample.tabbed_fragments.DualNACFragmentTest > NACFragmentShouldCallADSDualCardShow FAILED
    java.lang.NoClassDefFoundError: Could not initialize class androidx.fragment.app.testing.FragmentScenario
        at com.alliancedata.accountcentersample.tabbed_fragments.DualNACFragmentTest.NACFragmentShouldCallADSDualCardShow(DualNACFragmentTest.java:40)
    âœ“ com.alliancedata.accountcentersample.LandingPageFragmentTest > whenNoClientsAreReturnedFromProviderThenAMessageIsDisplayed  SUCCESS
    âœ“ com.alliancedata.accountcentersample.LandingPageFragmentTest > givenAProductionEnvironmentWhenTheLaunchButtonIsClickedThenAConstantAPIKeyIsSetOnTheIntent  SUCCESS
    âœ“ com.alliancedata.accountcentersample.LandingPageFragmentTest > clearCache_shouldClearCachedConfiguration  SUCCESS
    âœ“ com.alliancedata.accountcentersample.LandingPageFragmentTest > whenTheFragmentIsStartedThenTheClientListIsPopulatedInAlphabeticalOrder  SUCCESS
    âœ“ com.alliancedata.accountcentersample.LandingPageFragmentTest > theEnvironmentTextFieldShouldBeReadOnly  SUCCESS
    âœ“ com.alliancedata.accountcentersample.BaseIntegrationModeActivityTest > givenUpdateUserStateToRecognizedThenUserStateIsSetToRecognizedOnSSOHost  SUCCESS
    âœ“ com.alliancedata.accountcentersample.LandingPageFragmentTest > whenAClientNameIsChosenFromTheListThenTheClientNameIsAddedToTheClientNameTextField  SUCCESS
    âœ“ com.alliancedata.accountcentersample.LandingPageFragmentTest > whenTheTabbedLaunchButtonIsPressedThenTheEmbeddedModeIsSetToTrueOnTheIntent  SUCCESS
    âœ“ com.alliancedata.accountcentersample.LandingPageFragmentTest > whenMenuModeLaunchClickThenIntentRequestIsMadeToStartMenuModeActivity  SUCCESS
    âœ“ com.alliancedata.accountcentersample.BaseIntegrationModeActivityTest > givenUpdateUserStateToUntrustedThenUserStateIsSetToUntrustedOnSSOHost  SUCCESS
    âœ“ com.alliancedata.accountcentersample.LandingPageFragmentTest > theEnvironmentSpinnerIsPopulatedWithTheEnvironments  SUCCESS
    âœ“ com.alliancedata.accountcentersample.MainActivityTest > whenOnPrepareOptionsMenuThenDoesNotThrowException  SUCCESS
    âœ“ com.alliancedata.accountcentersample.LandingPageFragmentTest > whenTheLaunchButtonIsPressedThenTheCurrentAPIKeyIsOnTheIntent  SUCCESS
    âœ“ com.alliancedata.accountcentersample.LandingPageFragmentTest > whenTheLaunchButtonIsPressedThenTheCurrentEnvironmentIsSetOnTheIntent  SUCCESS
    âœ“ com.alliancedata.accountcentersample.BaseIntegrationModeActivityTest > whenInNonEmbeddedModeLaunchingAccountCenterCallsShowInNonEmbeddedMode  SUCCESS
    âœ“ com.alliancedata.accountcentersample.LandingPageFragmentTest > whenTheMenuLaunchButtonIsPressedThenTheEmbeddedModeIsSetToFalseOnTheIntent  SUCCESS
    âœ“ com.alliancedata.accountcentersample.LandingPageFragmentTest > whenAClientNameIsChosenFromTheListThenTheSameClientIsSelectedByDefaultNextTime  SUCCESS
    âœ“ com.alliancedata.accountcentersample.BaseIntegrationModeActivityTest > shouldSaveSsoStateWhenLaunchingApp  SUCCESS
    âœ“ com.alliancedata.accountcentersample.LandingPageFragmentTest > victoriasSecretClientIsSetByDefault  SUCCESS
    âœ“ com.alliancedata.accountcentersample.LandingPageFragmentTest > givenJsonVerionOnWhenTheLaunchButtonIsPressedThenJSONVERSIOnSetToTHEPassedValue  SUCCESS
    âœ“ com.alliancedata.accountcentersample.LandingPageFragmentTest > whenTheLaunchButtonIsClickedThenTheCurrentRetailerIsSetOnTheIntent  SUCCESS
    âœ“ com.alliancedata.accountcentersample.BaseIntegrationModeActivityTest > whenInEmbeddedModeLaunchingAccountCenterCallsShowWithExpectedConfiguration  SUCCESS
    âœ“ com.alliancedata.accountcentersample.MainActivityTest > whenActivityIsCreateThenSsoHostIsSet  SUCCESS
    âœ“ com.alliancedata.accountcentersample.LandingPageFragmentTest > givenJsonVerionOnWhenTheLaunchButtonIsPressedThenJSONVERSIOnSetToTHEPassedValueWithTrimmedValue  SUCCESS
    âœ“ com.alliancedata.accountcentersample.LandingPageFragmentTest > givenANonProductionEnvironmentWhenTheLaunchButtonIsClickedThenAConstantAPIKeyIsSetOnTheIntent  SUCCESS
    âœ“ com.alliancedata.accountcentersample.LandingPageFragmentTest > whenTheEnvironmentIsChosenFromTheSpinnerThenClientListIsUpdatedFromTheSelectedEnvironment  SUCCESS
    âœ“ com.alliancedata.accountcentersample.BaseIntegrationModeActivityTest > shouldShowDualCardTabbed  SUCCESS
    âœ“ com.alliancedata.accountcentersample.BaseIntegrationModeActivityTest > shouldNotShowAlertWhenShouldDisplayLoginIsFalse  SUCCESS
    âœ“ com.alliancedata.accountcentersample.MainActivityTest > whenActivityIsCreatedThenMainViewIsLandingPage  SUCCESS
    âœ“ com.alliancedata.accountcentersample.client.ClientListServiceTest > responseBodyConverterTakesAResponseAndConvertsItToAListOfStrings  SUCCESS
    âœ“ com.alliancedata.accountcentersample.client.ClientListServiceTest > responseBodyConverterReturnsEmptyListWhenResponseBodyCannotBeParsed  SUCCESS
    âœ“ com.alliancedata.accountcentersample.tabbed_fragments.TabbedActivityDismissalHandlerTest > whenHandleDismissalShouldGoBack  SUCCESS
    âœ“ com.alliancedata.accountcentersample.BaseIntegrationModeActivityTest > shouldLoadValuesFromBundle  SUCCESS
    âœ“ com.alliancedata.accountcentersample.DevHomeFragmentTest > whenTheRecognizedStateIsSelectedThenAccountCenterIsNotifiedOfUserStateChange  SUCCESS
    âœ“ com.alliancedata.accountcentersample.BaseIntegrationModeActivityTest > whenActivityStartsShouldShowDevHomeFragment  SUCCESS
    âœ“ com.alliancedata.accountcentersample.DevHomeFragmentTest > givenTheDismissalHandlerIsToggledOffWhenTheUnlinkProcessIsStartedThenADismissalHandlerIsNotProvided  SUCCESS
    âœ“ com.alliancedata.accountcentersample.BaseIntegrationModeActivityTest > shouldShowAlertWhenShouldDisplayLoginIsTrue  SUCCESS
    âœ“ com.alliancedata.accountcentersample.client.ClientProviderRegistryTest > returnsServiceProviderWhenEnvironmentRequestedIsStage  SUCCESS
    âœ“ com.alliancedata.accountcentersample.client.ClientProviderRegistryTest > returnsServiceProviderWhenEnvironmentRequestedIsProd  SUCCESS
    âœ“ com.alliancedata.accountcentersample.client.ClientProviderRegistryTest > returnsServiceProviderWhenEnvironmentRequestedIsDev  SUCCESS
    âœ“ com.alliancedata.accountcentersample.client.ClientProviderRegistryTest > returnsServiceProviderWhenEnvironmentRequestedIsQA  SUCCESS
    âœ“ com.alliancedata.accountcentersample.DevHomeFragmentTest > givenUntrustedStateSelectedByDefaultAndTrustedStateAlreadySetOnSsoHostWhenAccountCenterIsLaunchedThenSampleSsoHostIsUpdated  SUCCESS
    âœ“ com.alliancedata.accountcentersample.DevHomeFragmentTest > togglingUserStateToTrustedUpdatesTheSampleSsoHost  SUCCESS
    âœ“ com.alliancedata.accountcentersample.DevHomeFragmentTest > givenSsoHostUserStateIsUntrustedWhenTheUserStateOptionsAreUpdatedThenTheUnTrustedRadioButtonShouldBeToggledOn  SUCCESS
    âœ“ com.alliancedata.accountcentersample.DevHomeFragmentTest > shouldEnableLinkButtonWhenLinkedButtonIsToggled  SUCCESS
    âœ“ com.alliancedata.accountcentersample.DevHomeFragmentTest > clickingUnlinkButtonLaunchesUnlinkWorkflow  SUCCESS
    âœ“ com.alliancedata.accountcentersample.DevHomeFragmentTest > givenSsoHostUserStateIsTrustedWhenTheUserStateOptionsAreUpdatedThenTheTrustedRadioButtonShouldBeToggledOn  SUCCESS
    âœ“ com.alliancedata.accountcentersample.DevHomeFragmentTest > whenLaunchingApp_ADSAccountCenterIsCreatedAndFragmentIsPresented  SUCCESS
    âœ“ com.alliancedata.accountcentersample.DevHomeFragmentTest > givenRecognizedStateSelectedWhenAccountCenterIsLaunchedThenSampleSsoHostIsUpdated  SUCCESS
    âœ“ com.alliancedata.accountcentersample.DevHomeFragmentTest > givenTheDismissalHandlerIsToggledOffWhenTheAccountCenterIsLaunchedThenADismissalHandlerIsNotProvided  SUCCESS
    âœ“ com.alliancedata.accountcentersample.DevHomeFragmentTest > givenTheDismissalHandlerIsToggledOffWhenTheLinkProcessIsStartedThenADismissalHandlerIsNotProvided  SUCCESS
    âœ“ com.alliancedata.accountcentersample.DevHomeFragmentTest > mainActivityContainsDeepLinkSpinner  SUCCESS
    âœ“ com.alliancedata.accountcentersample.DevHomeFragmentTest > givenUntrustedStateSelectedThenTheAccountCenterIsNotifiedOfUserStateChange  SUCCESS
    âœ“ com.alliancedata.accountcentersample.DevHomeFragmentTest > theJSONVersionNumberIsDisplayedWhenLaunched  SUCCESS
    âœ“ com.alliancedata.accountcentersample.DevHomeFragmentTest > testForExpectedExceptionWithAnnotationForCrashMeButtonClick  SUCCESS
    âœ“ com.alliancedata.accountcentersample.DevHomeFragmentTest > clickingLinkButtonLaunchesLinkWorkflow  SUCCESS
    âœ“ com.alliancedata.accountcentersample.DevHomeFragmentTest > givenSsoHostUserStateIsRecognizedWhenTheUserStateOptionsAreUpdatedThenTheRecognizedRadioButtonShouldBeToggledOn  SUCCESS
    âœ“ com.alliancedata.accountcentersample.DevHomeFragmentTest > onPauseShouldUpdateUserCredentialsToSharedPreferences  SUCCESS
    âœ“ com.alliancedata.accountcentersample.DevHomeFragmentTest > onPauseShouldUpdateCampaignIdInAccountCenter  SUCCESS
    âœ“ com.alliancedata.accountcentersample.DevHomeFragmentTest > shouldDisableLinkButtonIfLinkAccountsWorkflowCannotBeCalled  SUCCESS
    âœ“ com.alliancedata.accountcentersample.DevHomeFragmentTest > shouldDisableUnlinkButtonIfUnlinkAccountsWorkflowCantBeCalled  SUCCESS
    âœ“ com.alliancedata.accountcentersample.DevHomeFragmentTest > givenTrustedStateSelectedWhenAccountCenterIsLaunchedThenSampleSsoHostIsUpdated  SUCCESS
    âœ“ com.alliancedata.accountcentersample.DevHomeFragmentTest > shouldEnableLinkButtonIfLinkAccountsWorkflowCanBeCalled  SUCCESS
    âœ“ com.alliancedata.accountcentersample.DevHomeFragmentTest > shouldEnableUnlinkButtonIfUnlinkAccountsWorkflowCanBeCalled  SUCCESS
    âœ“ com.alliancedata.accountcentersample.DevHomeFragmentTest > givenRecognizedStateSelectedWhenAccountCenterIsLaunchedViaLinkButtonThenSampleSsoHostIsUpdated  SUCCESS
    âœ“ com.alliancedata.accountcentersample.DevHomeFragmentTest > deepLinkSpinnerSelectionIsUsedForADSAccountCenterCreation  SUCCESS
    âœ“ com.alliancedata.accountcentersample.DevHomeFragmentTest > onPauseShouldUpdateUserCredentialsInTheSsoHost  SUCCESS
    âœ“ com.alliancedata.accountcentersample.DevHomeFragmentTest > togglingUserStateToTrustedNotifiesAccountCenterOfUserStateChange  SUCCESS
    âœ“ com.alliancedata.accountcentersample.DevHomeFragmentTest > givenUntrustedStateSelectedWhenAccountCenterIsLaunchedThenSampleSsoHostIsUpdated  SUCCESS
    âœ“ com.alliancedata.accountcentersample.DevHomeFragmentTest > deepLinkSpinnerHasCorrectValues  SUCCESS
    âœ“ com.alliancedata.accountcentersample.DevHomeFragmentTest > onCreateViewShouldPopulateUserCredentialsFromSharedPreferences  SUCCESS
    âœ“ com.alliancedata.accountcentersample.client.ClientTest > whenNavigationItemDisplayNameIsNotPopulatedThenGetDisplayNameReturnsClientName  SUCCESS
    âœ“ com.alliancedata.accountcentersample.client.ClientTest > whenNavigationItemIsNullThenClientValuesAreNull  SUCCESS
    âœ“ com.alliancedata.accountcentersample.client.ClientTest > whenNavigationItemDisplayNameIsPopulatedThenGetDisplayNameReturnsDisplayName  SUCCESS
    âœ“ com.alliancedata.accountcentersample.client.ClientTest > whenNavigationItemIsNotPopulatedThenGetDisplayNameReturnsClientName  SUCCESS
    âœ“ com.alliancedata.accountcentersample.client.ClientTest > whenClientNameIsNotProvidedThenGetClientNameReturnsTheRetailerNameFromNavigationItem  SUCCESS
    âœ“ com.alliancedata.accountcentersample.client.ClientTest > toStringReturnsDisplayName  SUCCESS
    âœ“ com.alliancedata.accountcentersample.client.ClientTest > whenClientNameIsProvidedThenGetClientNameReturnsTheProvidedName  SUCCESS
    âœ“ com.alliancedata.accountcentersample.client.ClientTest > whenNavigationItemApiKeyIsPopulatedThenTheValueIsReturnedAsTheApiKey  SUCCESS
    âœ“ com.SampleApplicationTest > isUnitTestisFalse  SUCCESS

-------------------------------------------------------------------------
|  Results: FAILURE (121 tests, 106 successes, 14 failures, 1 skipped)  |
-------------------------------------------------------------------------

121 tests completed, 14 failed, 1 skipped

> Task :app:testDebugUnitTest FAILED

FAILURE: Build failed with an exception.

* What went wrong:
Execution failed for task ':app:testDebugUnitTest'.
> There were failing tests. See the report at: file:///Users/a803506/AndroidStudioProjects/android_plugin_account_center/accountcenter-sample/app/build/reports/tests/testDebugUnitTest/index.html

* Try:
Run with --stacktrace option to get the stack trace. Run with --info or --debug option to get more log output. Run with --scan to get full insights.

* Get more help at https://help.gradle.org

Deprecated Gradle features were used in this build, making it incompatible with Gradle 6.0.
Use '--warning-mode all' to show the individual deprecation warnings.
See https://docs.gradle.org/5.4.1/userguide/command_line_interface.html#sec:command_line_warnings

BUILD FAILED in 1m 28s
52 actionable tasks: 10 executed, 42 up-to-date


+------+-----------------------------------------+-------------+
|                       fastlane summary                       |
+------+-----------------------------------------+-------------+
| Step | Action                                  | Time (in s) |
+------+-----------------------------------------+-------------+
| 1    | default_platform                        | 0           |
| 2    | Switch to android sethockeyversion lane | 0           |
| 3    | Switch to android buildall lane         | 0           |
| 4    | clean                                   | 32          |
| 5    | assembleDebug                           | 100         |
| 6    | assembleRelease                         | 68          |
| 7    | Switch to android tests lane            | 0           |
| ðŸ’¥   | app:testDebug                           | 88          |
+------+-----------------------------------------+-------------+

+-----------+--------------+----------------+
|         Plugin updates available          |
+-----------+--------------+----------------+
| Plugin    | Your Version | Latest Version |
+-----------+--------------+----------------+
| appcenter | 1.8.1        | 1.11.0         |
+-----------+--------------+----------------+
[20:30:57]: To update all plugins, just run
[20:30:57]: $ bundle exec fastlane update_plugins

[20:30:57]: fastlane finished with errors

Looking for related GitHub issues on fastlane/fastlane...


#######################################################################
# fastlane 2.182.0 is available. You are on 2.181.0.
# You should use the latest version.
# Please update using `bundle update fastlane`.
#######################################################################

2.182.0 Improvements
* [snapshot] enable greater customization of the iOS status bar in snapshot screenshots (#18560) via Dave Wood
* [Fastlane.Swift] Swift's `ConfigItem` for conflicting values into Ruby's end. (#18544) via Jorge Revuelta
* [Fastlane.Swift] sanitize Swift document comments (#18635) via Jorge Revuelta
* [Ruby 3.0] wwitch back to the original commander gem and update dependencies (#18599) via Satoshi Namai
* [action] ensure backup_xcarchive preserves symbolic links (#18627) via Matej Bukovinski
* [action][git_submodule_update] documentation improvements (#18598) via Manish Rathi
* [Ruby 3.0] replace slack-notifier gem with internal library (#18537) via Satoshi Namai
* [fastlane_core] `xcode_at_least` method improvements (#18600) via Manish Rathi
* [pilot] clean-up - removed empty `tester_util` file (#18601) via Manish Rathi
* [action][upload_symbols_to_crashlytics]  add check for app_id before searching for gsp and api_token (#18607) via Cristian Lupu
* [spaceship] add `fetch_all_certificates` method (#18620) via Damian Rzeszot
* [Ruby 3.0] bump rubocop version (#18564) via Satoshi Namai
* [action] import_from_git - Add caching support for branch (#18568) via Hiroki Nagasawa

Please update using `bundle update fastlane`
Traceback (most recent call last):
        36: from /usr/local/bin/fastlane:23:in `<main>'
        35: from /usr/local/bin/fastlane:23:in `load'
        34: from /Library/Ruby/Gems/2.6.0/gems/fastlane-2.181.0/bin/fastlane:23:in `<top (required)>'
        33: from /Library/Ruby/Gems/2.6.0/gems/fastlane-2.181.0/fastlane/lib/fastlane/cli_tools_distributor.rb:122:in `take_off'
        32: from /Library/Ruby/Gems/2.6.0/gems/fastlane-2.181.0/fastlane/lib/fastlane/commands_generator.rb:41:in `start'
        31: from /Library/Ruby/Gems/2.6.0/gems/fastlane-2.181.0/fastlane/lib/fastlane/commands_generator.rb:352:in `run'
        30: from /Library/Ruby/Gems/2.6.0/gems/commander-fastlane-4.4.6/lib/commander/delegates.rb:15:in `run!'
        29: from /Library/Ruby/Gems/2.6.0/gems/fastlane-2.181.0/fastlane_core/lib/fastlane_core/ui/fastlane_runner.rb:76:in `run!'
        28: from /Library/Ruby/Gems/2.6.0/gems/commander-fastlane-4.4.6/lib/commander/runner.rb:476:in `run_active_command'
        27: from /Library/Ruby/Gems/2.6.0/gems/commander-fastlane-4.4.6/lib/commander/command.rb:153:in `run'
        26: from /Library/Ruby/Gems/2.6.0/gems/commander-fastlane-4.4.6/lib/commander/command.rb:178:in `call'
        25: from /Library/Ruby/Gems/2.6.0/gems/fastlane-2.181.0/fastlane/lib/fastlane/commands_generator.rb:108:in `block (2 levels) in run'
        24: from /Library/Ruby/Gems/2.6.0/gems/fastlane-2.181.0/fastlane/lib/fastlane/command_line_handler.rb:36:in `handle'
        23: from /Library/Ruby/Gems/2.6.0/gems/fastlane-2.181.0/fastlane/lib/fastlane/lane_manager.rb:47:in `cruise_lane'
        22: from /Library/Ruby/Gems/2.6.0/gems/fastlane-2.181.0/fastlane/lib/fastlane/runner.rb:45:in `execute'
        21: from /Library/Ruby/Gems/2.6.0/gems/fastlane-2.181.0/fastlane/lib/fastlane/runner.rb:45:in `chdir'
        20: from /Library/Ruby/Gems/2.6.0/gems/fastlane-2.181.0/fastlane/lib/fastlane/runner.rb:49:in `block in execute'
        19: from /Library/Ruby/Gems/2.6.0/gems/fastlane-2.181.0/fastlane/lib/fastlane/lane.rb:33:in `call'
        18: from Fastfile:91:in `block (2 levels) in parsing_binding'
        17: from /Library/Ruby/Gems/2.6.0/gems/fastlane-2.181.0/fastlane/lib/fastlane/fast_file.rb:159:in `method_missing'
        16: from /Library/Ruby/Gems/2.6.0/gems/fastlane-2.181.0/fastlane/lib/fastlane/runner.rb:146:in `trigger_action_by_name'
        15: from /Library/Ruby/Gems/2.6.0/gems/fastlane-2.181.0/fastlane/lib/fastlane/runner.rb:204:in `try_switch_to_lane'
        14: from /Library/Ruby/Gems/2.6.0/gems/fastlane-2.181.0/fastlane/lib/fastlane/lane.rb:33:in `call'
        13: from Fastfile:73:in `block (2 levels) in parsing_binding'
        12: from /Library/Ruby/Gems/2.6.0/gems/fastlane-2.181.0/fastlane/lib/fastlane/fast_file.rb:159:in `method_missing'
        11: from /Library/Ruby/Gems/2.6.0/gems/fastlane-2.181.0/fastlane/lib/fastlane/runner.rb:157:in `trigger_action_by_name'
        10: from /Library/Ruby/Gems/2.6.0/gems/fastlane-2.181.0/fastlane/lib/fastlane/runner.rb:229:in `execute_action'
         9: from /Library/Ruby/Gems/2.6.0/gems/fastlane-2.181.0/fastlane/lib/fastlane/runner.rb:229:in `chdir'
         8: from /Library/Ruby/Gems/2.6.0/gems/fastlane-2.181.0/fastlane/lib/fastlane/runner.rb:255:in `block in execute_action'
         7: from /Library/Ruby/Gems/2.6.0/gems/fastlane-2.181.0/fastlane/lib/fastlane/actions/actions_helper.rb:69:in `execute_action'
         6: from /Library/Ruby/Gems/2.6.0/gems/fastlane-2.181.0/fastlane/lib/fastlane/runner.rb:263:in `block (2 levels) in execute_action'
         5: from /Library/Ruby/Gems/2.6.0/gems/fastlane-2.181.0/fastlane/lib/fastlane/actions/gradle.rb:60:in `run'
         4: from /Library/Ruby/Gems/2.6.0/gems/fastlane-2.181.0/fastlane/lib/fastlane/helper/gradle_helper.rb:32:in `trigger'
         3: from /System/Library/Frameworks/Ruby.framework/Versions/2.6/usr/lib/ruby/2.6.0/forwardable.rb:230:in `sh'
         2: from /Library/Ruby/Gems/2.6.0/gems/fastlane-2.181.0/fastlane/lib/fastlane/helper/sh_helper.rb:80:in `sh_control_output'
         1: from /Library/Ruby/Gems/2.6.0/gems/fastlane-2.181.0/fastlane_core/lib/fastlane_core/ui/ui.rb:17:in `method_missing'
/Library/Ruby/Gems/2.6.0/gems/fastlane-2.181.0/fastlane_core/lib/fastlane_core/ui/interface.rb:153:in `shell_error!': [!] Exit status of command '/Users/a803506/AndroidStudioProjects/android_plugin_account_center/accountcenter-sample/gradlew app:testDebug -p accountcenter-sample' was 1 instead of 0. (FastlaneCore::Interface::FastlaneShellError)

> Configure project :accountcenter
**** JOHN AccountCenter uploadArchives ****
---Starting NAC uploadArchives---
**** JOHN AccountCenter UPLOAD TO DEV ****
:::  NAC Uploading to snapshots.. for the task: [app:testDebug]
**** JOHN AccountCenter USERNAME: admin ****
**** JOHN AccountCenter TOKEN: wkmpr32ogwcxdvre3wtxbm4zgmf6cds27o35mhvxvp7743s7kj3a ****
==================== Attach lint task to compileDebugSources

> Configure project :app
registerResGeneratingTask is deprecated, use registerGeneratedResFolders(FileCollection)
registerResGeneratingTask is deprecated, use registerGeneratedResFolders(FileCollection)

> Configure project :dualcard
---Starting dualCard uploadArchives---
**** JOHN DUALCARD UPLOAD TO DEV ****
:::  DualCard Uploading to snapshots with task: [app:testDebug]
====================Dual card Attach lint task to compileDebugSources

> Task :accountcenter:preBuild UP-TO-DATE
> Task :accountcenter:preDebugBuild UP-TO-DATE
> Task :accountcenter:checkDebugManifest UP-TO-DATE
> Task :accountcenter:generateDebugBuildConfig UP-TO-DATE
> Task :accountcenter:generateDebugResValues UP-TO-DATE
> Task :accountcenter:processDebugManifest UP-TO-DATE
> Task :accountcenter:javaPreCompileDebug UP-TO-DATE
> Task :accountcenter:compileDebugAidl NO-SOURCE
> Task :accountcenter:compileDebugRenderscript NO-SOURCE
> Task :accountcenter:generateDebugResources UP-TO-DATE
> Task :accountcenter:packageDebugResources UP-TO-DATE
> Task :accountcenter:parseDebugLibraryResources UP-TO-DATE
> Task :accountcenter:generateDebugRFile UP-TO-DATE
> Task :accountcenter:compileDebugJavaWithJavac UP-TO-DATE
> Task :accountcenter:processDebugJavaRes NO-SOURCE
> Task :accountcenter:bundleLibResDebug UP-TO-DATE
> Task :accountcenter:jacocoDebug UP-TO-DATE
> Task :accountcenter:bundleLibRuntimeDebug UP-TO-DATE
> Task :accountcenter:bundleLibCompileDebug UP-TO-DATE
> Task :app:preBuild UP-TO-DATE
> Task :app:preDebugBuild UP-TO-DATE
> Task :dualcard:preBuild UP-TO-DATE
> Task :dualcard:preDebugBuild UP-TO-DATE
> Task :dualcard:compileDebugAidl NO-SOURCE
> Task :app:compileDebugAidl NO-SOURCE
> Task :accountcenter:packageDebugRenderscript NO-SOURCE
> Task :dualcard:packageDebugRenderscript NO-SOURCE
> Task :app:compileDebugRenderscript NO-SOURCE
> Task :app:checkDebugManifest UP-TO-DATE
> Task :app:generateDebugBuildConfig UP-TO-DATE
> Task :dualcard:checkDebugManifest UP-TO-DATE
> Task :dualcard:compileDebugRenderscript NO-SOURCE
> Task :dualcard:generateDebugBuildConfig UP-TO-DATE
> Task :dualcard:generateDebugResValues UP-TO-DATE
> Task :dualcard:generateDebugResources UP-TO-DATE
> Task :dualcard:packageDebugResources UP-TO-DATE
> Task :dualcard:parseDebugLibraryResources UP-TO-DATE
> Task :dualcard:processDebugManifest UP-TO-DATE
> Task :dualcard:generateDebugRFile UP-TO-DATE
> Task :dualcard:javaPreCompileDebug UP-TO-DATE
> Task :dualcard:compileDebugJavaWithJavac UP-TO-DATE
> Task :dualcard:bundleLibCompileDebug UP-TO-DATE
> Task :app:javaPreCompileDebug UP-TO-DATE
> Task :app:mainApkListPersistenceDebug UP-TO-DATE
> Task :accountcenter:mergeDebugShaders UP-TO-DATE
> Task :accountcenter:compileDebugShaders UP-TO-DATE
> Task :accountcenter:generateDebugAssets UP-TO-DATE
> Task :accountcenter:packageDebugAssets UP-TO-DATE
> Task :app:mergeDebugShaders UP-TO-DATE
> Task :app:compileDebugShaders UP-TO-DATE
> Task :app:generateDebugAssets UP-TO-DATE
> Task :dualcard:mergeDebugShaders UP-TO-DATE
> Task :dualcard:compileDebugShaders UP-TO-DATE
> Task :dualcard:generateDebugAssets UP-TO-DATE
> Task :dualcard:packageDebugAssets UP-TO-DATE
> Task :app:mergeDebugAssets UP-TO-DATE
> Task :app:writeDebugApplicationId UP-TO-DATE

> Task :app:processDebugGoogleServices
Parsing json file: /Users/a803506/AndroidStudioProjects/android_plugin_account_center/accountcenter-sample/app/google-services.json

> Task :app:createDebugCompatibleScreenManifests UP-TO-DATE
> Task :app:generateDebugResValues UP-TO-DATE
> Task :app:processDebugManifest UP-TO-DATE
> Task :app:fabricGenerateResourcesDebug
> Task :app:generateDebugResources UP-TO-DATE
> Task :app:preDebugUnitTestBuild UP-TO-DATE
> Task :app:processDebugJavaRes NO-SOURCE
> Task :app:processDebugUnitTestJavaRes NO-SOURCE
> Task :dualcard:processDebugJavaRes NO-SOURCE
> Task :dualcard:bundleLibResDebug UP-TO-DATE
> Task :dualcard:bundleLibRuntimeDebug UP-TO-DATE
> Task :app:mergeDebugResources
> Task :app:processDebugResources

> Task :app:compileDebugJavaWithJavac
Note: Some input files use or override a deprecated API.
Note: Recompile with -Xlint:deprecation for details.

> Task :app:packageDebugUnitTestForUnitTest
> Task :app:generateDebugUnitTestConfig
> Task :app:javaPreCompileDebugUnitTest

> Task :app:compileDebugUnitTestJavaWithJavac
Note: Some input files use or override a deprecated API.
Note: Recompile with -Xlint:deprecation for details.
Note: Some input files use unchecked or unsafe operations.
Note: Recompile with -Xlint:unchecked for details.

> Task :app:testDebugUnitTest
    à² _à²  com.alliancedata.accountcentersample.SampleSsoHostIntegrationTest > getSamlAssertion_shouldReturnSuccessAndSetSaml  SKIPPED
    âœ“ com.alliancedata.accountcentersample.SampleSsoHostTest > getAccessKey_shouldCallOnFailureWhenUserStateIsTrustedButPasswordIsEmpty  SUCCESS
    âœ“ com.alliancedata.accountcentersample.SampleSsoHostTest > getSamlAssertion_shouldCallOneLoginUATAuthEndpointWithAuthHeadersByDefault  SUCCESS
    âœ“ com.alliancedata.accountcentersample.SampleSsoHostTest > getSamlAssertion_shouldCallOneLoginAuthEndpointWithAuthBody  SUCCESS
    âœ“ com.alliancedata.accountcentersample.SampleSsoHostTest > shouldBeAbleToSetUserState  SUCCESS
    âœ“ com.alliancedata.accountcentersample.SampleSsoHostTest > getAccessKey_shouldCallOnFailureWhenUserStateIsNotTrusted  SUCCESS
    âœ“ com.alliancedata.accountcentersample.SampleSsoHostTest > getSamlAssertion_shouldFailOnNonSuccessFromSamlRequest  SUCCESS
    âœ“ com.alliancedata.accountcentersample.SampleSsoHostTest > getAccessKey_shouldCallOnFailureWhenUserStateIsTrustedButPasswordIsNull  SUCCESS
    âœ“ com.alliancedata.accountcentersample.SampleSsoHostTest > getSamlAssertion_shouldFailOnNonSuccessFromAuthorizationRequest  SUCCESS
    âœ“ com.alliancedata.accountcentersample.SampleSsoHostTest > getSamlAssertion_shouldFailIfUserStateIsUntrusted  SUCCESS
    âœ“ com.alliancedata.accountcentersample.SampleSsoHostTest > getSamlAssertion_givenSamlJSONContainsAnAssertionShouldAlwaysCallbackWithSamlAssertionOnSuccess  SUCCESS
    âœ“ com.alliancedata.accountcentersample.SampleSsoHostTest > getSamlAssertion_givenSamlJSONWithoutAnAssertionShouldCallbackOnFailure  SUCCESS
    âœ“ com.alliancedata.accountcentersample.SampleSsoHostTest > getSamlAssertion_givenSamlJSONContainsAResponseShouldAlwaysCallbackWithExtractedSamlAssertionOnSuccess  SUCCESS
    âœ“ com.alliancedata.accountcentersample.SampleSsoHostTest > getAccessKey_shouldCallOnFailureWhenUserStateIsTrustedButUsernameIsEmpty  SUCCESS
    âœ“ com.alliancedata.accountcentersample.SampleSsoHostTest > getAccessKey_shouldCallOnSuccessWhenUserStateIsTrusted  SUCCESS
    âœ“ com.alliancedata.accountcentersample.SampleSsoHostTest > defaultUserStateShouldBeUntrusted  SUCCESS
    âŒ com.alliancedata.accountcentersample.MenuModeActivityTest > whenHomeIsSelectedThenShouldGoHome  FAILURE

com.alliancedata.accountcentersample.MenuModeActivityTest > whenHomeIsSelectedThenShouldGoHome FAILED
    java.lang.ExceptionInInitializerError
        at com.alliancedata.accountcentersample.MenuModeActivityTest.setUp(MenuModeActivityTest.java:67)

        Caused by:
        java.lang.RuntimeException: java.lang.reflect.InvocationTargetException
            at org.robolectric.internal.bytecode.ShadowWrangler.classInitializing(ShadowWrangler.java:154)
            at org.robolectric.internal.bytecode.RobolectricInternals.classInitializing(RobolectricInternals.java:21)
            at androidx.fragment.app.testing.FragmentScenario.<clinit>(FragmentScenario.kt)
            ... 1 more

            Caused by:
            java.lang.reflect.InvocationTargetException
                at sun.reflect.NativeMethodAccessorImpl.invoke0(Native Method)
                at sun.reflect.NativeMethodAccessorImpl.invoke(NativeMethodAccessorImpl.java:62)
                at sun.reflect.DelegatingMethodAccessorImpl.invoke(DelegatingMethodAccessorImpl.java:43)
                at java.lang.reflect.Method.invoke(Method.java:498)
                at org.robolectric.internal.bytecode.RobolectricInternals.performStaticInitialization(RobolectricInternals.java:61)
                at org.robolectric.internal.bytecode.ShadowWrangler.classInitializing(ShadowWrangler.java:151)
                ... 3 more

                Caused by:
                java.lang.BootstrapMethodError: java.lang.IllegalAccessError: tried to access class kotlin.jvm.internal.DefaultConstructorMarker from class androidx.fragment.app.testing.FragmentScenario$Companion
                    at androidx.fragment.app.testing.FragmentScenario$Companion.<init>(FragmentScenario.kt)
                    at androidx.fragment.app.testing.FragmentScenario.__staticInitializer__(FragmentScenario.kt)
                    ... 9 more

                    Caused by:
                    java.lang.IllegalAccessError: tried to access class kotlin.jvm.internal.DefaultConstructorMarker from class androidx.fragment.app.testing.FragmentScenario$Companion
                        at androidx.fragment.app.testing.FragmentScenario$Companion.<init>(FragmentScenario.kt)
                        ... 10 more
    âœ“ com.alliancedata.accountcentersample.SampleSsoHostTest > getSamlAssertion_shouldCallOneLoginAuthEndpoint  SUCCESS
    âŒ com.alliancedata.accountcentersample.MenuModeActivityTest > whenBecomeUntrustedIsSelectedThenTheSsoHostIsUpdatedToUntrusted  FAILURE

com.alliancedata.accountcentersample.MenuModeActivityTest > whenBecomeUntrustedIsSelectedThenTheSsoHostIsUpdatedToUntrusted FAILED
    java.lang.NoClassDefFoundError: Could not initialize class androidx.fragment.app.testing.FragmentScenario
        at com.alliancedata.accountcentersample.MenuModeActivityTest.setUp(MenuModeActivityTest.java:67)
    âœ“ com.alliancedata.accountcentersample.SampleSsoHostTest > getAccessKey_shouldCallOnFailureWhenUserStateIsTrustedButUsernameIsNull  SUCCESS
    âŒ com.alliancedata.accountcentersample.MenuModeActivityTest > givenDevHomeNotVisibleWhenMyCardIsSelectedThenSsoHostIsNotUpdated  FAILURE

com.alliancedata.accountcentersample.MenuModeActivityTest > givenDevHomeNotVisibleWhenMyCardIsSelectedThenSsoHostIsNotUpdated FAILED
    java.lang.NoClassDefFoundError: Could not initialize class androidx.fragment.app.testing.FragmentScenario
        at com.alliancedata.accountcentersample.MenuModeActivityTest.setUp(MenuModeActivityTest.java:67)
    âŒ com.alliancedata.accountcentersample.MenuModeActivityTest > whenMyCardIsSelectedThenShouldGoToMyCard  FAILURE

com.alliancedata.accountcentersample.MenuModeActivityTest > whenMyCardIsSelectedThenShouldGoToMyCard FAILED
    java.lang.NoClassDefFoundError: Could not initialize class androidx.fragment.app.testing.FragmentScenario
        at com.alliancedata.accountcentersample.MenuModeActivityTest.setUp(MenuModeActivityTest.java:67)
    âœ“ com.alliancedata.accountcentersample.SampleSsoHostTest > linkStateChanged_shouldUpdateLinkState  SUCCESS
    âŒ com.alliancedata.accountcentersample.MenuModeActivityTest > activityContainsDrawer  FAILURE

com.alliancedata.accountcentersample.MenuModeActivityTest > activityContainsDrawer FAILED
    java.lang.NoClassDefFoundError: Could not initialize class androidx.fragment.app.testing.FragmentScenario
        at com.alliancedata.accountcentersample.MenuModeActivityTest.setUp(MenuModeActivityTest.java:67)
    âœ“ com.alliancedata.accountcentersample.SampleSsoHostTest > getSamlAssertion_shouldFailIfUserStateIsRecognized  SUCCESS
    âŒ com.alliancedata.accountcentersample.MenuModeActivityTest > givenDevHomeIsVisibleWhenMyCardIsSelectedThenUpdatesDevHomeSsoHost  FAILURE

com.alliancedata.accountcentersample.MenuModeActivityTest > givenDevHomeIsVisibleWhenMyCardIsSelectedThenUpdatesDevHomeSsoHost FAILED
    java.lang.NoClassDefFoundError: Could not initialize class androidx.fragment.app.testing.FragmentScenario
        at com.alliancedata.accountcentersample.MenuModeActivityTest.setUp(MenuModeActivityTest.java:67)
    âŒ com.alliancedata.accountcentersample.MenuModeActivityTest > whenBecomeUntrustedIsSelectedThenTheAccountCenterIsNotifiedOfUserStateChange  FAILURE

com.alliancedata.accountcentersample.MenuModeActivityTest > whenBecomeUntrustedIsSelectedThenTheAccountCenterIsNotifiedOfUserStateChange FAILED
    java.lang.NoClassDefFoundError: Could not initialize class androidx.fragment.app.testing.FragmentScenario
        at com.alliancedata.accountcentersample.MenuModeActivityTest.setUp(MenuModeActivityTest.java:67)
    âœ“ com.alliancedata.accountcentersample.HttpUtilityTest > convertInputStreamToString_ShouldConvertInputStreamToString  SUCCESS
    âœ“ com.alliancedata.accountcentersample.HttpUtilityTest > convertInputStreamToStringShouldReturnJSONOBjectThatWeCanGetAValueWithAKey  SUCCESS
    âœ“ com.alliancedata.accountcentersample.client.ServiceBasedClientProviderTest > returnsDetailsForClientWhenFoundInNavigationItems  SUCCESS
    âŒ com.alliancedata.accountcentersample.TabbedModeFragmentTest > shouldHaveAViewPagerUponCreation  FAILURE

com.alliancedata.accountcentersample.TabbedModeFragmentTest > shouldHaveAViewPagerUponCreation FAILED
    java.lang.ExceptionInInitializerError
        at com.alliancedata.accountcentersample.TabbedModeFragmentTest.setUp(TabbedModeFragmentTest.java:35)

        Caused by:
        java.lang.RuntimeException: java.lang.reflect.InvocationTargetException
            at org.robolectric.internal.bytecode.ShadowWrangler.classInitializing(ShadowWrangler.java:154)
            at org.robolectric.internal.bytecode.RobolectricInternals.classInitializing(RobolectricInternals.java:21)
            at androidx.fragment.app.testing.FragmentScenario.<clinit>(FragmentScenario.kt)
            ... 1 more

            Caused by:
            java.lang.reflect.InvocationTargetException
                at sun.reflect.NativeMethodAccessorImpl.invoke0(Native Method)
                at sun.reflect.NativeMethodAccessorImpl.invoke(NativeMethodAccessorImpl.java:62)
                at sun.reflect.DelegatingMethodAccessorImpl.invoke(DelegatingMethodAccessorImpl.java:43)
                at java.lang.reflect.Method.invoke(Method.java:498)
                at org.robolectric.internal.bytecode.RobolectricInternals.performStaticInitialization(RobolectricInternals.java:61)
                at org.robolectric.internal.bytecode.ShadowWrangler.classInitializing(ShadowWrangler.java:151)
                ... 3 more

                Caused by:
                java.lang.BootstrapMethodError: java.lang.IllegalAccessError: tried to access class kotlin.jvm.internal.DefaultConstructorMarker from class androidx.fragment.app.testing.FragmentScenario$Companion
                    at androidx.fragment.app.testing.FragmentScenario$Companion.<init>(FragmentScenario.kt)
                    at androidx.fragment.app.testing.FragmentScenario.__staticInitializer__(FragmentScenario.kt)
                    ... 9 more

                    Caused by:
                    java.lang.IllegalAccessError: tried to access class kotlin.jvm.internal.DefaultConstructorMarker from class androidx.fragment.app.testing.FragmentScenario$Companion
                        at androidx.fragment.app.testing.FragmentScenario$Companion.<init>(FragmentScenario.kt)
                        ... 10 more
    âŒ com.alliancedata.accountcentersample.TabbedModeFragmentTest > thirdTabShouldBeTheNativeAccountCenterFragment  FAILURE

com.alliancedata.accountcentersample.TabbedModeFragmentTest > thirdTabShouldBeTheNativeAccountCenterFragment FAILED
    java.lang.NoClassDefFoundError: Could not initialize class androidx.fragment.app.testing.FragmentScenario
        at com.alliancedata.accountcentersample.TabbedModeFragmentTest.setUp(TabbedModeFragmentTest.java:35)
    âŒ com.alliancedata.accountcentersample.TabbedModeFragmentTest > viewPagerAdapterShouldHaveThreeTabs  FAILURE

com.alliancedata.accountcentersample.TabbedModeFragmentTest > viewPagerAdapterShouldHaveThreeTabs FAILED
    java.lang.NoClassDefFoundError: Could not initialize class androidx.fragment.app.testing.FragmentScenario
        at com.alliancedata.accountcentersample.TabbedModeFragmentTest.setUp(TabbedModeFragmentTest.java:35)
    âœ“ com.alliancedata.accountcentersample.client.ServiceBasedClientProviderTest > returnsListOfClientsBasedOnService  SUCCESS
    âœ“ com.alliancedata.accountcentersample.client.ServiceBasedClientProviderTest > returnsEmptyListWhenNullResultReturnedFromService  SUCCESS
    âœ“ com.alliancedata.accountcentersample.client.ServiceBasedClientProviderTest > returnsDefaultDetailsForClientWhenNotFoundInNavigationItems  SUCCESS
    âœ“ com.alliancedata.accountcentersample.client.ServiceBasedClientProviderTest > returnsEmptyListWhenNoClientsAreReturnedFromService  SUCCESS
    âŒ com.alliancedata.accountcentersample.tabbed_fragments.DualNACFragmentTest > ifNACFailsWeShouldShowAnException  FAILURE

com.alliancedata.accountcentersample.tabbed_fragments.DualNACFragmentTest > ifNACFailsWeShouldShowAnException FAILED
    java.lang.NoClassDefFoundError: Could not initialize class androidx.fragment.app.testing.FragmentScenario
        at com.alliancedata.accountcentersample.tabbed_fragments.DualNACFragmentTest.ifNACFailsWeShouldShowAnException(DualNACFragmentTest.java:69)
    âŒ com.alliancedata.accountcentersample.tabbed_fragments.DualNACFragmentTest > checkThatAAlertMessageIsReturned  FAILURE

com.alliancedata.accountcentersample.tabbed_fragments.DualNACFragmentTest > checkThatAAlertMessageIsReturned FAILED
    java.lang.NoClassDefFoundError: Could not initialize class androidx.fragment.app.testing.FragmentScenario
        at com.alliancedata.accountcentersample.tabbed_fragments.DualNACFragmentTest.checkThatAAlertMessageIsReturned(DualNACFragmentTest.java:82)
    âŒ com.alliancedata.accountcentersample.tabbed_fragments.DualNACFragmentTest > weShouldBeAbleToDoDeepLink  FAILURE

com.alliancedata.accountcentersample.tabbed_fragments.DualNACFragmentTest > weShouldBeAbleToDoDeepLink FAILED
    java.lang.NoClassDefFoundError: Could not initialize class androidx.fragment.app.testing.FragmentScenario
        at com.alliancedata.accountcentersample.tabbed_fragments.DualNACFragmentTest.weShouldBeAbleToDoDeepLink(DualNACFragmentTest.java:52)
    âŒ com.alliancedata.accountcentersample.tabbed_fragments.DualNACFragmentTest > NACFragmentShouldCallADSDualCardShow  FAILURE

com.alliancedata.accountcentersample.tabbed_fragments.DualNACFragmentTest > NACFragmentShouldCallADSDualCardShow FAILED
    java.lang.NoClassDefFoundError: Could not initialize class androidx.fragment.app.testing.FragmentScenario
        at com.alliancedata.accountcentersample.tabbed_fragments.DualNACFragmentTest.NACFragmentShouldCallADSDualCardShow(DualNACFragmentTest.java:40)
    âœ“ com.alliancedata.accountcentersample.LandingPageFragmentTest > whenNoClientsAreReturnedFromProviderThenAMessageIsDisplayed  SUCCESS
    âœ“ com.alliancedata.accountcentersample.LandingPageFragmentTest > givenAProductionEnvironmentWhenTheLaunchButtonIsClickedThenAConstantAPIKeyIsSetOnTheIntent  SUCCESS
    âœ“ com.alliancedata.accountcentersample.LandingPageFragmentTest > clearCache_shouldClearCachedConfiguration  SUCCESS
    âœ“ com.alliancedata.accountcentersample.LandingPageFragmentTest > whenTheFragmentIsStartedThenTheClientListIsPopulatedInAlphabeticalOrder  SUCCESS
    âœ“ com.alliancedata.accountcentersample.LandingPageFragmentTest > theEnvironmentTextFieldShouldBeReadOnly  SUCCESS
    âœ“ com.alliancedata.accountcentersample.BaseIntegrationModeActivityTest > givenUpdateUserStateToRecognizedThenUserStateIsSetToRecognizedOnSSOHost  SUCCESS
    âœ“ com.alliancedata.accountcentersample.LandingPageFragmentTest > whenAClientNameIsChosenFromTheListThenTheClientNameIsAddedToTheClientNameTextField  SUCCESS
    âœ“ com.alliancedata.accountcentersample.LandingPageFragmentTest > whenTheTabbedLaunchButtonIsPressedThenTheEmbeddedModeIsSetToTrueOnTheIntent  SUCCESS
    âœ“ com.alliancedata.accountcentersample.LandingPageFragmentTest > whenMenuModeLaunchClickThenIntentRequestIsMadeToStartMenuModeActivity  SUCCESS
    âœ“ com.alliancedata.accountcentersample.BaseIntegrationModeActivityTest > givenUpdateUserStateToUntrustedThenUserStateIsSetToUntrustedOnSSOHost  SUCCESS
    âœ“ com.alliancedata.accountcentersample.LandingPageFragmentTest > theEnvironmentSpinnerIsPopulatedWithTheEnvironments  SUCCESS
    âœ“ com.alliancedata.accountcentersample.MainActivityTest > whenOnPrepareOptionsMenuThenDoesNotThrowException  SUCCESS
    âœ“ com.alliancedata.accountcentersample.LandingPageFragmentTest > whenTheLaunchButtonIsPressedThenTheCurrentAPIKeyIsOnTheIntent  SUCCESS
    âœ“ com.alliancedata.accountcentersample.LandingPageFragmentTest > whenTheLaunchButtonIsPressedThenTheCurrentEnvironmentIsSetOnTheIntent  SUCCESS
    âœ“ com.alliancedata.accountcentersample.BaseIntegrationModeActivityTest > whenInNonEmbeddedModeLaunchingAccountCenterCallsShowInNonEmbeddedMode  SUCCESS
    âœ“ com.alliancedata.accountcentersample.LandingPageFragmentTest > whenTheMenuLaunchButtonIsPressedThenTheEmbeddedModeIsSetToFalseOnTheIntent  SUCCESS
    âœ“ com.alliancedata.accountcentersample.LandingPageFragmentTest > whenAClientNameIsChosenFromTheListThenTheSameClientIsSelectedByDefaultNextTime  SUCCESS
    âœ“ com.alliancedata.accountcentersample.BaseIntegrationModeActivityTest > shouldSaveSsoStateWhenLaunchingApp  SUCCESS
    âœ“ com.alliancedata.accountcentersample.LandingPageFragmentTest > victoriasSecretClientIsSetByDefault  SUCCESS
    âœ“ com.alliancedata.accountcentersample.LandingPageFragmentTest > givenJsonVerionOnWhenTheLaunchButtonIsPressedThenJSONVERSIOnSetToTHEPassedValue  SUCCESS
    âœ“ com.alliancedata.accountcentersample.LandingPageFragmentTest > whenTheLaunchButtonIsClickedThenTheCurrentRetailerIsSetOnTheIntent  SUCCESS
    âœ“ com.alliancedata.accountcentersample.BaseIntegrationModeActivityTest > whenInEmbeddedModeLaunchingAccountCenterCallsShowWithExpectedConfiguration  SUCCESS
    âœ“ com.alliancedata.accountcentersample.MainActivityTest > whenActivityIsCreateThenSsoHostIsSet  SUCCESS
    âœ“ com.alliancedata.accountcentersample.LandingPageFragmentTest > givenJsonVerionOnWhenTheLaunchButtonIsPressedThenJSONVERSIOnSetToTHEPassedValueWithTrimmedValue  SUCCESS
    âœ“ com.alliancedata.accountcentersample.LandingPageFragmentTest > givenANonProductionEnvironmentWhenTheLaunchButtonIsClickedThenAConstantAPIKeyIsSetOnTheIntent  SUCCESS
    âœ“ com.alliancedata.accountcentersample.LandingPageFragmentTest > whenTheEnvironmentIsChosenFromTheSpinnerThenClientListIsUpdatedFromTheSelectedEnvironment  SUCCESS
    âœ“ com.alliancedata.accountcentersample.BaseIntegrationModeActivityTest > shouldShowDualCardTabbed  SUCCESS
    âœ“ com.alliancedata.accountcentersample.BaseIntegrationModeActivityTest > shouldNotShowAlertWhenShouldDisplayLoginIsFalse  SUCCESS
    âœ“ com.alliancedata.accountcentersample.MainActivityTest > whenActivityIsCreatedThenMainViewIsLandingPage  SUCCESS
    âœ“ com.alliancedata.accountcentersample.client.ClientListServiceTest > responseBodyConverterTakesAResponseAndConvertsItToAListOfStrings  SUCCESS
    âœ“ com.alliancedata.accountcentersample.client.ClientListServiceTest > responseBodyConverterReturnsEmptyListWhenResponseBodyCannotBeParsed  SUCCESS
    âœ“ com.alliancedata.accountcentersample.tabbed_fragments.TabbedActivityDismissalHandlerTest > whenHandleDismissalShouldGoBack  SUCCESS
    âœ“ com.alliancedata.accountcentersample.BaseIntegrationModeActivityTest > shouldLoadValuesFromBundle  SUCCESS
    âœ“ com.alliancedata.accountcentersample.DevHomeFragmentTest > whenTheRecognizedStateIsSelectedThenAccountCenterIsNotifiedOfUserStateChange  SUCCESS
    âœ“ com.alliancedata.accountcentersample.BaseIntegrationModeActivityTest > whenActivityStartsShouldShowDevHomeFragment  SUCCESS
    âœ“ com.alliancedata.accountcentersample.DevHomeFragmentTest > givenTheDismissalHandlerIsToggledOffWhenTheUnlinkProcessIsStartedThenADismissalHandlerIsNotProvided  SUCCESS
    âœ“ com.alliancedata.accountcentersample.BaseIntegrationModeActivityTest > shouldShowAlertWhenShouldDisplayLoginIsTrue  SUCCESS
    âœ“ com.alliancedata.accountcentersample.client.ClientProviderRegistryTest > returnsServiceProviderWhenEnvironmentRequestedIsStage  SUCCESS
    âœ“ com.alliancedata.accountcentersample.client.ClientProviderRegistryTest > returnsServiceProviderWhenEnvironmentRequestedIsProd  SUCCESS
    âœ“ com.alliancedata.accountcentersample.client.ClientProviderRegistryTest > returnsServiceProviderWhenEnvironmentRequestedIsDev  SUCCESS
    âœ“ com.alliancedata.accountcentersample.client.ClientProviderRegistryTest > returnsServiceProviderWhenEnvironmentRequestedIsQA  SUCCESS
    âœ“ com.alliancedata.accountcentersample.DevHomeFragmentTest > givenUntrustedStateSelectedByDefaultAndTrustedStateAlreadySetOnSsoHostWhenAccountCenterIsLaunchedThenSampleSsoHostIsUpdated  SUCCESS
    âœ“ com.alliancedata.accountcentersample.DevHomeFragmentTest > togglingUserStateToTrustedUpdatesTheSampleSsoHost  SUCCESS
    âœ“ com.alliancedata.accountcentersample.DevHomeFragmentTest > givenSsoHostUserStateIsUntrustedWhenTheUserStateOptionsAreUpdatedThenTheUnTrustedRadioButtonShouldBeToggledOn  SUCCESS
    âœ“ com.alliancedata.accountcentersample.DevHomeFragmentTest > shouldEnableLinkButtonWhenLinkedButtonIsToggled  SUCCESS
    âœ“ com.alliancedata.accountcentersample.DevHomeFragmentTest > clickingUnlinkButtonLaunchesUnlinkWorkflow  SUCCESS
    âœ“ com.alliancedata.accountcentersample.DevHomeFragmentTest > givenSsoHostUserStateIsTrustedWhenTheUserStateOptionsAreUpdatedThenTheTrustedRadioButtonShouldBeToggledOn  SUCCESS
    âœ“ com.alliancedata.accountcentersample.DevHomeFragmentTest > whenLaunchingApp_ADSAccountCenterIsCreatedAndFragmentIsPresented  SUCCESS
    âœ“ com.alliancedata.accountcentersample.DevHomeFragmentTest > givenRecognizedStateSelectedWhenAccountCenterIsLaunchedThenSampleSsoHostIsUpdated  SUCCESS
    âœ“ com.alliancedata.accountcentersample.DevHomeFragmentTest > givenTheDismissalHandlerIsToggledOffWhenTheAccountCenterIsLaunchedThenADismissalHandlerIsNotProvided  SUCCESS
    âœ“ com.alliancedata.accountcentersample.DevHomeFragmentTest > givenTheDismissalHandlerIsToggledOffWhenTheLinkProcessIsStartedThenADismissalHandlerIsNotProvided  SUCCESS
    âœ“ com.alliancedata.accountcentersample.DevHomeFragmentTest > mainActivityContainsDeepLinkSpinner  SUCCESS
    âœ“ com.alliancedata.accountcentersample.DevHomeFragmentTest > givenUntrustedStateSelectedThenTheAccountCenterIsNotifiedOfUserStateChange  SUCCESS
    âœ“ com.alliancedata.accountcentersample.DevHomeFragmentTest > theJSONVersionNumberIsDisplayedWhenLaunched  SUCCESS
    âœ“ com.alliancedata.accountcentersample.DevHomeFragmentTest > testForExpectedExceptionWithAnnotationForCrashMeButtonClick  SUCCESS
    âœ“ com.alliancedata.accountcentersample.DevHomeFragmentTest > clickingLinkButtonLaunchesLinkWorkflow  SUCCESS
    âœ“ com.alliancedata.accountcentersample.DevHomeFragmentTest > givenSsoHostUserStateIsRecognizedWhenTheUserStateOptionsAreUpdatedThenTheRecognizedRadioButtonShouldBeToggledOn  SUCCESS
    âœ“ com.alliancedata.accountcentersample.DevHomeFragmentTest > onPauseShouldUpdateUserCredentialsToSharedPreferences  SUCCESS
    âœ“ com.alliancedata.accountcentersample.DevHomeFragmentTest > onPauseShouldUpdateCampaignIdInAccountCenter  SUCCESS
    âœ“ com.alliancedata.accountcentersample.DevHomeFragmentTest > shouldDisableLinkButtonIfLinkAccountsWorkflowCannotBeCalled  SUCCESS
    âœ“ com.alliancedata.accountcentersample.DevHomeFragmentTest > shouldDisableUnlinkButtonIfUnlinkAccountsWorkflowCantBeCalled  SUCCESS
    âœ“ com.alliancedata.accountcentersample.DevHomeFragmentTest > givenTrustedStateSelectedWhenAccountCenterIsLaunchedThenSampleSsoHostIsUpdated  SUCCESS
    âœ“ com.alliancedata.accountcentersample.DevHomeFragmentTest > shouldEnableLinkButtonIfLinkAccountsWorkflowCanBeCalled  SUCCESS
    âœ“ com.alliancedata.accountcentersample.DevHomeFragmentTest > shouldEnableUnlinkButtonIfUnlinkAccountsWorkflowCanBeCalled  SUCCESS
    âœ“ com.alliancedata.accountcentersample.DevHomeFragmentTest > givenRecognizedStateSelectedWhenAccountCenterIsLaunchedViaLinkButtonThenSampleSsoHostIsUpdated  SUCCESS
    âœ“ com.alliancedata.accountcentersample.DevHomeFragmentTest > deepLinkSpinnerSelectionIsUsedForADSAccountCenterCreation  SUCCESS
    âœ“ com.alliancedata.accountcentersample.DevHomeFragmentTest > onPauseShouldUpdateUserCredentialsInTheSsoHost  SUCCESS
    âœ“ com.alliancedata.accountcentersample.DevHomeFragmentTest > togglingUserStateToTrustedNotifiesAccountCenterOfUserStateChange  SUCCESS
    âœ“ com.alliancedata.accountcentersample.DevHomeFragmentTest > givenUntrustedStateSelectedWhenAccountCenterIsLaunchedThenSampleSsoHostIsUpdated  SUCCESS
    âœ“ com.alliancedata.accountcentersample.DevHomeFragmentTest > deepLinkSpinnerHasCorrectValues  SUCCESS
    âœ“ com.alliancedata.accountcentersample.DevHomeFragmentTest > onCreateViewShouldPopulateUserCredentialsFromSharedPreferences  SUCCESS
    âœ“ com.alliancedata.accountcentersample.client.ClientTest > whenNavigationItemDisplayNameIsNotPopulatedThenGetDisplayNameReturnsClientName  SUCCESS
    âœ“ com.alliancedata.accountcentersample.client.ClientTest > whenNavigationItemIsNullThenClientValuesAreNull  SUCCESS
    âœ“ com.alliancedata.accountcentersample.client.ClientTest > whenNavigationItemDisplayNameIsPopulatedThenGetDisplayNameReturnsDisplayName  SUCCESS
    âœ“ com.alliancedata.accountcentersample.client.ClientTest > whenNavigationItemIsNotPopulatedThenGetDisplayNameReturnsClientName  SUCCESS
    âœ“ com.alliancedata.accountcentersample.client.ClientTest > whenClientNameIsNotProvidedThenGetClientNameReturnsTheRetailerNameFromNavigationItem  SUCCESS
    âœ“ com.alliancedata.accountcentersample.client.ClientTest > toStringReturnsDisplayName  SUCCESS
    âœ“ com.alliancedata.accountcentersample.client.ClientTest > whenClientNameIsProvidedThenGetClientNameReturnsTheProvidedName  SUCCESS
    âœ“ com.alliancedata.accountcentersample.client.ClientTest > whenNavigationItemApiKeyIsPopulatedThenTheValueIsReturnedAsTheApiKey  SUCCESS
    âœ“ com.SampleApplicationTest > isUnitTestisFalse  SUCCESS

-------------------------------------------------------------------------
|  Results: FAILURE (121 tests, 106 successes, 14 failures, 1 skipped)  |
-------------------------------------------------------------------------

121 tests completed, 14 failed, 1 skipped

> Task :app:testDebugUnitTest FAILED

FAILURE: Build failed with an exception.

* What went wrong:
Execution failed for task ':app:testDebugUnitTest'.
> There were failing tests. See the report at: file:///Users/a803506/AndroidStudioProjects/android_plugin_account_center/accountcenter-sample/app/build/reports/tests/testDebugUnitTest/index.html

* Try:
Run with --stacktrace option to get the stack trace. Run with --info or --debug option to get more log output. Run with --scan to get full insights.

* Get more help at https://help.gradle.org

Deprecated Gradle features were used in this build, making it incompatible with Gradle 6.0.
Use '--warning-mode all' to show the individual deprecation warnings.
See https://docs.gradle.org/5.4.1/userguide/command_line_interface.html#sec:command_line_warnings

BUILD FAILED in 1m 28s
52 actionable tasks: 10 executed, 42 up-to-date

BLR1MRSDSP0002:android_plugin_account_center a803506





obeygodz@yopmail.com
qwerty123

hackedqwerty4522@yopmail.com
lol123